Using pre-set license
Built from '6000.0/staging' branch; Version is '6000.0.30f1 (62b05ba0686a) revision 6467675'; Using compiler version '193933523'; Build Type 'Release'
OS: 'Windows 11  (10.0.22631) 64bit CoreSingleLanguage' Language: 'ru' Physical Memory: 15713 MB
BatchMode: 1, IsHumanControllingUs: 0, StartBugReporterOnCrash: 0, Is64bit: 1, IsPro: 1

COMMAND LINE ARGUMENTS:
C:\Program Files\Unity\Hub\Editor\6000.0.30f1\Editor\Unity.exe
-adb2
-batchMode
-noUpm
-name
AssetImportWorker16
-projectPath
C:/Users/krasi/OneDrive/Документы/GitHub/popaaa123
-logFile
Logs/AssetImportWorker16.log
-srvPort
51962
-job-worker-count
7
-background-job-worker-count
8
-asset-garbage-collectors
1
Successfully changed project path to: C:/Users/krasi/OneDrive/Документы/GitHub/popaaa123
C:/Users/krasi/OneDrive/Документы/GitHub/popaaa123
[UnityMemory] Configuration Parameters - Can be set up in boot.config
    "memorysetup-bucket-allocator-granularity=16"
    "memorysetup-bucket-allocator-bucket-count=8"
    "memorysetup-bucket-allocator-block-size=33554432"
    "memorysetup-bucket-allocator-block-count=8"
    "memorysetup-main-allocator-block-size=16777216"
    "memorysetup-thread-allocator-block-size=16777216"
    "memorysetup-gfx-main-allocator-block-size=16777216"
    "memorysetup-gfx-thread-allocator-block-size=16777216"
    "memorysetup-cache-allocator-block-size=4194304"
    "memorysetup-typetree-allocator-block-size=2097152"
    "memorysetup-profiler-bucket-allocator-granularity=16"
    "memorysetup-profiler-bucket-allocator-bucket-count=8"
    "memorysetup-profiler-bucket-allocator-block-size=33554432"
    "memorysetup-profiler-bucket-allocator-block-count=8"
    "memorysetup-profiler-allocator-block-size=16777216"
    "memorysetup-profiler-editor-allocator-block-size=1048576"
    "memorysetup-temp-allocator-size-main=16777216"
    "memorysetup-job-temp-allocator-block-size=2097152"
    "memorysetup-job-temp-allocator-block-size-background=1048576"
    "memorysetup-job-temp-allocator-reduction-small-platforms=262144"
    "memorysetup-allocator-temp-initial-block-size-main=262144"
    "memorysetup-allocator-temp-initial-block-size-worker=262144"
    "memorysetup-temp-allocator-size-background-worker=32768"
    "memorysetup-temp-allocator-size-job-worker=262144"
    "memorysetup-temp-allocator-size-preload-manager=33554432"
    "memorysetup-temp-allocator-size-nav-mesh-worker=65536"
    "memorysetup-temp-allocator-size-audio-worker=65536"
    "memorysetup-temp-allocator-size-cloud-worker=32768"
    "memorysetup-temp-allocator-size-gi-baking-worker=262144"
    "memorysetup-temp-allocator-size-gi-baking-worker=262144"
    "memorysetup-temp-allocator-size-gi-baking-worker=262144"
    "memorysetup-temp-allocator-size-gi-baking-worker=262144"
    "memorysetup-temp-allocator-size-gi-baking-worker=262144"
    "memorysetup-temp-allocator-size-gfx=262144"
Player connection [15936]  Target information:

Player connection [15936]  * "[IP] 10.0.85.2 [Port] 0 [Flags] 2 [Guid] 1943784046 [EditorId] 1943784046 [Version] 1048832 [Id] WindowsEditor(7,novutbuk) [Debug] 1 [PackageName] WindowsEditor [ProjectName] Editor" 

Player connection [15936]  * "[IP] 172.16.58.8 [Port] 0 [Flags] 2 [Guid] 1943784046 [EditorId] 1943784046 [Version] 1048832 [Id] WindowsEditor(7,novutbuk) [Debug] 1 [PackageName] WindowsEditor [ProjectName] Editor" 

Player connection [15936] Host joined multi-casting on [225.0.0.222:54997]...
Player connection [15936] Host joined alternative multi-casting on [225.0.0.222:34997]...
JobSystem: Creating JobQueue using job-worker-count value 7
[Physics::Module] Initialized fallback backend.
[Physics::Module] Id: 0xdecafbad
Library Redirect Path: Library/
[Physics::Module] Selected backend.
[Physics::Module] Name: PhysX
[Physics::Module] Id: 0xf2b8ea05
[Physics::Module] SDK Version: 4.1.2
[Physics::Module] Integration Version: 1.0.0
[Physics::Module] Threading Mode: Multi-Threaded
Refreshing native plugins compatible for Editor in 6.02 ms, found 4 plugins.
Preloading 0 native plugins for Editor in 0.00 ms.
Initialize engine version: 6000.0.30f1 (62b05ba0686a)
[Subsystems] Discovering subsystems at path C:/Program Files/Unity/Hub/Editor/6000.0.30f1/Editor/Data/Resources/UnitySubsystems
[Subsystems] Discovering subsystems at path C:/Users/krasi/OneDrive/Документы/GitHub/popaaa123/Assets
GfxDevice: creating device client; kGfxThreadingModeNonThreaded
Direct3D:
    Version:  Direct3D 11.0 [level 11.1]
    Renderer: NVIDIA GeForce RTX 3060 Laptop GPU (ID=0x2520)
    Vendor:   NVIDIA
    VRAM:     5996 MB
    Driver:   32.0.15.5613
Initialize mono
Mono path[0] = 'C:/Program Files/Unity/Hub/Editor/6000.0.30f1/Editor/Data/Managed'
Mono path[1] = 'C:/Program Files/Unity/Hub/Editor/6000.0.30f1/Editor/Data/MonoBleedingEdge/lib/mono/unityjit-win32'
Mono config path = 'C:/Program Files/Unity/Hub/Editor/6000.0.30f1/Editor/Data/MonoBleedingEdge/etc'
Using monoOptions --debugger-agent=transport=dt_socket,embedding=1,server=y,suspend=n,address=127.0.0.1:56264
Begin MonoManager ReloadAssembly
Registering precompiled unity dll's ...
Register platform support module: C:/Program Files/Unity/Hub/Editor/6000.0.30f1/Editor/Data/PlaybackEngines/WebGLSupport/UnityEditor.WebGL.Extensions.dll
Register platform support module: C:/Program Files/Unity/Hub/Editor/6000.0.30f1/Editor/Data/PlaybackEngines/WindowsStandaloneSupport/UnityEditor.WindowsStandalone.Extensions.dll
Registered in 0.010694 seconds.
- Loaded All Assemblies, in  0.681 seconds
Native extension for WindowsStandalone target not found
Native extension for WebGL target not found
Mono: successfully reloaded assembly
- Finished resetting the current domain, in  0.559 seconds
Domain Reload Profiling: 1233ms
	BeginReloadAssembly (234ms)
		ExecutionOrderSort (0ms)
		DisableScriptedObjects (0ms)
		BackupInstance (0ms)
		ReleaseScriptingObjects (0ms)
		CreateAndSetChildDomain (1ms)
	RebuildCommonClasses (55ms)
	RebuildNativeTypeToScriptingClass (28ms)
	initialDomainReloadingComplete (101ms)
	LoadAllAssembliesAndSetupDomain (257ms)
		LoadAssemblies (229ms)
		RebuildTransferFunctionScriptingTraits (0ms)
		AnalyzeDomain (251ms)
			TypeCache.Refresh (249ms)
				TypeCache.ScanAssembly (226ms)
			BuildScriptInfoCaches (0ms)
			ResolveRequiredComponents (1ms)
	FinalizeReload (559ms)
		ReleaseScriptCaches (0ms)
		RebuildScriptCaches (0ms)
		SetupLoadedEditorAssemblies (476ms)
			LogAssemblyErrors (0ms)
			InitializePlatformSupportModulesInManaged (49ms)
			SetLoadedEditorAssemblies (7ms)
			BeforeProcessingInitializeOnLoad (90ms)
			ProcessInitializeOnLoadAttributes (238ms)
			ProcessInitializeOnLoadMethodAttributes (92ms)
			AfterProcessingInitializeOnLoad (0ms)
			EditorAssembliesLoaded (0ms)
		ExecutionOrderSort2 (0ms)
		AwakeInstancesAfterBackupRestoration (0ms)
========================================================================
Worker process is ready to serve import requests
Import Worker Mode flag is 0x00
Begin MonoManager ReloadAssembly
- Loaded All Assemblies, in  1.447 seconds
Refreshing native plugins compatible for Editor in 4.76 ms, found 4 plugins.
Native extension for WindowsStandalone target not found
Native extension for WebGL target not found
Mono: successfully reloaded assembly
- Finished resetting the current domain, in  1.331 seconds
Domain Reload Profiling: 2768ms
	BeginReloadAssembly (301ms)
		ExecutionOrderSort (0ms)
		DisableScriptedObjects (10ms)
		BackupInstance (0ms)
		ReleaseScriptingObjects (0ms)
		CreateAndSetChildDomain (53ms)
	RebuildCommonClasses (60ms)
	RebuildNativeTypeToScriptingClass (19ms)
	initialDomainReloadingComplete (73ms)
	LoadAllAssembliesAndSetupDomain (984ms)
		LoadAssemblies (635ms)
		RebuildTransferFunctionScriptingTraits (0ms)
		AnalyzeDomain (516ms)
			TypeCache.Refresh (322ms)
				TypeCache.ScanAssembly (296ms)
			BuildScriptInfoCaches (170ms)
			ResolveRequiredComponents (21ms)
	FinalizeReload (1332ms)
		ReleaseScriptCaches (0ms)
		RebuildScriptCaches (0ms)
		SetupLoadedEditorAssemblies (1108ms)
			LogAssemblyErrors (0ms)
			InitializePlatformSupportModulesInManaged (4ms)
			SetLoadedEditorAssemblies (9ms)
			BeforeProcessingInitializeOnLoad (217ms)
			ProcessInitializeOnLoadAttributes (696ms)
			ProcessInitializeOnLoadMethodAttributes (172ms)
			AfterProcessingInitializeOnLoad (11ms)
			EditorAssembliesLoaded (0ms)
		ExecutionOrderSort2 (0ms)
		AwakeInstancesAfterBackupRestoration (10ms)
Launched and connected shader compiler UnityShaderCompiler.exe after 0.02 seconds
Refreshing native plugins compatible for Editor in 3.17 ms, found 4 plugins.
Preloading 0 native plugins for Editor in 0.00 ms.
Unloading 266 Unused Serialized files (Serialized files now loaded: 0)
Unloading 6707 unused Assets / (6.6 MB). Loaded Objects now: 7432.
Memory consumption went from 192.2 MB to 185.6 MB.
Total: 13.998900 ms (FindLiveObjects: 0.995900 ms CreateObjectMapping: 0.910300 ms MarkObjects: 8.057100 ms  DeleteObjects: 4.031900 ms)

========================================================================
Received Import Request.
  Time since last request: 3320.532279 seconds.
  path: Assets/Pics/CosmicLilac_Tiles_01.png
  artifactKey: Guid(b53aefe809e78fa49afd77ce7c6df565) Importer(815301076,1909f56bfc062723c751e8b465ee728b)
Start importing Assets/Pics/CosmicLilac_Tiles_01.png using Guid(b53aefe809e78fa49afd77ce7c6df565) Importer(815301076,1909f56bfc062723c751e8b465ee728b) (PreviewImporter) -> (artifact id: 'c0cc5f88849d0c9922fd2e189ef76ceb') in 0.2266356 seconds
Number of updated asset objects reloaded before import = 0Number of asset objects unloaded after import = 3

========================================================================
Received Import Request.
  Time since last request: 0.125594 seconds.
  path: Assets/Pics/!$Fan_B_0_06_0.asset
  artifactKey: Guid(c73c1da9f6563bf4fa7f3fb46a01764d) Importer(815301076,1909f56bfc062723c751e8b465ee728b)
Start importing Assets/Pics/!$Fan_B_0_06_0.asset using Guid(c73c1da9f6563bf4fa7f3fb46a01764d) Importer(815301076,1909f56bfc062723c751e8b465ee728b) (PreviewImporter) -> (artifact id: 'c91446518fb9a56f2667e6a58fcf4d35') in 0.041026 seconds
Number of updated asset objects reloaded before import = 0Number of asset objects unloaded after import = 3

========================================================================
Received Import Request.
  Time since last request: 0.000022 seconds.
  path: Assets/Pics/!$Fan_B_0_07_0.asset
  artifactKey: Guid(ae0423e90893e854b80883083a8f6338) Importer(815301076,1909f56bfc062723c751e8b465ee728b)
Start importing Assets/Pics/!$Fan_B_0_07_0.asset using Guid(ae0423e90893e854b80883083a8f6338) Importer(815301076,1909f56bfc062723c751e8b465ee728b) (PreviewImporter) -> (artifact id: 'd7fceb1b3a322a78aec9efbc2b790743') in 0.02015 seconds
Number of updated asset objects reloaded before import = 0Number of asset objects unloaded after import = 3

========================================================================
Received Import Request.
  Time since last request: 0.000037 seconds.
  path: Assets/Pics/!$Fan_B_0_08_0.asset
  artifactKey: Guid(033eb0ddc70259147954ce60498c333d) Importer(815301076,1909f56bfc062723c751e8b465ee728b)
Start importing Assets/Pics/!$Fan_B_0_08_0.asset using Guid(033eb0ddc70259147954ce60498c333d) Importer(815301076,1909f56bfc062723c751e8b465ee728b) (PreviewImporter) -> (artifact id: '167f01e0e9a882a3c6bbca183d7beda1') in 0.0208575 seconds
Number of updated asset objects reloaded before import = 0Number of asset objects unloaded after import = 3

========================================================================
Received Import Request.
  Time since last request: 0.000041 seconds.
  path: Assets/Pics/!$Fan_B_0_12.png
  artifactKey: Guid(b02a50ccd4baa6e47910aecde64fb24f) Importer(815301076,1909f56bfc062723c751e8b465ee728b)
Start importing Assets/Pics/!$Fan_B_0_12.png using Guid(b02a50ccd4baa6e47910aecde64fb24f) Importer(815301076,1909f56bfc062723c751e8b465ee728b) (PreviewImporter) -> (artifact id: '1f213a162ea6b9f763ff805f806db0f6') in 0.0254592 seconds
Number of updated asset objects reloaded before import = 0Number of asset objects unloaded after import = 3

========================================================================
Received Import Request.
  Time since last request: 0.189837 seconds.
  path: Assets/Pics/!$Fan_B_0_02_0.asset
  artifactKey: Guid(8685d73e1e4276840a4773be82fac74d) Importer(815301076,1909f56bfc062723c751e8b465ee728b)
Start importing Assets/Pics/!$Fan_B_0_02_0.asset using Guid(8685d73e1e4276840a4773be82fac74d) Importer(815301076,1909f56bfc062723c751e8b465ee728b) (PreviewImporter) -> (artifact id: 'a2b811728bfd679f2c67d251e54f4a13') in 0.0304425 seconds
Number of updated asset objects reloaded before import = 0Number of asset objects unloaded after import = 3

========================================================================
Received Import Request.
  Time since last request: 0.000031 seconds.
  path: Assets/Pics/!$Fan_B_0_03_0.asset
  artifactKey: Guid(7aad66caebd18824fa72008bb795e92b) Importer(815301076,1909f56bfc062723c751e8b465ee728b)
Start importing Assets/Pics/!$Fan_B_0_03_0.asset using Guid(7aad66caebd18824fa72008bb795e92b) Importer(815301076,1909f56bfc062723c751e8b465ee728b) (PreviewImporter) -> (artifact id: '8adc39e8a3e12e47366daeedf31b1209') in 0.0243617 seconds
Number of updated asset objects reloaded before import = 0Number of asset objects unloaded after import = 3

========================================================================
Received Import Request.
  Time since last request: 0.771997 seconds.
  path: Assets/Pics/ShanDspElectronicsChipsDemo_16_0.asset
  artifactKey: Guid(e1370f05cba629a4aa2cf3db79d9f8c7) Importer(815301076,1909f56bfc062723c751e8b465ee728b)
Start importing Assets/Pics/ShanDspElectronicsChipsDemo_16_0.asset using Guid(e1370f05cba629a4aa2cf3db79d9f8c7) Importer(815301076,1909f56bfc062723c751e8b465ee728b) (PreviewImporter) -> (artifact id: 'b18822e5f69d8ab8f175668779b20194') in 0.0225553 seconds
Number of updated asset objects reloaded before import = 0Number of asset objects unloaded after import = 3

========================================================================
Received Import Request.
  Time since last request: 0.000021 seconds.
  path: Assets/Pics/ShanDspElectronicsChipsDemo_21.png
  artifactKey: Guid(e20909220a1fbd14a87d88a8acf44833) Importer(815301076,1909f56bfc062723c751e8b465ee728b)
Start importing Assets/Pics/ShanDspElectronicsChipsDemo_21.png using Guid(e20909220a1fbd14a87d88a8acf44833) Importer(815301076,1909f56bfc062723c751e8b465ee728b) (PreviewImporter) -> (artifact id: 'e67c91665524753b0c5b86fa69767c4f') in 0.0252747 seconds
Number of updated asset objects reloaded before import = 0Number of asset objects unloaded after import = 3

========================================================================
Received Import Request.
  Time since last request: 0.000032 seconds.
  path: Assets/Pics/ShanDspElectronicsChipsDemo_20.png
  artifactKey: Guid(bc0e605820482eb4d8c52b5debb4d0d6) Importer(815301076,1909f56bfc062723c751e8b465ee728b)
Start importing Assets/Pics/ShanDspElectronicsChipsDemo_20.png using Guid(bc0e605820482eb4d8c52b5debb4d0d6) Importer(815301076,1909f56bfc062723c751e8b465ee728b) (PreviewImporter) -> (artifact id: '8df08428542ce0af9120f13970e265d7') in 0.0259666 seconds
Number of updated asset objects reloaded before import = 0Number of asset objects unloaded after import = 3

========================================================================
Received Import Request.
  Time since last request: 0.000022 seconds.
  path: Assets/Pics/ShanDspElectronicsChipsDemo_18_0.asset
  artifactKey: Guid(f30172a1d0563034891c96eb76b999c0) Importer(815301076,1909f56bfc062723c751e8b465ee728b)
Start importing Assets/Pics/ShanDspElectronicsChipsDemo_18_0.asset using Guid(f30172a1d0563034891c96eb76b999c0) Importer(815301076,1909f56bfc062723c751e8b465ee728b) (PreviewImporter) -> (artifact id: 'dfd04492d92ce131ec292d1b0eb64501') in 0.0170493 seconds
Number of updated asset objects reloaded before import = 0Number of asset objects unloaded after import = 3

========================================================================
Received Import Request.
  Time since last request: 0.000025 seconds.
  path: Assets/Pics/ShanDspElectronicsCondensatorYellowDemo_01_0.asset
  artifactKey: Guid(89c95d57cc0776b40a0b01643f7716b8) Importer(815301076,1909f56bfc062723c751e8b465ee728b)
Start importing Assets/Pics/ShanDspElectronicsCondensatorYellowDemo_01_0.asset using Guid(89c95d57cc0776b40a0b01643f7716b8) Importer(815301076,1909f56bfc062723c751e8b465ee728b) (PreviewImporter) -> (artifact id: 'a26e6946112e90ac6a0bb9393eb9ae04') in 0.0246937 seconds
Number of updated asset objects reloaded before import = 0Number of asset objects unloaded after import = 3

========================================================================
Received Import Request.
  Time since last request: 0.000023 seconds.
  path: Assets/Pics/ShanDspElectronicsCondensatorYellowDemo_03.png
  artifactKey: Guid(78dfb0cfce95877448b6c6da2ab4a092) Importer(815301076,1909f56bfc062723c751e8b465ee728b)
Start importing Assets/Pics/ShanDspElectronicsCondensatorYellowDemo_03.png using Guid(78dfb0cfce95877448b6c6da2ab4a092) Importer(815301076,1909f56bfc062723c751e8b465ee728b) (PreviewImporter) -> (artifact id: 'a7cad61586cc178e66734c27f64af4e0') in 0.028897 seconds
Number of updated asset objects reloaded before import = 0Number of asset objects unloaded after import = 3

========================================================================
Received Import Request.
  Time since last request: 28.314683 seconds.
  path: Assets/Pics/ShanDspElectronicsCondensatorYellowDemo_13.png
  artifactKey: Guid(f484fa746abe8674399aa3ba6bfd27b6) Importer(815301076,1909f56bfc062723c751e8b465ee728b)
Start importing Assets/Pics/ShanDspElectronicsCondensatorYellowDemo_13.png using Guid(f484fa746abe8674399aa3ba6bfd27b6) Importer(815301076,1909f56bfc062723c751e8b465ee728b) (PreviewImporter) -> (artifact id: 'ae9599ef918bf275bc6f4446b0aaff32') in 0.0309154 seconds
Number of updated asset objects reloaded before import = 0Number of asset objects unloaded after import = 3

========================================================================
Received Import Request.
  Time since last request: 0.000026 seconds.
  path: Assets/Pics/ShanDspElectronicsCondensatorYellowDemo_18.png
  artifactKey: Guid(99f06eb9bca4eb3499ff9f249f5d3d04) Importer(815301076,1909f56bfc062723c751e8b465ee728b)
Start importing Assets/Pics/ShanDspElectronicsCondensatorYellowDemo_18.png using Guid(99f06eb9bca4eb3499ff9f249f5d3d04) Importer(815301076,1909f56bfc062723c751e8b465ee728b) (PreviewImporter) -> (artifact id: 'c63ddcda7b40c70a8bbf84d929acde60') in 0.0211836 seconds
Number of updated asset objects reloaded before import = 0Number of asset objects unloaded after import = 3

========================================================================
Received Import Request.
  Time since last request: 55.966182 seconds.
  path: Assets/Pics/ShanDspElectronicsCondensatorYellowDemo_22.png
  artifactKey: Guid(b24ced70ed9c51b42b28b89d850323b3) Importer(815301076,1909f56bfc062723c751e8b465ee728b)
Start importing Assets/Pics/ShanDspElectronicsCondensatorYellowDemo_22.png using Guid(b24ced70ed9c51b42b28b89d850323b3) Importer(815301076,1909f56bfc062723c751e8b465ee728b) (PreviewImporter) -> (artifact id: '9015906533b1858408d0df84ed8538af') in 0.0539579 seconds
Number of updated asset objects reloaded before import = 0Number of asset objects unloaded after import = 3

========================================================================
Received Import Request.
  Time since last request: 0.000031 seconds.
  path: Assets/Pics/tumblr_d3f2ba17ae776b393d2c063973542166_9fbbe8a4_540 1.png
  artifactKey: Guid(9a1979dcb66693845bee05b6dcdb2530) Importer(815301076,1909f56bfc062723c751e8b465ee728b)
Start importing Assets/Pics/tumblr_d3f2ba17ae776b393d2c063973542166_9fbbe8a4_540 1.png using Guid(9a1979dcb66693845bee05b6dcdb2530) Importer(815301076,1909f56bfc062723c751e8b465ee728b) (PreviewImporter) -> (artifact id: '7a8b64ba1794e916674f1dcec3056b41') in 0.0344122 seconds
Number of updated asset objects reloaded before import = 0Number of asset objects unloaded after import = 3

========================================================================
Received Import Request.
  Time since last request: 0.000023 seconds.
  path: Assets/Pics/white scan.png
  artifactKey: Guid(2af9fe76da2c7834793b2158c6378c44) Importer(815301076,1909f56bfc062723c751e8b465ee728b)
Start importing Assets/Pics/white scan.png using Guid(2af9fe76da2c7834793b2158c6378c44) Importer(815301076,1909f56bfc062723c751e8b465ee728b) (PreviewImporter) -> (artifact id: 'ae3c8fac58a0723deedf38df9d3301d1') in 0.0237105 seconds
Number of updated asset objects reloaded before import = 0Number of asset objects unloaded after import = 3

========================================================================
Received Import Request.
  Time since last request: 0.000030 seconds.
  path: Assets/Pics/ShanDspElectronicsCondensatorYellowDemo_26.png
  artifactKey: Guid(4c96cc080b765534186fbcfa91cdcbb8) Importer(815301076,1909f56bfc062723c751e8b465ee728b)
Start importing Assets/Pics/ShanDspElectronicsCondensatorYellowDemo_26.png using Guid(4c96cc080b765534186fbcfa91cdcbb8) Importer(815301076,1909f56bfc062723c751e8b465ee728b) (PreviewImporter) -> (artifact id: '3733e94c6c74a50555e50b3256f74345') in 0.0252018 seconds
Number of updated asset objects reloaded before import = 0Number of asset objects unloaded after import = 3

========================================================================
Received Import Request.
  Time since last request: 0.000037 seconds.
  path: Assets/Pics/Sprite-0001 2 1.png
  artifactKey: Guid(74697e3354ad7774a950df17abce113a) Importer(815301076,1909f56bfc062723c751e8b465ee728b)
Start importing Assets/Pics/Sprite-0001 2 1.png using Guid(74697e3354ad7774a950df17abce113a) Importer(815301076,1909f56bfc062723c751e8b465ee728b) (PreviewImporter) -> (artifact id: '6cc079e277398ff428e622d5d5309e7e') in 0.0280644 seconds
Number of updated asset objects reloaded before import = 0Number of asset objects unloaded after import = 3

Editor requested this worker to shutdown with reason: Scaling down because of idle timeout
AssetImportWorker is now disconnected from the server
Process exiting
Exiting without the bug reporter. Application will terminate with return code 0