Using pre-set license
Built from '6000.0/staging' branch; Version is '6000.0.24f1 (11fa355cd605) revision 1178165'; Using compiler version '193933523'; Build Type 'Release'
OS: 'Windows 11  (10.0.26100) 64bit Professional' Language: 'ru' Physical Memory: 16220 MB
BatchMode: 1, IsHumanControllingUs: 0, StartBugReporterOnCrash: 0, Is64bit: 1, IsPro: 1

COMMAND LINE ARGUMENTS:
C:\Program Files\Unity\Hub\Editor\6000.0.24f1\Editor\Unity.exe
-adb2
-batchMode
-noUpm
-name
AssetImportWorker11
-projectPath
C:/Users/user/Downloads/popaaa123
-logFile
Logs/AssetImportWorker11.log
-srvPort
54715
-job-worker-count
5
-background-job-worker-count
8
-asset-garbage-collectors
1
Successfully changed project path to: C:/Users/user/Downloads/popaaa123
C:/Users/user/Downloads/popaaa123
[UnityMemory] Configuration Parameters - Can be set up in boot.config
    "memorysetup-bucket-allocator-granularity=16"
    "memorysetup-bucket-allocator-bucket-count=8"
    "memorysetup-bucket-allocator-block-size=33554432"
    "memorysetup-bucket-allocator-block-count=8"
    "memorysetup-main-allocator-block-size=16777216"
    "memorysetup-thread-allocator-block-size=16777216"
    "memorysetup-gfx-main-allocator-block-size=16777216"
    "memorysetup-gfx-thread-allocator-block-size=16777216"
    "memorysetup-cache-allocator-block-size=4194304"
    "memorysetup-typetree-allocator-block-size=2097152"
    "memorysetup-profiler-bucket-allocator-granularity=16"
    "memorysetup-profiler-bucket-allocator-bucket-count=8"
    "memorysetup-profiler-bucket-allocator-block-size=33554432"
    "memorysetup-profiler-bucket-allocator-block-count=8"
    "memorysetup-profiler-allocator-block-size=16777216"
    "memorysetup-profiler-editor-allocator-block-size=1048576"
    "memorysetup-temp-allocator-size-main=16777216"
    "memorysetup-job-temp-allocator-block-size=2097152"
    "memorysetup-job-temp-allocator-block-size-background=1048576"
    "memorysetup-job-temp-allocator-reduction-small-platforms=262144"
    "memorysetup-allocator-temp-initial-block-size-main=262144"
    "memorysetup-allocator-temp-initial-block-size-worker=262144"
    "memorysetup-temp-allocator-size-background-worker=32768"
    "memorysetup-temp-allocator-size-job-worker=262144"
    "memorysetup-temp-allocator-size-preload-manager=33554432"
    "memorysetup-temp-allocator-size-nav-mesh-worker=65536"
    "memorysetup-temp-allocator-size-audio-worker=65536"
    "memorysetup-temp-allocator-size-cloud-worker=32768"
    "memorysetup-temp-allocator-size-gi-baking-worker=262144"
    "memorysetup-temp-allocator-size-gi-baking-worker=262144"
    "memorysetup-temp-allocator-size-gi-baking-worker=262144"
    "memorysetup-temp-allocator-size-gi-baking-worker=262144"
    "memorysetup-temp-allocator-size-gi-baking-worker=262144"
    "memorysetup-temp-allocator-size-gfx=262144"
Player connection [27528]  Target information:

Player connection [27528]  * "[IP] 192.168.0.101 [Port] 0 [Flags] 2 [Guid] 1903640615 [EditorId] 1903640615 [Version] 1048832 [Id] WindowsEditor(7,HOME-PC) [Debug] 1 [PackageName] WindowsEditor [ProjectName] Editor" 

Player connection [27528]  * "[IP] 26.32.161.139 [Port] 0 [Flags] 2 [Guid] 1903640615 [EditorId] 1903640615 [Version] 1048832 [Id] WindowsEditor(7,HOME-PC) [Debug] 1 [PackageName] WindowsEditor [ProjectName] Editor" 

Player connection [27528] Host joined multi-casting on [225.0.0.222:54997]...
Player connection [27528] Host joined alternative multi-casting on [225.0.0.222:34997]...
JobSystem: Creating JobQueue using job-worker-count value 5
[Physics::Module] Initialized fallback backend.
[Physics::Module] Id: 0xdecafbad
Library Redirect Path: Library/
[Physics::Module] Selected backend.
[Physics::Module] Name: PhysX
[Physics::Module] Id: 0xf2b8ea05
[Physics::Module] SDK Version: 4.1.2
[Physics::Module] Integration Version: 1.0.0
[Physics::Module] Threading Mode: Multi-Threaded
Refreshing native plugins compatible for Editor in 2.61 ms, found 4 plugins.
Preloading 0 native plugins for Editor in 0.00 ms.
Initialize engine version: 6000.0.24f1 (11fa355cd605)
[Subsystems] Discovering subsystems at path C:/Program Files/Unity/Hub/Editor/6000.0.24f1/Editor/Data/Resources/UnitySubsystems
[Subsystems] Discovering subsystems at path C:/Users/user/Downloads/popaaa123/Assets
GfxDevice: creating device client; kGfxThreadingModeNonThreaded
Direct3D:
    Version:  Direct3D 11.0 [level 11.1]
    Renderer: NVIDIA GeForce RTX 4070 (ID=0x2786)
    Vendor:   NVIDIA
    VRAM:     12012 MB
    Driver:   32.0.15.6094
Initialize mono
Mono path[0] = 'C:/Program Files/Unity/Hub/Editor/6000.0.24f1/Editor/Data/Managed'
Mono path[1] = 'C:/Program Files/Unity/Hub/Editor/6000.0.24f1/Editor/Data/MonoBleedingEdge/lib/mono/unityjit-win32'
Mono config path = 'C:/Program Files/Unity/Hub/Editor/6000.0.24f1/Editor/Data/MonoBleedingEdge/etc'
Using monoOptions --debugger-agent=transport=dt_socket,embedding=1,server=y,suspend=n,address=127.0.0.1:56252
Begin MonoManager ReloadAssembly
Registering precompiled unity dll's ...
Register platform support module: C:/Program Files/Unity/Hub/Editor/6000.0.24f1/Editor/Data/PlaybackEngines/WindowsStandaloneSupport/UnityEditor.WindowsStandalone.Extensions.dll
Registered in 0.002083 seconds.
- Loaded All Assemblies, in  0.456 seconds
Native extension for WindowsStandalone target not found
Mono: successfully reloaded assembly
- Finished resetting the current domain, in  0.483 seconds
Domain Reload Profiling: 939ms
	BeginReloadAssembly (178ms)
		ExecutionOrderSort (0ms)
		DisableScriptedObjects (0ms)
		BackupInstance (0ms)
		ReleaseScriptingObjects (0ms)
		CreateAndSetChildDomain (1ms)
	RebuildCommonClasses (38ms)
	RebuildNativeTypeToScriptingClass (14ms)
	initialDomainReloadingComplete (48ms)
	LoadAllAssembliesAndSetupDomain (178ms)
		LoadAssemblies (176ms)
		RebuildTransferFunctionScriptingTraits (0ms)
		AnalyzeDomain (175ms)
			TypeCache.Refresh (172ms)
				TypeCache.ScanAssembly (156ms)
			BuildScriptInfoCaches (0ms)
			ResolveRequiredComponents (1ms)
	FinalizeReload (484ms)
		ReleaseScriptCaches (0ms)
		RebuildScriptCaches (0ms)
		SetupLoadedEditorAssemblies (425ms)
			LogAssemblyErrors (0ms)
			InitializePlatformSupportModulesInManaged (28ms)
			SetLoadedEditorAssemblies (6ms)
			BeforeProcessingInitializeOnLoad (8ms)
			ProcessInitializeOnLoadAttributes (258ms)
			ProcessInitializeOnLoadMethodAttributes (119ms)
			AfterProcessingInitializeOnLoad (6ms)
			EditorAssembliesLoaded (0ms)
		ExecutionOrderSort2 (0ms)
		AwakeInstancesAfterBackupRestoration (0ms)
========================================================================
Worker process is ready to serve import requests
Import Worker Mode flag is 0x00
Begin MonoManager ReloadAssembly
- Loaded All Assemblies, in  1.322 seconds
Refreshing native plugins compatible for Editor in 2.22 ms, found 4 plugins.
Native extension for WindowsStandalone target not found
Mono: successfully reloaded assembly
- Finished resetting the current domain, in  1.300 seconds
Domain Reload Profiling: 2620ms
	BeginReloadAssembly (414ms)
		ExecutionOrderSort (0ms)
		DisableScriptedObjects (5ms)
		BackupInstance (0ms)
		ReleaseScriptingObjects (0ms)
		CreateAndSetChildDomain (45ms)
	RebuildCommonClasses (46ms)
	RebuildNativeTypeToScriptingClass (10ms)
	initialDomainReloadingComplete (37ms)
	LoadAllAssembliesAndSetupDomain (813ms)
		LoadAssemblies (596ms)
		RebuildTransferFunctionScriptingTraits (0ms)
		AnalyzeDomain (344ms)
			TypeCache.Refresh (244ms)
				TypeCache.ScanAssembly (214ms)
			BuildScriptInfoCaches (86ms)
			ResolveRequiredComponents (11ms)
	FinalizeReload (1301ms)
		ReleaseScriptCaches (0ms)
		RebuildScriptCaches (0ms)
		SetupLoadedEditorAssemblies (967ms)
			LogAssemblyErrors (0ms)
			InitializePlatformSupportModulesInManaged (4ms)
			SetLoadedEditorAssemblies (9ms)
			BeforeProcessingInitializeOnLoad (196ms)
			ProcessInitializeOnLoadAttributes (637ms)
			ProcessInitializeOnLoadMethodAttributes (115ms)
			AfterProcessingInitializeOnLoad (6ms)
			EditorAssembliesLoaded (0ms)
		ExecutionOrderSort2 (0ms)
		AwakeInstancesAfterBackupRestoration (6ms)
Launched and connected shader compiler UnityShaderCompiler.exe after 0.02 seconds
Refreshing native plugins compatible for Editor in 1.51 ms, found 4 plugins.
Preloading 0 native plugins for Editor in 0.00 ms.
Unloading 267 Unused Serialized files (Serialized files now loaded: 0)
Unloading 6705 unused Assets / (5.6 MB). Loaded Objects now: 7533.
Memory consumption went from 219.4 MB to 213.8 MB.
Total: 26.115600 ms (FindLiveObjects: 2.604800 ms CreateObjectMapping: 2.090100 ms MarkObjects: 12.628200 ms  DeleteObjects: 8.789700 ms)

========================================================================
Received Import Request.
  Time since last request: 39069.729462 seconds.
  path: Assets/Hp
  artifactKey: Guid(59619061f27de484a8ef9813bf00f422) Importer(815301076,1909f56bfc062723c751e8b465ee728b)
Start importing Assets/Hp using Guid(59619061f27de484a8ef9813bf00f422) Importer(815301076,1909f56bfc062723c751e8b465ee728b) (PreviewImporter) -> (artifact id: '4b2a153a0e84f6150ef5bbfae0f94360') in 0.0072522 seconds
Number of updated asset objects reloaded before import = 0Number of asset objects unloaded after import = 0

========================================================================
Received Import Request.
  Time since last request: 42.562016 seconds.
  path: Assets/anim
  artifactKey: Guid(b0470408cf4fc3143942844de5fc4e3c) Importer(815301076,1909f56bfc062723c751e8b465ee728b)
Start importing Assets/anim using Guid(b0470408cf4fc3143942844de5fc4e3c) Importer(815301076,1909f56bfc062723c751e8b465ee728b) (PreviewImporter) -> (artifact id: '1aaadfb323f2ee84c53f18ef0b3229d4') in 0.0010543 seconds
Number of updated asset objects reloaded before import = 0Number of asset objects unloaded after import = 0

========================================================================
Received Import Request.
  Time since last request: 2.942927 seconds.
  path: Assets/+ammo.anim
  artifactKey: Guid(f25c7689564edca4285fa1225d1b5745) Importer(815301076,1909f56bfc062723c751e8b465ee728b)
Start importing Assets/+ammo.anim using Guid(f25c7689564edca4285fa1225d1b5745) Importer(815301076,1909f56bfc062723c751e8b465ee728b) (PreviewImporter) -> (artifact id: '312e27640e6fd40680614b43b449383a') in 0.0161407 seconds
Number of updated asset objects reloaded before import = 0Number of asset objects unloaded after import = 1

========================================================================
Received Import Request.
  Time since last request: 14.088020 seconds.
  path: Assets/PP
  artifactKey: Guid(264cdb7b519ded4478c5248e0c522afa) Importer(815301076,1909f56bfc062723c751e8b465ee728b)
Start importing Assets/PP using Guid(264cdb7b519ded4478c5248e0c522afa) Importer(815301076,1909f56bfc062723c751e8b465ee728b) (PreviewImporter) -> (artifact id: '39393c2956ddf7d2e3023ce46a959385') in 0.0005629 seconds
Number of updated asset objects reloaded before import = 0Number of asset objects unloaded after import = 0

========================================================================
Received Prepare
Refreshing native plugins compatible for Editor in 2.40 ms, found 4 plugins.
Preloading 0 native plugins for Editor in 0.00 ms.
Unloading 25 Unused Serialized files (Serialized files now loaded: 0)
Unloading 6692 unused Assets / (3.5 MB). Loaded Objects now: 7536.
Memory consumption went from 174.5 MB to 171.0 MB.
Total: 32.107600 ms (FindLiveObjects: 2.028000 ms CreateObjectMapping: 2.534700 ms MarkObjects: 18.624600 ms  DeleteObjects: 8.916100 ms)

Prepare: number of updated asset objects reloaded= 0
========================================================================
Received Prepare
Begin MonoManager ReloadAssembly
- Loaded All Assemblies, in  0.953 seconds
Refreshing native plugins compatible for Editor in 0.89 ms, found 4 plugins.
Native extension for WindowsStandalone target not found
Mono: successfully reloaded assembly
- Finished resetting the current domain, in  0.896 seconds
Domain Reload Profiling: 1853ms
	BeginReloadAssembly (261ms)
		ExecutionOrderSort (0ms)
		DisableScriptedObjects (14ms)
		BackupInstance (0ms)
		ReleaseScriptingObjects (0ms)
		CreateAndSetChildDomain (76ms)
	RebuildCommonClasses (31ms)
	RebuildNativeTypeToScriptingClass (15ms)
	initialDomainReloadingComplete (30ms)
	LoadAllAssembliesAndSetupDomain (619ms)
		LoadAssemblies (522ms)
		RebuildTransferFunctionScriptingTraits (0ms)
		AnalyzeDomain (221ms)
			TypeCache.Refresh (16ms)
				TypeCache.ScanAssembly (1ms)
			BuildScriptInfoCaches (190ms)
			ResolveRequiredComponents (10ms)
	FinalizeReload (896ms)
		ReleaseScriptCaches (0ms)
		RebuildScriptCaches (0ms)
		SetupLoadedEditorAssemblies (647ms)
			LogAssemblyErrors (0ms)
			InitializePlatformSupportModulesInManaged (2ms)
			SetLoadedEditorAssemblies (6ms)
			BeforeProcessingInitializeOnLoad (137ms)
			ProcessInitializeOnLoadAttributes (442ms)
			ProcessInitializeOnLoadMethodAttributes (54ms)
			AfterProcessingInitializeOnLoad (5ms)
			EditorAssembliesLoaded (0ms)
		ExecutionOrderSort2 (0ms)
		AwakeInstancesAfterBackupRestoration (12ms)
Refreshing native plugins compatible for Editor in 2.56 ms, found 4 plugins.
Preloading 0 native plugins for Editor in 0.00 ms.
Unloading 25 Unused Serialized files (Serialized files now loaded: 0)
Unloading 6703 unused Assets / (4.4 MB). Loaded Objects now: 7539.
Memory consumption went from 177.6 MB to 173.2 MB.
Total: 25.181200 ms (FindLiveObjects: 1.918100 ms CreateObjectMapping: 2.514000 ms MarkObjects: 12.278300 ms  DeleteObjects: 8.467300 ms)

Prepare: number of updated asset objects reloaded= 0
========================================================================
Received Prepare
Begin MonoManager ReloadAssembly
- Loaded All Assemblies, in  0.781 seconds
Refreshing native plugins compatible for Editor in 1.79 ms, found 4 plugins.
Native extension for WindowsStandalone target not found
Mono: successfully reloaded assembly
- Finished resetting the current domain, in  1.119 seconds
Domain Reload Profiling: 1904ms
	BeginReloadAssembly (214ms)
		ExecutionOrderSort (0ms)
		DisableScriptedObjects (13ms)
		BackupInstance (0ms)
		ReleaseScriptingObjects (0ms)
		CreateAndSetChildDomain (64ms)
	RebuildCommonClasses (28ms)
	RebuildNativeTypeToScriptingClass (11ms)
	initialDomainReloadingComplete (22ms)
	LoadAllAssembliesAndSetupDomain (508ms)
		LoadAssemblies (386ms)
		RebuildTransferFunctionScriptingTraits (0ms)
		AnalyzeDomain (218ms)
			TypeCache.Refresh (17ms)
				TypeCache.ScanAssembly (0ms)
			BuildScriptInfoCaches (182ms)
			ResolveRequiredComponents (13ms)
	FinalizeReload (1120ms)
		ReleaseScriptCaches (0ms)
		RebuildScriptCaches (0ms)
		SetupLoadedEditorAssemblies (809ms)
			LogAssemblyErrors (0ms)
			InitializePlatformSupportModulesInManaged (2ms)
			SetLoadedEditorAssemblies (7ms)
			BeforeProcessingInitializeOnLoad (163ms)
			ProcessInitializeOnLoadAttributes (570ms)
			ProcessInitializeOnLoadMethodAttributes (60ms)
			AfterProcessingInitializeOnLoad (6ms)
			EditorAssembliesLoaded (0ms)
		ExecutionOrderSort2 (0ms)
		AwakeInstancesAfterBackupRestoration (16ms)
Refreshing native plugins compatible for Editor in 2.16 ms, found 4 plugins.
Preloading 0 native plugins for Editor in 0.00 ms.
Unloading 25 Unused Serialized files (Serialized files now loaded: 0)
Unloading 6703 unused Assets / (6.5 MB). Loaded Objects now: 7541.
Memory consumption went from 177.6 MB to 171.1 MB.
Total: 21.194600 ms (FindLiveObjects: 1.577600 ms CreateObjectMapping: 1.511300 ms MarkObjects: 10.242100 ms  DeleteObjects: 7.859200 ms)

Prepare: number of updated asset objects reloaded= 0
========================================================================
Received Prepare
Begin MonoManager ReloadAssembly
- Loaded All Assemblies, in  0.786 seconds
Refreshing native plugins compatible for Editor in 1.04 ms, found 4 plugins.
Native extension for WindowsStandalone target not found
Mono: successfully reloaded assembly
- Finished resetting the current domain, in  0.956 seconds
Domain Reload Profiling: 1744ms
	BeginReloadAssembly (224ms)
		ExecutionOrderSort (0ms)
		DisableScriptedObjects (14ms)
		BackupInstance (0ms)
		ReleaseScriptingObjects (0ms)
		CreateAndSetChildDomain (64ms)
	RebuildCommonClasses (29ms)
	RebuildNativeTypeToScriptingClass (10ms)
	initialDomainReloadingComplete (25ms)
	LoadAllAssembliesAndSetupDomain (499ms)
		LoadAssemblies (399ms)
		RebuildTransferFunctionScriptingTraits (0ms)
		AnalyzeDomain (200ms)
			TypeCache.Refresh (12ms)
				TypeCache.ScanAssembly (0ms)
			BuildScriptInfoCaches (172ms)
			ResolveRequiredComponents (12ms)
	FinalizeReload (956ms)
		ReleaseScriptCaches (0ms)
		RebuildScriptCaches (0ms)
		SetupLoadedEditorAssemblies (700ms)
			LogAssemblyErrors (0ms)
			InitializePlatformSupportModulesInManaged (2ms)
			SetLoadedEditorAssemblies (6ms)
			BeforeProcessingInitializeOnLoad (140ms)
			ProcessInitializeOnLoadAttributes (486ms)
			ProcessInitializeOnLoadMethodAttributes (59ms)
			AfterProcessingInitializeOnLoad (7ms)
			EditorAssembliesLoaded (0ms)
		ExecutionOrderSort2 (0ms)
		AwakeInstancesAfterBackupRestoration (14ms)
Refreshing native plugins compatible for Editor in 2.38 ms, found 4 plugins.
Preloading 0 native plugins for Editor in 0.00 ms.
Unloading 25 Unused Serialized files (Serialized files now loaded: 0)
Unloading 6703 unused Assets / (6.6 MB). Loaded Objects now: 7543.
Memory consumption went from 177.6 MB to 171.0 MB.
Total: 22.220100 ms (FindLiveObjects: 1.502600 ms CreateObjectMapping: 1.594000 ms MarkObjects: 10.699800 ms  DeleteObjects: 8.420500 ms)

Prepare: number of updated asset objects reloaded= 0
========================================================================
Received Prepare
Begin MonoManager ReloadAssembly
- Loaded All Assemblies, in  0.812 seconds
Refreshing native plugins compatible for Editor in 1.47 ms, found 4 plugins.
Native extension for WindowsStandalone target not found
Mono: successfully reloaded assembly
- Finished resetting the current domain, in  0.958 seconds
Domain Reload Profiling: 1774ms
	BeginReloadAssembly (221ms)
		ExecutionOrderSort (0ms)
		DisableScriptedObjects (11ms)
		BackupInstance (0ms)
		ReleaseScriptingObjects (0ms)
		CreateAndSetChildDomain (66ms)
	RebuildCommonClasses (29ms)
	RebuildNativeTypeToScriptingClass (10ms)
	initialDomainReloadingComplete (22ms)
	LoadAllAssembliesAndSetupDomain (532ms)
		LoadAssemblies (402ms)
		RebuildTransferFunctionScriptingTraits (0ms)
		AnalyzeDomain (228ms)
			TypeCache.Refresh (11ms)
				TypeCache.ScanAssembly (0ms)
			BuildScriptInfoCaches (201ms)
			ResolveRequiredComponents (11ms)
	FinalizeReload (958ms)
		ReleaseScriptCaches (0ms)
		RebuildScriptCaches (0ms)
		SetupLoadedEditorAssemblies (684ms)
			LogAssemblyErrors (0ms)
			InitializePlatformSupportModulesInManaged (2ms)
			SetLoadedEditorAssemblies (6ms)
			BeforeProcessingInitializeOnLoad (139ms)
			ProcessInitializeOnLoadAttributes (472ms)
			ProcessInitializeOnLoadMethodAttributes (60ms)
			AfterProcessingInitializeOnLoad (5ms)
			EditorAssembliesLoaded (0ms)
		ExecutionOrderSort2 (0ms)
		AwakeInstancesAfterBackupRestoration (16ms)
Refreshing native plugins compatible for Editor in 1.74 ms, found 4 plugins.
Preloading 0 native plugins for Editor in 0.00 ms.
Unloading 25 Unused Serialized files (Serialized files now loaded: 0)
Unloading 6703 unused Assets / (6.1 MB). Loaded Objects now: 7545.
Memory consumption went from 177.6 MB to 171.5 MB.
Total: 20.947000 ms (FindLiveObjects: 1.123500 ms CreateObjectMapping: 1.544400 ms MarkObjects: 8.790900 ms  DeleteObjects: 9.486000 ms)

Prepare: number of updated asset objects reloaded= 0
========================================================================
Received Import Request.
  Time since last request: 294.224827 seconds.
  path: Assets/Prefabs/Bullet 5.prefab
  artifactKey: Guid(0e9c9ee58cad2b347a024ad02e810156) Importer(815301076,1909f56bfc062723c751e8b465ee728b)
Start importing Assets/Prefabs/Bullet 5.prefab using Guid(0e9c9ee58cad2b347a024ad02e810156) Importer(815301076,1909f56bfc062723c751e8b465ee728b) (PreviewImporter)Refreshing native plugins compatible for Editor in 2.04 ms, found 4 plugins.
Preloading 0 native plugins for Editor in 0.00 ms.
 -> (artifact id: '5aeebf0ea66f780d0385e94322dcc0dd') in 0.5083252 seconds
Number of updated asset objects reloaded before import = 0Number of asset objects unloaded after import = 23

========================================================================
Received Import Request.
  Time since last request: 17.916770 seconds.
  path: Assets/Prefabs/Bullet 5.prefab
  artifactKey: Guid(0e9c9ee58cad2b347a024ad02e810156) Importer(815301076,1909f56bfc062723c751e8b465ee728b)
Start importing Assets/Prefabs/Bullet 5.prefab using Guid(0e9c9ee58cad2b347a024ad02e810156) Importer(815301076,1909f56bfc062723c751e8b465ee728b) (PreviewImporter)Refreshing native plugins compatible for Editor in 1.00 ms, found 4 plugins.
Preloading 0 native plugins for Editor in 0.00 ms.
 -> (artifact id: '7c52836977ae0a1d46fd7bb118444948') in 0.0103467 seconds
Number of updated asset objects reloaded before import = 0Number of asset objects unloaded after import = 23

========================================================================
Received Import Request.
  Time since last request: 19.233499 seconds.
  path: Assets/Prefabs/BossBullet.prefab
  artifactKey: Guid(0e9c9ee58cad2b347a024ad02e810156) Importer(815301076,1909f56bfc062723c751e8b465ee728b)
Start importing Assets/Prefabs/BossBullet.prefab using Guid(0e9c9ee58cad2b347a024ad02e810156) Importer(815301076,1909f56bfc062723c751e8b465ee728b) (PreviewImporter)Refreshing native plugins compatible for Editor in 1.44 ms, found 4 plugins.
Preloading 0 native plugins for Editor in 0.00 ms.
 -> (artifact id: '89d00ee563948515d96f375ef017adec') in 0.0132528 seconds
Number of updated asset objects reloaded before import = 0Number of asset objects unloaded after import = 23

========================================================================
Received Import Request.
  Time since last request: 19.771259 seconds.
  path: Assets/Warped shooting fx files
  artifactKey: Guid(18aa81177a93db548942b2d2efc66221) Importer(815301076,1909f56bfc062723c751e8b465ee728b)
Start importing Assets/Warped shooting fx files using Guid(18aa81177a93db548942b2d2efc66221) Importer(815301076,1909f56bfc062723c751e8b465ee728b) (PreviewImporter) -> (artifact id: '19dcbc5a2022906cd3c4724fefd1f957') in 0.0007496 seconds
Number of updated asset objects reloaded before import = 0Number of asset objects unloaded after import = 0

========================================================================
Received Import Request.
  Time since last request: 1.946587 seconds.
  path: Assets/Warped shooting fx files/Warped shooting fx files
  artifactKey: Guid(cfc62590596f80042a66e86f37605ae5) Importer(815301076,1909f56bfc062723c751e8b465ee728b)
Start importing Assets/Warped shooting fx files/Warped shooting fx files using Guid(cfc62590596f80042a66e86f37605ae5) Importer(815301076,1909f56bfc062723c751e8b465ee728b) (PreviewImporter) -> (artifact id: '30c800cf097972a4de5780f17e0a5ea1') in 0.0012725 seconds
Number of updated asset objects reloaded before import = 0Number of asset objects unloaded after import = 0

========================================================================
Received Import Request.
  Time since last request: 1.421272 seconds.
  path: Assets/Warped shooting fx files/Warped shooting fx files/Pixelart
  artifactKey: Guid(efc0462d8e458be4383eaeda5a9cda65) Importer(815301076,1909f56bfc062723c751e8b465ee728b)
Start importing Assets/Warped shooting fx files/Warped shooting fx files/Pixelart using Guid(efc0462d8e458be4383eaeda5a9cda65) Importer(815301076,1909f56bfc062723c751e8b465ee728b) (PreviewImporter) -> (artifact id: '72bf893d5b7779a86d7a6e9a94184606') in 0.0009354 seconds
Number of updated asset objects reloaded before import = 0Number of asset objects unloaded after import = 0

========================================================================
Received Import Request.
  Time since last request: 1.164580 seconds.
  path: Assets/Warped shooting fx files/Warped shooting fx files/Pixelart/Bolt
  artifactKey: Guid(58ffe1af34598bf4696188f5b33137b0) Importer(815301076,1909f56bfc062723c751e8b465ee728b)
Start importing Assets/Warped shooting fx files/Warped shooting fx files/Pixelart/Bolt using Guid(58ffe1af34598bf4696188f5b33137b0) Importer(815301076,1909f56bfc062723c751e8b465ee728b) (PreviewImporter) -> (artifact id: 'c11eba12e2640c63144745f39367b761') in 0.001431 seconds
Number of updated asset objects reloaded before import = 0Number of asset objects unloaded after import = 0

========================================================================
Received Import Request.
  Time since last request: 0.033516 seconds.
  path: Assets/Warped shooting fx files/Warped shooting fx files/Pixelart/Bolt/bolt.aseprite
  artifactKey: Guid(10c03de1c885ad94d95569dfe76e9220) Importer(815301076,1909f56bfc062723c751e8b465ee728b)
Start importing Assets/Warped shooting fx files/Warped shooting fx files/Pixelart/Bolt/bolt.aseprite using Guid(10c03de1c885ad94d95569dfe76e9220) Importer(815301076,1909f56bfc062723c751e8b465ee728b) (PreviewImporter) -> (artifact id: '2e6953b76a3b52ff5e18070228c6cbe3') in 0.0637314 seconds
Number of updated asset objects reloaded before import = 0Number of asset objects unloaded after import = 15

========================================================================
Received Import Request.
  Time since last request: 2.829831 seconds.
  path: Assets/Warped shooting fx files/Warped shooting fx files/Pixelart/crossed
  artifactKey: Guid(fde6fb678a6dc554d9eb8fd3150d607b) Importer(815301076,1909f56bfc062723c751e8b465ee728b)
Start importing Assets/Warped shooting fx files/Warped shooting fx files/Pixelart/crossed using Guid(fde6fb678a6dc554d9eb8fd3150d607b) Importer(815301076,1909f56bfc062723c751e8b465ee728b) (PreviewImporter) -> (artifact id: '9a8f308b675f9fad894b2da75480b644') in 0.0014984 seconds
Number of updated asset objects reloaded before import = 0Number of asset objects unloaded after import = 0

========================================================================
Received Import Request.
  Time since last request: 0.055311 seconds.
  path: Assets/Warped shooting fx files/Warped shooting fx files/Pixelart/crossed/crossed.aseprite
  artifactKey: Guid(95489e57afb30ed4a8067cce1491b07a) Importer(815301076,1909f56bfc062723c751e8b465ee728b)
Start importing Assets/Warped shooting fx files/Warped shooting fx files/Pixelart/crossed/crossed.aseprite using Guid(95489e57afb30ed4a8067cce1491b07a) Importer(815301076,1909f56bfc062723c751e8b465ee728b) (PreviewImporter) -> (artifact id: 'fc6b196cf5ad0bb1ca67f28fb74d8aa8') in 0.0526526 seconds
Number of updated asset objects reloaded before import = 0Number of asset objects unloaded after import = 17

========================================================================
Received Import Request.
  Time since last request: 3.361828 seconds.
  path: Assets/Warped shooting fx files/Warped shooting fx files/Pixelart/crossed/frames
  artifactKey: Guid(060a6b5370b0b384082c0bf102d37813) Importer(815301076,1909f56bfc062723c751e8b465ee728b)
Start importing Assets/Warped shooting fx files/Warped shooting fx files/Pixelart/crossed/frames using Guid(060a6b5370b0b384082c0bf102d37813) Importer(815301076,1909f56bfc062723c751e8b465ee728b) (PreviewImporter) -> (artifact id: '1430029a499df797620781b9b2372137') in 0.0010629 seconds
Number of updated asset objects reloaded before import = 0Number of asset objects unloaded after import = 0

========================================================================
Received Import Request.
  Time since last request: 0.037088 seconds.
  path: Assets/Warped shooting fx files/Warped shooting fx files/Pixelart/crossed/frames/crossed1.png
  artifactKey: Guid(b0a8de761510e344c9f594ff626b7aae) Importer(815301076,1909f56bfc062723c751e8b465ee728b)
Start importing Assets/Warped shooting fx files/Warped shooting fx files/Pixelart/crossed/frames/crossed1.png using Guid(b0a8de761510e344c9f594ff626b7aae) Importer(815301076,1909f56bfc062723c751e8b465ee728b) (PreviewImporter) -> (artifact id: 'cad97500766536a442313797ea19190c') in 0.0206888 seconds
Number of updated asset objects reloaded before import = 0Number of asset objects unloaded after import = 3

========================================================================
Received Import Request.
  Time since last request: 0.000053 seconds.
  path: Assets/Warped shooting fx files/Warped shooting fx files/Pixelart/crossed/frames/crossed3.png
  artifactKey: Guid(22589e1e9b207394780789e80c377b02) Importer(815301076,1909f56bfc062723c751e8b465ee728b)
Start importing Assets/Warped shooting fx files/Warped shooting fx files/Pixelart/crossed/frames/crossed3.png using Guid(22589e1e9b207394780789e80c377b02) Importer(815301076,1909f56bfc062723c751e8b465ee728b) (PreviewImporter) -> (artifact id: '848325b1761d58663fc4faaea6039e5b') in 0.0459474 seconds
Number of updated asset objects reloaded before import = 0Number of asset objects unloaded after import = 3

========================================================================
Received Import Request.
  Time since last request: 0.000098 seconds.
  path: Assets/Warped shooting fx files/Warped shooting fx files/Pixelart/crossed/frames/crossed4.png
  artifactKey: Guid(60c3d170b25e844409deff4bced66fa4) Importer(815301076,1909f56bfc062723c751e8b465ee728b)
Start importing Assets/Warped shooting fx files/Warped shooting fx files/Pixelart/crossed/frames/crossed4.png using Guid(60c3d170b25e844409deff4bced66fa4) Importer(815301076,1909f56bfc062723c751e8b465ee728b) (PreviewImporter) -> (artifact id: '28ce85c9cc6802424d589e3a49a0cc57') in 0.0310813 seconds
Number of updated asset objects reloaded before import = 0Number of asset objects unloaded after import = 3

========================================================================
Received Import Request.
  Time since last request: 0.000045 seconds.
  path: Assets/Warped shooting fx files/Warped shooting fx files/Pixelart/crossed/frames/crossed5.png
  artifactKey: Guid(bed061c574e397649935ed1c2b980d70) Importer(815301076,1909f56bfc062723c751e8b465ee728b)
Start importing Assets/Warped shooting fx files/Warped shooting fx files/Pixelart/crossed/frames/crossed5.png using Guid(bed061c574e397649935ed1c2b980d70) Importer(815301076,1909f56bfc062723c751e8b465ee728b) (PreviewImporter) -> (artifact id: 'ec1ba5d704bf2c9ef94cf35b4c7fe892') in 0.0260702 seconds
Number of updated asset objects reloaded before import = 0Number of asset objects unloaded after import = 3

========================================================================
Received Import Request.
  Time since last request: 19.216083 seconds.
  path: Assets/Warped shooting fx files/Warped shooting fx files/Pixelart/crossed/frames/crossed1.png
  artifactKey: Guid(b0a8de761510e344c9f594ff626b7aae) Importer(815301076,1909f56bfc062723c751e8b465ee728b)
Start importing Assets/Warped shooting fx files/Warped shooting fx files/Pixelart/crossed/frames/crossed1.png using Guid(b0a8de761510e344c9f594ff626b7aae) Importer(815301076,1909f56bfc062723c751e8b465ee728b) (PreviewImporter) -> (artifact id: '8fc71348207bdb34bbe9095615ccf53f') in 0.021588 seconds
Number of updated asset objects reloaded before import = 0Number of asset objects unloaded after import = 3

========================================================================
Received Import Request.
  Time since last request: 0.021338 seconds.
  path: Assets/Warped shooting fx files/Warped shooting fx files/Pixelart/crossed/frames/crossed2.png
  artifactKey: Guid(e8ab30cabdbeded48b2c8ae269265a16) Importer(815301076,1909f56bfc062723c751e8b465ee728b)
Start importing Assets/Warped shooting fx files/Warped shooting fx files/Pixelart/crossed/frames/crossed2.png using Guid(e8ab30cabdbeded48b2c8ae269265a16) Importer(815301076,1909f56bfc062723c751e8b465ee728b) (PreviewImporter) -> (artifact id: '2857adf8c0e6e4c665c40f6d357b2109') in 0.0250714 seconds
Number of updated asset objects reloaded before import = 0Number of asset objects unloaded after import = 3

========================================================================
Received Import Request.
  Time since last request: 0.000080 seconds.
  path: Assets/Warped shooting fx files/Warped shooting fx files/Pixelart/crossed/frames/crossed5.png
  artifactKey: Guid(bed061c574e397649935ed1c2b980d70) Importer(815301076,1909f56bfc062723c751e8b465ee728b)
Start importing Assets/Warped shooting fx files/Warped shooting fx files/Pixelart/crossed/frames/crossed5.png using Guid(bed061c574e397649935ed1c2b980d70) Importer(815301076,1909f56bfc062723c751e8b465ee728b) (PreviewImporter) -> (artifact id: '3ac11757029015863352c0f953e56521') in 0.0201925 seconds
Number of updated asset objects reloaded before import = 0Number of asset objects unloaded after import = 3

========================================================================
Received Import Request.
  Time since last request: 45.458413 seconds.
  path: Assets/Pics/blue2.png
  artifactKey: Guid(a2521b9820e16d0418584198a3121ea7) Importer(815301076,1909f56bfc062723c751e8b465ee728b)
Start importing Assets/Pics/blue2.png using Guid(a2521b9820e16d0418584198a3121ea7) Importer(815301076,1909f56bfc062723c751e8b465ee728b) (PreviewImporter) -> (artifact id: 'fea4bf5959dd76e079d4a178c9a875f8') in 0.0231525 seconds
Number of updated asset objects reloaded before import = 0Number of asset objects unloaded after import = 3

========================================================================
Received Import Request.
  Time since last request: 0.000028 seconds.
  path: Assets/Warped shooting fx files/Warped shooting fx files/Pixelart/Bolt/frames/bolt3.png
  artifactKey: Guid(10e78db60b4ada7428572fa6fe008017) Importer(815301076,1909f56bfc062723c751e8b465ee728b)
Start importing Assets/Warped shooting fx files/Warped shooting fx files/Pixelart/Bolt/frames/bolt3.png using Guid(10e78db60b4ada7428572fa6fe008017) Importer(815301076,1909f56bfc062723c751e8b465ee728b) (PreviewImporter) -> (artifact id: '30255b3716b99ef2c82ad82ff0320473') in 0.0250509 seconds
Number of updated asset objects reloaded before import = 0Number of asset objects unloaded after import = 3

========================================================================
Received Import Request.
  Time since last request: 45.319582 seconds.
  path: Assets/frames
  artifactKey: Guid(3df394c33b4788444b4245059517e3aa) Importer(815301076,1909f56bfc062723c751e8b465ee728b)
Start importing Assets/frames using Guid(3df394c33b4788444b4245059517e3aa) Importer(815301076,1909f56bfc062723c751e8b465ee728b) (PreviewImporter) -> (artifact id: '6daa1a671b15c146291fed21fc6ad4b5') in 0.0008999 seconds
Number of updated asset objects reloaded before import = 0Number of asset objects unloaded after import = 0

========================================================================
Received Import Request.
  Time since last request: 0.750927 seconds.
  path: Assets/frames/crossed1.png
  artifactKey: Guid(ecc0474d2b4bac64e8a03d18875defdf) Importer(815301076,1909f56bfc062723c751e8b465ee728b)
Start importing Assets/frames/crossed1.png using Guid(ecc0474d2b4bac64e8a03d18875defdf) Importer(815301076,1909f56bfc062723c751e8b465ee728b) (PreviewImporter) -> (artifact id: '744a056814ffc11aae3419c41f0ec369') in 0.0236372 seconds
Number of updated asset objects reloaded before import = 0Number of asset objects unloaded after import = 3

========================================================================
Received Import Request.
  Time since last request: 0.000057 seconds.
  path: Assets/frames/crossed4.png
  artifactKey: Guid(61e2c1e86e2e3264fa11930b3d5a90a1) Importer(815301076,1909f56bfc062723c751e8b465ee728b)
Start importing Assets/frames/crossed4.png using Guid(61e2c1e86e2e3264fa11930b3d5a90a1) Importer(815301076,1909f56bfc062723c751e8b465ee728b) (PreviewImporter) -> (artifact id: 'ebd30b283399bd64a455fc2ed74f0161') in 0.0190512 seconds
Number of updated asset objects reloaded before import = 0Number of asset objects unloaded after import = 3

========================================================================
Received Import Request.
  Time since last request: 8.377928 seconds.
  path: Assets/Prefabs/frames
  artifactKey: Guid(edd44b5c0fcebae40b7f839581c73946) Importer(815301076,1909f56bfc062723c751e8b465ee728b)
Start importing Assets/Prefabs/frames using Guid(edd44b5c0fcebae40b7f839581c73946) Importer(815301076,1909f56bfc062723c751e8b465ee728b) (PreviewImporter) -> (artifact id: 'c365501d7f36e8c52bd017aa0fd41658') in 0.0008786 seconds
Number of updated asset objects reloaded before import = 0Number of asset objects unloaded after import = 0

========================================================================
Received Import Request.
  Time since last request: 6.518359 seconds.
  path: Assets/Prefabs/frames/crossed1.png
  artifactKey: Guid(3694056715f9d0e41bf884574124580b) Importer(815301076,1909f56bfc062723c751e8b465ee728b)
Start importing Assets/Prefabs/frames/crossed1.png using Guid(3694056715f9d0e41bf884574124580b) Importer(815301076,1909f56bfc062723c751e8b465ee728b) (PreviewImporter) -> (artifact id: '7e35f13cabe3b9880ed7de3481601cbb') in 0.0172832 seconds
Number of updated asset objects reloaded before import = 0Number of asset objects unloaded after import = 3

========================================================================
Received Import Request.
  Time since last request: 0.000055 seconds.
  path: Assets/Prefabs/frames/crossed4.png
  artifactKey: Guid(d13d3634eda2f644988e53f9d4bd0b04) Importer(815301076,1909f56bfc062723c751e8b465ee728b)
Start importing Assets/Prefabs/frames/crossed4.png using Guid(d13d3634eda2f644988e53f9d4bd0b04) Importer(815301076,1909f56bfc062723c751e8b465ee728b) (PreviewImporter) -> (artifact id: 'c886aa85d789039bc41e5c52ead4fa0a') in 0.0148182 seconds
Number of updated asset objects reloaded before import = 0Number of asset objects unloaded after import = 3

========================================================================
Received Import Request.
  Time since last request: 20.533972 seconds.
  path: Assets/Prefabs/frames/BossBullet.prefab
  artifactKey: Guid(0e9c9ee58cad2b347a024ad02e810156) Importer(815301076,1909f56bfc062723c751e8b465ee728b)
Start importing Assets/Prefabs/frames/BossBullet.prefab using Guid(0e9c9ee58cad2b347a024ad02e810156) Importer(815301076,1909f56bfc062723c751e8b465ee728b) (PreviewImporter)Refreshing native plugins compatible for Editor in 1.09 ms, found 4 plugins.
Preloading 0 native plugins for Editor in 0.00 ms.
 -> (artifact id: '625f5621dbbe718c42a6a2aaea445c6e') in 0.0132574 seconds
Number of updated asset objects reloaded before import = 0Number of asset objects unloaded after import = 23

========================================================================
Received Import Request.
  Time since last request: 6.818722 seconds.
  path: Assets/Prefabs/frames/BossBullet.prefab
  artifactKey: Guid(0e9c9ee58cad2b347a024ad02e810156) Importer(815301076,1909f56bfc062723c751e8b465ee728b)
Start importing Assets/Prefabs/frames/BossBullet.prefab using Guid(0e9c9ee58cad2b347a024ad02e810156) Importer(815301076,1909f56bfc062723c751e8b465ee728b) (PreviewImporter)Refreshing native plugins compatible for Editor in 1.12 ms, found 4 plugins.
Preloading 0 native plugins for Editor in 0.00 ms.
 -> (artifact id: '225107d1ee1da3f5d0eb248d7a3e010e') in 0.0102428 seconds
Number of updated asset objects reloaded before import = 0Number of asset objects unloaded after import = 25

========================================================================
Received Import Request.
  Time since last request: 2.006682 seconds.
  path: Assets/Prefabs/frames/BossBullet.prefab
  artifactKey: Guid(0e9c9ee58cad2b347a024ad02e810156) Importer(815301076,1909f56bfc062723c751e8b465ee728b)
Start importing Assets/Prefabs/frames/BossBullet.prefab using Guid(0e9c9ee58cad2b347a024ad02e810156) Importer(815301076,1909f56bfc062723c751e8b465ee728b) (PreviewImporter)Refreshing native plugins compatible for Editor in 1.16 ms, found 4 plugins.
Preloading 0 native plugins for Editor in 0.00 ms.
 -> (artifact id: '9bdd60650ddb00b71e559757ffbaa7ac') in 0.0122013 seconds
Number of updated asset objects reloaded before import = 0Number of asset objects unloaded after import = 25

========================================================================
Received Import Request.
  Time since last request: 2.458862 seconds.
  path: Assets/Prefabs/frames/BossBullet.prefab
  artifactKey: Guid(0e9c9ee58cad2b347a024ad02e810156) Importer(815301076,1909f56bfc062723c751e8b465ee728b)
Start importing Assets/Prefabs/frames/BossBullet.prefab using Guid(0e9c9ee58cad2b347a024ad02e810156) Importer(815301076,1909f56bfc062723c751e8b465ee728b) (PreviewImporter)Refreshing native plugins compatible for Editor in 1.20 ms, found 4 plugins.
Preloading 0 native plugins for Editor in 0.00 ms.
 -> (artifact id: 'ea43aaf0aed7f2a148a83e4a8511ea3c') in 0.0117899 seconds
Number of updated asset objects reloaded before import = 0Number of asset objects unloaded after import = 25

========================================================================
Received Import Request.
  Time since last request: 3.957472 seconds.
  path: Assets/Prefabs/frames/BossBullet.prefab
  artifactKey: Guid(0e9c9ee58cad2b347a024ad02e810156) Importer(815301076,1909f56bfc062723c751e8b465ee728b)
Start importing Assets/Prefabs/frames/BossBullet.prefab using Guid(0e9c9ee58cad2b347a024ad02e810156) Importer(815301076,1909f56bfc062723c751e8b465ee728b) (PreviewImporter)Refreshing native plugins compatible for Editor in 2.02 ms, found 4 plugins.
Preloading 0 native plugins for Editor in 0.00 ms.
 -> (artifact id: '832a58a8ff69614695dc2b29d3abdc54') in 0.0140332 seconds
Number of updated asset objects reloaded before import = 0Number of asset objects unloaded after import = 27

========================================================================
Received Import Request.
  Time since last request: 2.124858 seconds.
  path: Assets/Prefabs/frames/BossBullet.prefab
  artifactKey: Guid(0e9c9ee58cad2b347a024ad02e810156) Importer(815301076,1909f56bfc062723c751e8b465ee728b)
Start importing Assets/Prefabs/frames/BossBullet.prefab using Guid(0e9c9ee58cad2b347a024ad02e810156) Importer(815301076,1909f56bfc062723c751e8b465ee728b) (PreviewImporter)Refreshing native plugins compatible for Editor in 1.86 ms, found 4 plugins.
Preloading 0 native plugins for Editor in 0.00 ms.
 -> (artifact id: '7704edc999c18b73fabae89de88885e3') in 0.0136807 seconds
Number of updated asset objects reloaded before import = 0Number of asset objects unloaded after import = 29

========================================================================
Received Import Request.
  Time since last request: 2.182170 seconds.
  path: Assets/Prefabs/frames/BossBullet.prefab
  artifactKey: Guid(0e9c9ee58cad2b347a024ad02e810156) Importer(815301076,1909f56bfc062723c751e8b465ee728b)
Start importing Assets/Prefabs/frames/BossBullet.prefab using Guid(0e9c9ee58cad2b347a024ad02e810156) Importer(815301076,1909f56bfc062723c751e8b465ee728b) (PreviewImporter)Refreshing native plugins compatible for Editor in 1.04 ms, found 4 plugins.
Preloading 0 native plugins for Editor in 0.00 ms.
 -> (artifact id: '760c514c7ce60d411d79d9dd5ccc6b95') in 0.0122969 seconds
Number of updated asset objects reloaded before import = 0Number of asset objects unloaded after import = 29

========================================================================
Received Import Request.
  Time since last request: 55.772329 seconds.
  path: Assets/Prefabs/frames/BossBullet.prefab
  artifactKey: Guid(0e9c9ee58cad2b347a024ad02e810156) Importer(815301076,1909f56bfc062723c751e8b465ee728b)
Start importing Assets/Prefabs/frames/BossBullet.prefab using Guid(0e9c9ee58cad2b347a024ad02e810156) Importer(815301076,1909f56bfc062723c751e8b465ee728b) (PreviewImporter)Refreshing native plugins compatible for Editor in 2.16 ms, found 4 plugins.
Preloading 0 native plugins for Editor in 0.00 ms.
 -> (artifact id: 'b4370afe94f3a3b67a58aca82002c480') in 0.0231098 seconds
Number of updated asset objects reloaded before import = 0Number of asset objects unloaded after import = 27

========================================================================
Received Import Request.
  Time since last request: 3.994958 seconds.
  path: Assets/Prefabs/frames/BossBullet.prefab
  artifactKey: Guid(0e9c9ee58cad2b347a024ad02e810156) Importer(815301076,1909f56bfc062723c751e8b465ee728b)
Start importing Assets/Prefabs/frames/BossBullet.prefab using Guid(0e9c9ee58cad2b347a024ad02e810156) Importer(815301076,1909f56bfc062723c751e8b465ee728b) (PreviewImporter)Refreshing native plugins compatible for Editor in 1.07 ms, found 4 plugins.
Preloading 0 native plugins for Editor in 0.00 ms.
 -> (artifact id: '5360e211e59d66cc14cb91c68b1cb564') in 0.0186142 seconds
Number of updated asset objects reloaded before import = 0Number of asset objects unloaded after import = 27

========================================================================
Received Import Request.
  Time since last request: 2.855719 seconds.
  path: Assets/Prefabs/frames/BossBullet.prefab
  artifactKey: Guid(0e9c9ee58cad2b347a024ad02e810156) Importer(815301076,1909f56bfc062723c751e8b465ee728b)
Start importing Assets/Prefabs/frames/BossBullet.prefab using Guid(0e9c9ee58cad2b347a024ad02e810156) Importer(815301076,1909f56bfc062723c751e8b465ee728b) (PreviewImporter)Refreshing native plugins compatible for Editor in 1.26 ms, found 4 plugins.
Preloading 0 native plugins for Editor in 0.00 ms.
 -> (artifact id: 'e011a505f9fc14207b23b08df1e9619c') in 0.0274459 seconds
Number of updated asset objects reloaded before import = 0Number of asset objects unloaded after import = 27

========================================================================
Received Prepare
Begin MonoManager ReloadAssembly
- Loaded All Assemblies, in  0.855 seconds
Refreshing native plugins compatible for Editor in 1.18 ms, found 4 plugins.
Native extension for WindowsStandalone target not found
Mono: successfully reloaded assembly
- Finished resetting the current domain, in  0.998 seconds
Domain Reload Profiling: 1855ms
	BeginReloadAssembly (266ms)
		ExecutionOrderSort (0ms)
		DisableScriptedObjects (27ms)
		BackupInstance (0ms)
		ReleaseScriptingObjects (0ms)
		CreateAndSetChildDomain (87ms)
	RebuildCommonClasses (33ms)
	RebuildNativeTypeToScriptingClass (13ms)
	initialDomainReloadingComplete (24ms)
	LoadAllAssembliesAndSetupDomain (521ms)
		LoadAssemblies (424ms)
		RebuildTransferFunctionScriptingTraits (0ms)
		AnalyzeDomain (205ms)
			TypeCache.Refresh (9ms)
				TypeCache.ScanAssembly (0ms)
			BuildScriptInfoCaches (179ms)
			ResolveRequiredComponents (13ms)
	FinalizeReload (998ms)
		ReleaseScriptCaches (0ms)
		RebuildScriptCaches (0ms)
		SetupLoadedEditorAssemblies (711ms)
			LogAssemblyErrors (0ms)
			InitializePlatformSupportModulesInManaged (2ms)
			SetLoadedEditorAssemblies (7ms)
			BeforeProcessingInitializeOnLoad (149ms)
			ProcessInitializeOnLoadAttributes (490ms)
			ProcessInitializeOnLoadMethodAttributes (57ms)
			AfterProcessingInitializeOnLoad (5ms)
			EditorAssembliesLoaded (0ms)
		ExecutionOrderSort2 (0ms)
		AwakeInstancesAfterBackupRestoration (20ms)
Refreshing native plugins compatible for Editor in 2.37 ms, found 4 plugins.
Preloading 0 native plugins for Editor in 0.00 ms.
Unloading 25 Unused Serialized files (Serialized files now loaded: 0)
Unloading 6703 unused Assets / (5.3 MB). Loaded Objects now: 7600.
Memory consumption went from 179.8 MB to 174.4 MB.
Total: 32.621900 ms (FindLiveObjects: 2.224200 ms CreateObjectMapping: 2.908100 ms MarkObjects: 17.530300 ms  DeleteObjects: 9.955700 ms)

Prepare: number of updated asset objects reloaded= 0
========================================================================
Received Prepare
Begin MonoManager ReloadAssembly
- Loaded All Assemblies, in  0.810 seconds
Refreshing native plugins compatible for Editor in 1.22 ms, found 4 plugins.
Native extension for WindowsStandalone target not found
Mono: successfully reloaded assembly
- Finished resetting the current domain, in  0.985 seconds
Domain Reload Profiling: 1797ms
	BeginReloadAssembly (218ms)
		ExecutionOrderSort (0ms)
		DisableScriptedObjects (13ms)
		BackupInstance (0ms)
		ReleaseScriptingObjects (0ms)
		CreateAndSetChildDomain (59ms)
	RebuildCommonClasses (33ms)
	RebuildNativeTypeToScriptingClass (11ms)
	initialDomainReloadingComplete (24ms)
	LoadAllAssembliesAndSetupDomain (526ms)
		LoadAssemblies (416ms)
		RebuildTransferFunctionScriptingTraits (0ms)
		AnalyzeDomain (212ms)
			TypeCache.Refresh (12ms)
				TypeCache.ScanAssembly (0ms)
			BuildScriptInfoCaches (187ms)
			ResolveRequiredComponents (9ms)
	FinalizeReload (986ms)
		ReleaseScriptCaches (0ms)
		RebuildScriptCaches (0ms)
		SetupLoadedEditorAssemblies (715ms)
			LogAssemblyErrors (0ms)
			InitializePlatformSupportModulesInManaged (3ms)
			SetLoadedEditorAssemblies (7ms)
			BeforeProcessingInitializeOnLoad (144ms)
			ProcessInitializeOnLoadAttributes (494ms)
			ProcessInitializeOnLoadMethodAttributes (59ms)
			AfterProcessingInitializeOnLoad (7ms)
			EditorAssembliesLoaded (0ms)
		ExecutionOrderSort2 (0ms)
		AwakeInstancesAfterBackupRestoration (19ms)
Refreshing native plugins compatible for Editor in 2.19 ms, found 4 plugins.
Preloading 0 native plugins for Editor in 0.00 ms.
Unloading 25 Unused Serialized files (Serialized files now loaded: 0)
Unloading 6703 unused Assets / (3.5 MB). Loaded Objects now: 7602.
Memory consumption went from 179.6 MB to 176.1 MB.
Total: 30.613000 ms (FindLiveObjects: 2.375000 ms CreateObjectMapping: 2.747100 ms MarkObjects: 17.195300 ms  DeleteObjects: 8.290300 ms)

Prepare: number of updated asset objects reloaded= 0
========================================================================
Received Import Request.
  Time since last request: 120.031134 seconds.
  path: Assets/Prefabs/frames/BossBullet.prefab
  artifactKey: Guid(0e9c9ee58cad2b347a024ad02e810156) Importer(815301076,1909f56bfc062723c751e8b465ee728b)
Start importing Assets/Prefabs/frames/BossBullet.prefab using Guid(0e9c9ee58cad2b347a024ad02e810156) Importer(815301076,1909f56bfc062723c751e8b465ee728b) (PreviewImporter)Refreshing native plugins compatible for Editor in 1.09 ms, found 4 plugins.
Preloading 0 native plugins for Editor in 0.00 ms.
 -> (artifact id: '3bda71410f0b33941cfc46bac769d8be') in 0.4466755 seconds
Number of updated asset objects reloaded before import = 0Number of asset objects unloaded after import = 27

========================================================================
Received Prepare
Begin MonoManager ReloadAssembly
- Loaded All Assemblies, in  0.839 seconds
Refreshing native plugins compatible for Editor in 1.06 ms, found 4 plugins.
Native extension for WindowsStandalone target not found
Mono: successfully reloaded assembly
- Finished resetting the current domain, in  0.949 seconds
Domain Reload Profiling: 1790ms
	BeginReloadAssembly (244ms)
		ExecutionOrderSort (0ms)
		DisableScriptedObjects (32ms)
		BackupInstance (0ms)
		ReleaseScriptingObjects (0ms)
		CreateAndSetChildDomain (76ms)
	RebuildCommonClasses (33ms)
	RebuildNativeTypeToScriptingClass (10ms)
	initialDomainReloadingComplete (23ms)
	LoadAllAssembliesAndSetupDomain (532ms)
		LoadAssemblies (403ms)
		RebuildTransferFunctionScriptingTraits (0ms)
		AnalyzeDomain (224ms)
			TypeCache.Refresh (11ms)
				TypeCache.ScanAssembly (0ms)
			BuildScriptInfoCaches (197ms)
			ResolveRequiredComponents (11ms)
	FinalizeReload (949ms)
		ReleaseScriptCaches (0ms)
		RebuildScriptCaches (0ms)
		SetupLoadedEditorAssemblies (684ms)
			LogAssemblyErrors (0ms)
			InitializePlatformSupportModulesInManaged (2ms)
			SetLoadedEditorAssemblies (6ms)
			BeforeProcessingInitializeOnLoad (151ms)
			ProcessInitializeOnLoadAttributes (462ms)
			ProcessInitializeOnLoadMethodAttributes (55ms)
			AfterProcessingInitializeOnLoad (7ms)
			EditorAssembliesLoaded (0ms)
		ExecutionOrderSort2 (0ms)
		AwakeInstancesAfterBackupRestoration (21ms)
Refreshing native plugins compatible for Editor in 2.08 ms, found 4 plugins.
Preloading 0 native plugins for Editor in 0.00 ms.
Unloading 25 Unused Serialized files (Serialized files now loaded: 0)
Unloading 6703 unused Assets / (5.6 MB). Loaded Objects now: 7630.
Memory consumption went from 181.3 MB to 175.7 MB.
Total: 27.613200 ms (FindLiveObjects: 1.802300 ms CreateObjectMapping: 2.081100 ms MarkObjects: 15.494100 ms  DeleteObjects: 8.233900 ms)

Prepare: number of updated asset objects reloaded= 0
========================================================================
Received Import Request.
  Time since last request: 85.627121 seconds.
  path: Assets/Warped shooting fx files/Warped shooting fx files/Pixelart/Pulse
  artifactKey: Guid(7f7c240f958512d45b67e10e45f49bf2) Importer(815301076,1909f56bfc062723c751e8b465ee728b)
Start importing Assets/Warped shooting fx files/Warped shooting fx files/Pixelart/Pulse using Guid(7f7c240f958512d45b67e10e45f49bf2) Importer(815301076,1909f56bfc062723c751e8b465ee728b) (PreviewImporter) -> (artifact id: '03deafca570d10c0b3b56de04f2bbf1e') in 0.0165059 seconds
Number of updated asset objects reloaded before import = 0Number of asset objects unloaded after import = 0

========================================================================
Received Import Request.
  Time since last request: 0.049092 seconds.
  path: Assets/Warped shooting fx files/Warped shooting fx files/Pixelart/Pulse/pulse.aseprite
  artifactKey: Guid(22ed05f6f8dc12b4b9ccc39f74935fbf) Importer(815301076,1909f56bfc062723c751e8b465ee728b)
Start importing Assets/Warped shooting fx files/Warped shooting fx files/Pixelart/Pulse/pulse.aseprite using Guid(22ed05f6f8dc12b4b9ccc39f74935fbf) Importer(815301076,1909f56bfc062723c751e8b465ee728b) (PreviewImporter) -> (artifact id: 'e8e0fcc32677ef5f8874ae125edf3571') in 0.5159305 seconds
Number of updated asset objects reloaded before import = 0Number of asset objects unloaded after import = 15

========================================================================
Received Import Request.
  Time since last request: 2.471256 seconds.
  path: Assets/Warped shooting fx files/Warped shooting fx files/Pixelart/spark
  artifactKey: Guid(710ab2cdbdf04f84cafd990695de9454) Importer(815301076,1909f56bfc062723c751e8b465ee728b)
Start importing Assets/Warped shooting fx files/Warped shooting fx files/Pixelart/spark using Guid(710ab2cdbdf04f84cafd990695de9454) Importer(815301076,1909f56bfc062723c751e8b465ee728b) (PreviewImporter) -> (artifact id: 'bf3d6cd663e638a9216079d20e6d4d8d') in 0.0011575 seconds
Number of updated asset objects reloaded before import = 0Number of asset objects unloaded after import = 0

========================================================================
Received Import Request.
  Time since last request: 0.042967 seconds.
  path: Assets/Warped shooting fx files/Warped shooting fx files/Pixelart/spark/spark.aseprite
  artifactKey: Guid(737e1b60ab77f5145891b39e74f665d1) Importer(815301076,1909f56bfc062723c751e8b465ee728b)
Start importing Assets/Warped shooting fx files/Warped shooting fx files/Pixelart/spark/spark.aseprite using Guid(737e1b60ab77f5145891b39e74f665d1) Importer(815301076,1909f56bfc062723c751e8b465ee728b) (PreviewImporter) -> (artifact id: '9b9662f50e12f3a5336623473236a443') in 0.0521259 seconds
Number of updated asset objects reloaded before import = 0Number of asset objects unloaded after import = 16

========================================================================
Received Import Request.
  Time since last request: 2.312714 seconds.
  path: Assets/Warped shooting fx files/Warped shooting fx files/Pixelart/waveform
  artifactKey: Guid(e5e578a3a91349a438a4d2e01ff13e8e) Importer(815301076,1909f56bfc062723c751e8b465ee728b)
Start importing Assets/Warped shooting fx files/Warped shooting fx files/Pixelart/waveform using Guid(e5e578a3a91349a438a4d2e01ff13e8e) Importer(815301076,1909f56bfc062723c751e8b465ee728b) (PreviewImporter) -> (artifact id: 'c3f68c406d4e9bb4fa310f12cf9d9d0d') in 0.0007119 seconds
Number of updated asset objects reloaded before import = 0Number of asset objects unloaded after import = 0

========================================================================
Received Import Request.
  Time since last request: 0.042907 seconds.
  path: Assets/Warped shooting fx files/Warped shooting fx files/Pixelart/waveform/waveform.aseprite
  artifactKey: Guid(eb8777bbcad9daf45b202ef5818790e2) Importer(815301076,1909f56bfc062723c751e8b465ee728b)
Start importing Assets/Warped shooting fx files/Warped shooting fx files/Pixelart/waveform/waveform.aseprite using Guid(eb8777bbcad9daf45b202ef5818790e2) Importer(815301076,1909f56bfc062723c751e8b465ee728b) (PreviewImporter) -> (artifact id: 'd6b00c1744ba75206c91e69275e00260') in 0.0413505 seconds
Number of updated asset objects reloaded before import = 0Number of asset objects unloaded after import = 15

========================================================================
Received Import Request.
  Time since last request: 0.000103 seconds.
  path: Assets/Warped shooting fx files/Warped shooting fx files/Pixelart/waveform/waveform-preview-big.gif
  artifactKey: Guid(38d49974e5c2bc94294ff34c9679693d) Importer(815301076,1909f56bfc062723c751e8b465ee728b)
Start importing Assets/Warped shooting fx files/Warped shooting fx files/Pixelart/waveform/waveform-preview-big.gif using Guid(38d49974e5c2bc94294ff34c9679693d) Importer(815301076,1909f56bfc062723c751e8b465ee728b) (PreviewImporter) -> (artifact id: 'c9e82a844d76951b52ec5098a87a467c') in 0.0264653 seconds
Number of updated asset objects reloaded before import = 0Number of asset objects unloaded after import = 3

========================================================================
Received Import Request.
  Time since last request: 3.395211 seconds.
  path: Assets/Warped shooting fx files/Warped shooting fx files/Pixelart/hits
  artifactKey: Guid(c42ae44cf7464a1438ce77f0f81ba1fe) Importer(815301076,1909f56bfc062723c751e8b465ee728b)
Start importing Assets/Warped shooting fx files/Warped shooting fx files/Pixelart/hits using Guid(c42ae44cf7464a1438ce77f0f81ba1fe) Importer(815301076,1909f56bfc062723c751e8b465ee728b) (PreviewImporter) -> (artifact id: 'fb3225b41939f140ba6b285eeef8aec2') in 0.0007966 seconds
Number of updated asset objects reloaded before import = 0Number of asset objects unloaded after import = 0

========================================================================
Received Import Request.
  Time since last request: 1.695091 seconds.
  path: Assets/Warped shooting fx files/Warped shooting fx files/Pixelart/hits/hits-1
  artifactKey: Guid(6a7b86d0ff3caaf4b83d8363b07f9616) Importer(815301076,1909f56bfc062723c751e8b465ee728b)
Start importing Assets/Warped shooting fx files/Warped shooting fx files/Pixelart/hits/hits-1 using Guid(6a7b86d0ff3caaf4b83d8363b07f9616) Importer(815301076,1909f56bfc062723c751e8b465ee728b) (PreviewImporter) -> (artifact id: 'c3301fb62fb75d81d425b8c94faa326c') in 0.0006179 seconds
Number of updated asset objects reloaded before import = 0Number of asset objects unloaded after import = 0

========================================================================
Received Import Request.
  Time since last request: 0.054476 seconds.
  path: Assets/Warped shooting fx files/Warped shooting fx files/Pixelart/hits/hits-1/hits-1.aseprite
  artifactKey: Guid(1bada03bf2dfa3b4da66083a5295ea33) Importer(815301076,1909f56bfc062723c751e8b465ee728b)
Start importing Assets/Warped shooting fx files/Warped shooting fx files/Pixelart/hits/hits-1/hits-1.aseprite using Guid(1bada03bf2dfa3b4da66083a5295ea33) Importer(815301076,1909f56bfc062723c751e8b465ee728b) (PreviewImporter) -> (artifact id: '456c99f08fe72883861e4d69869822f0') in 0.0491051 seconds
Number of updated asset objects reloaded before import = 0Number of asset objects unloaded after import = 16

========================================================================
Received Import Request.
  Time since last request: 5.744752 seconds.
  path: Assets/Warped shooting fx files/Warped shooting fx files/Pixelart/charged
  artifactKey: Guid(0a7c1eedce41e344cb74f3d3b9561ee3) Importer(815301076,1909f56bfc062723c751e8b465ee728b)
Start importing Assets/Warped shooting fx files/Warped shooting fx files/Pixelart/charged using Guid(0a7c1eedce41e344cb74f3d3b9561ee3) Importer(815301076,1909f56bfc062723c751e8b465ee728b) (PreviewImporter) -> (artifact id: 'b3a4838bb00e26808514af0b6a7e677e') in 0.0010938 seconds
Number of updated asset objects reloaded before import = 0Number of asset objects unloaded after import = 0

========================================================================
Received Import Request.
  Time since last request: 0.066091 seconds.
  path: Assets/Warped shooting fx files/Warped shooting fx files/Pixelart/charged/charged.aseprite
  artifactKey: Guid(f37f5220f21763344bdf15672fcfcb64) Importer(815301076,1909f56bfc062723c751e8b465ee728b)
Start importing Assets/Warped shooting fx files/Warped shooting fx files/Pixelart/charged/charged.aseprite using Guid(f37f5220f21763344bdf15672fcfcb64) Importer(815301076,1909f56bfc062723c751e8b465ee728b) (PreviewImporter) -> (artifact id: 'f29b543a030c93e80280bc993c9484f0') in 0.0619794 seconds
Number of updated asset objects reloaded before import = 0Number of asset objects unloaded after import = 17

========================================================================
Received Import Request.
  Time since last request: 17.980823 seconds.
  path: Assets/Warped shooting fx files/Warped shooting fx files/Pixelart/hits/Hits-2
  artifactKey: Guid(7bd0211198eaa5540b03018919ac4314) Importer(815301076,1909f56bfc062723c751e8b465ee728b)
Start importing Assets/Warped shooting fx files/Warped shooting fx files/Pixelart/hits/Hits-2 using Guid(7bd0211198eaa5540b03018919ac4314) Importer(815301076,1909f56bfc062723c751e8b465ee728b) (PreviewImporter) -> (artifact id: '2af7dc65655c377f541d3f3f09c7806a') in 0.0009682 seconds
Number of updated asset objects reloaded before import = 0Number of asset objects unloaded after import = 0

========================================================================
Received Import Request.
  Time since last request: 0.015525 seconds.
  path: Assets/Warped shooting fx files/Warped shooting fx files/Pixelart/hits/Hits-2/hits-2.aseprite
  artifactKey: Guid(2b03337b47e6fa646bd2ac21be87f870) Importer(815301076,1909f56bfc062723c751e8b465ee728b)
Start importing Assets/Warped shooting fx files/Warped shooting fx files/Pixelart/hits/Hits-2/hits-2.aseprite using Guid(2b03337b47e6fa646bd2ac21be87f870) Importer(815301076,1909f56bfc062723c751e8b465ee728b) (PreviewImporter) -> (artifact id: 'f65f721d61c80b8374120547fed742e3') in 0.0547102 seconds
Number of updated asset objects reloaded before import = 0Number of asset objects unloaded after import = 18

========================================================================
Received Import Request.
  Time since last request: 0.931254 seconds.
  path: Assets/Warped shooting fx files/Warped shooting fx files/Pixelart/hits/Hits-2/frames
  artifactKey: Guid(198a5df7620cb914892d1acf8eca725b) Importer(815301076,1909f56bfc062723c751e8b465ee728b)
Start importing Assets/Warped shooting fx files/Warped shooting fx files/Pixelart/hits/Hits-2/frames using Guid(198a5df7620cb914892d1acf8eca725b) Importer(815301076,1909f56bfc062723c751e8b465ee728b) (PreviewImporter) -> (artifact id: 'cb489726126101c579e5337357e417a5') in 0.001072 seconds
Number of updated asset objects reloaded before import = 0Number of asset objects unloaded after import = 0

========================================================================
Received Import Request.
  Time since last request: 0.045279 seconds.
  path: Assets/Warped shooting fx files/Warped shooting fx files/Pixelart/hits/Hits-2/frames/hits-2-1.png
  artifactKey: Guid(5dad7b336950ea5428fffde2b4b81ab7) Importer(815301076,1909f56bfc062723c751e8b465ee728b)
Start importing Assets/Warped shooting fx files/Warped shooting fx files/Pixelart/hits/Hits-2/frames/hits-2-1.png using Guid(5dad7b336950ea5428fffde2b4b81ab7) Importer(815301076,1909f56bfc062723c751e8b465ee728b) (PreviewImporter) -> (artifact id: 'dc45d84aabdac11d5d254ac9ecd2ed56') in 0.0366081 seconds
Number of updated asset objects reloaded before import = 0Number of asset objects unloaded after import = 3

========================================================================
Received Import Request.
  Time since last request: 0.000078 seconds.
  path: Assets/Warped shooting fx files/Warped shooting fx files/Pixelart/hits/Hits-2/frames/hits-2-7.png
  artifactKey: Guid(f3460e31be045654b8a10265f49a3d7d) Importer(815301076,1909f56bfc062723c751e8b465ee728b)
Start importing Assets/Warped shooting fx files/Warped shooting fx files/Pixelart/hits/Hits-2/frames/hits-2-7.png using Guid(f3460e31be045654b8a10265f49a3d7d) Importer(815301076,1909f56bfc062723c751e8b465ee728b) (PreviewImporter) -> (artifact id: 'bbb2a5416cbd1e1a41ee3b9931c1bfc6') in 0.0509482 seconds
Number of updated asset objects reloaded before import = 0Number of asset objects unloaded after import = 6

========================================================================
Received Import Request.
  Time since last request: 0.000108 seconds.
  path: Assets/Warped shooting fx files/Warped shooting fx files/Pixelart/hits/Hits-2/frames/hits-2-3.png
  artifactKey: Guid(ce9e0ab78b5429f4695c3948462d2c94) Importer(815301076,1909f56bfc062723c751e8b465ee728b)
Start importing Assets/Warped shooting fx files/Warped shooting fx files/Pixelart/hits/Hits-2/frames/hits-2-3.png using Guid(ce9e0ab78b5429f4695c3948462d2c94) Importer(815301076,1909f56bfc062723c751e8b465ee728b) (PreviewImporter) -> (artifact id: 'b65f53d4ef9c6762e85f90d7f71a21d9') in 0.030549 seconds
Number of updated asset objects reloaded before import = 0Number of asset objects unloaded after import = 3

========================================================================
Received Import Request.
  Time since last request: 6.998638 seconds.
  path: Assets/Warped shooting fx files/Warped shooting fx files/Pixelart/hits/Hits-5/hits-5-preview.gif
  artifactKey: Guid(85261dc871ac2554b886f3bd7f184d81) Importer(815301076,1909f56bfc062723c751e8b465ee728b)
Start importing Assets/Warped shooting fx files/Warped shooting fx files/Pixelart/hits/Hits-5/hits-5-preview.gif using Guid(85261dc871ac2554b886f3bd7f184d81) Importer(815301076,1909f56bfc062723c751e8b465ee728b) (PreviewImporter) -> (artifact id: '12f4a1ccff8bfa93f754addf2d0da0c0') in 0.0153885 seconds
Number of updated asset objects reloaded before import = 0Number of asset objects unloaded after import = 3

========================================================================
Received Import Request.
  Time since last request: 3.342654 seconds.
  path: Assets/Warped shooting fx files/Warped shooting fx files/Pixelart/hits/Hits-5/frames/hits-5-2.png
  artifactKey: Guid(da6587ef959f4e245bde96a15ddba4e8) Importer(815301076,1909f56bfc062723c751e8b465ee728b)
Start importing Assets/Warped shooting fx files/Warped shooting fx files/Pixelart/hits/Hits-5/frames/hits-5-2.png using Guid(da6587ef959f4e245bde96a15ddba4e8) Importer(815301076,1909f56bfc062723c751e8b465ee728b) (PreviewImporter) -> (artifact id: 'a3c79654b52f4bc9d5d5f31b80b13623') in 0.0401472 seconds
Number of updated asset objects reloaded before import = 0Number of asset objects unloaded after import = 3

========================================================================
Received Import Request.
  Time since last request: 0.000067 seconds.
  path: Assets/Warped shooting fx files/Warped shooting fx files/Pixelart/hits/Hits-5/frames/hits-5-5.png
  artifactKey: Guid(02f2bcf564a78894496ef830c77defbd) Importer(815301076,1909f56bfc062723c751e8b465ee728b)
Start importing Assets/Warped shooting fx files/Warped shooting fx files/Pixelart/hits/Hits-5/frames/hits-5-5.png using Guid(02f2bcf564a78894496ef830c77defbd) Importer(815301076,1909f56bfc062723c751e8b465ee728b) (PreviewImporter) -> (artifact id: '0ab6c96cb7fb94ab45e635c58cd42452') in 0.0298162 seconds
Number of updated asset objects reloaded before import = 0Number of asset objects unloaded after import = 3

========================================================================
Received Import Request.
  Time since last request: 12.427618 seconds.
  path: Assets/Warped shooting fx files/Warped shooting fx files/Pixelart/hits/Hits-6/hits-6-preview.gif
  artifactKey: Guid(1c90fe4d874295642a75d9ee470ab6a3) Importer(815301076,1909f56bfc062723c751e8b465ee728b)
Start importing Assets/Warped shooting fx files/Warped shooting fx files/Pixelart/hits/Hits-6/hits-6-preview.gif using Guid(1c90fe4d874295642a75d9ee470ab6a3) Importer(815301076,1909f56bfc062723c751e8b465ee728b) (PreviewImporter) -> (artifact id: '059dd8cd3ea5df614f77a2aad9272753') in 0.0221128 seconds
Number of updated asset objects reloaded before import = 0Number of asset objects unloaded after import = 3

========================================================================
Received Import Request.
  Time since last request: 1.596781 seconds.
  path: Assets/Warped shooting fx files/Warped shooting fx files/Pixelart/hits/Hits-6/frames/hits-6-preview2.png
  artifactKey: Guid(ca1403809d0585c40b70da8cfc79d69a) Importer(815301076,1909f56bfc062723c751e8b465ee728b)
Start importing Assets/Warped shooting fx files/Warped shooting fx files/Pixelart/hits/Hits-6/frames/hits-6-preview2.png using Guid(ca1403809d0585c40b70da8cfc79d69a) Importer(815301076,1909f56bfc062723c751e8b465ee728b) (PreviewImporter) -> (artifact id: '74e8be03d6db63268823d89a2d95c363') in 0.0211939 seconds
Number of updated asset objects reloaded before import = 0Number of asset objects unloaded after import = 3

========================================================================
Received Import Request.
  Time since last request: 0.000071 seconds.
  path: Assets/Warped shooting fx files/Warped shooting fx files/Pixelart/hits/Hits-6/frames/hits-6-preview6.png
  artifactKey: Guid(680fde91276eed649b8f10aa2ccdb916) Importer(815301076,1909f56bfc062723c751e8b465ee728b)
Start importing Assets/Warped shooting fx files/Warped shooting fx files/Pixelart/hits/Hits-6/frames/hits-6-preview6.png using Guid(680fde91276eed649b8f10aa2ccdb916) Importer(815301076,1909f56bfc062723c751e8b465ee728b) (PreviewImporter) -> (artifact id: '98f8a9e5679336c87cbfbd3fe9b7b2ec') in 0.041303 seconds
Number of updated asset objects reloaded before import = 0Number of asset objects unloaded after import = 4

========================================================================
Received Import Request.
  Time since last request: 29.939738 seconds.
  path: Assets/Prefabs/frames 1/hits-2-2.png
  artifactKey: Guid(50e510ef90ce9454f86fd5507bf4efda) Importer(815301076,1909f56bfc062723c751e8b465ee728b)
Start importing Assets/Prefabs/frames 1/hits-2-2.png using Guid(50e510ef90ce9454f86fd5507bf4efda) Importer(815301076,1909f56bfc062723c751e8b465ee728b) (PreviewImporter) -> (artifact id: '2a85fd07803d93aab2bf6ed0f8ebd7c1') in 0.0168323 seconds
Number of updated asset objects reloaded before import = 0Number of asset objects unloaded after import = 3

========================================================================
Received Import Request.
  Time since last request: 0.000037 seconds.
  path: Assets/Prefabs/frames 1/hits-2-5.png
  artifactKey: Guid(e2a27f1c575f24c4fa9b8abfe533a6c5) Importer(815301076,1909f56bfc062723c751e8b465ee728b)
Start importing Assets/Prefabs/frames 1/hits-2-5.png using Guid(e2a27f1c575f24c4fa9b8abfe533a6c5) Importer(815301076,1909f56bfc062723c751e8b465ee728b) (PreviewImporter) -> (artifact id: 'd520871ec6329fe75f136c3bad4ac286') in 0.0361186 seconds
Number of updated asset objects reloaded before import = 0Number of asset objects unloaded after import = 6

Editor requested this worker to shutdown with reason: Scaling down because of idle timeout
AssetImportWorker is now disconnected from the server
Process exiting
Exiting without the bug reporter. Application will terminate with return code 0