Using pre-set license
Built from '6000.0/staging' branch; Version is '6000.0.24f1 (11fa355cd605) revision 1178165'; Using compiler version '193933523'; Build Type 'Release'
OS: 'Windows 11  (10.0.22631) 64bit Professional' Language: 'ru' Physical Memory: 31861 MB
BatchMode: 1, IsHumanControllingUs: 0, StartBugReporterOnCrash: 0, Is64bit: 1, IsPro: 1

COMMAND LINE ARGUMENTS:
C:\Program Files\Unity\Hub\Editor\6000.0.24f1\Editor\Unity.exe
-adb2
-batchMode
-noUpm
-name
AssetImportWorker4
-projectPath
C:/Users/User/SemestrProject/popaaa123
-logFile
Logs/AssetImportWorker4.log
-srvPort
53365
-job-worker-count
11
-background-job-worker-count
8
-asset-garbage-collectors
1
Successfully changed project path to: C:/Users/User/SemestrProject/popaaa123
C:/Users/User/SemestrProject/popaaa123
[UnityMemory] Configuration Parameters - Can be set up in boot.config
    "memorysetup-bucket-allocator-granularity=16"
    "memorysetup-bucket-allocator-bucket-count=8"
    "memorysetup-bucket-allocator-block-size=33554432"
    "memorysetup-bucket-allocator-block-count=8"
    "memorysetup-main-allocator-block-size=16777216"
    "memorysetup-thread-allocator-block-size=16777216"
    "memorysetup-gfx-main-allocator-block-size=16777216"
    "memorysetup-gfx-thread-allocator-block-size=16777216"
    "memorysetup-cache-allocator-block-size=4194304"
    "memorysetup-typetree-allocator-block-size=2097152"
    "memorysetup-profiler-bucket-allocator-granularity=16"
    "memorysetup-profiler-bucket-allocator-bucket-count=8"
    "memorysetup-profiler-bucket-allocator-block-size=33554432"
    "memorysetup-profiler-bucket-allocator-block-count=8"
    "memorysetup-profiler-allocator-block-size=16777216"
    "memorysetup-profiler-editor-allocator-block-size=1048576"
    "memorysetup-temp-allocator-size-main=16777216"
    "memorysetup-job-temp-allocator-block-size=2097152"
    "memorysetup-job-temp-allocator-block-size-background=1048576"
    "memorysetup-job-temp-allocator-reduction-small-platforms=262144"
    "memorysetup-allocator-temp-initial-block-size-main=262144"
    "memorysetup-allocator-temp-initial-block-size-worker=262144"
    "memorysetup-temp-allocator-size-background-worker=32768"
    "memorysetup-temp-allocator-size-job-worker=262144"
    "memorysetup-temp-allocator-size-preload-manager=33554432"
    "memorysetup-temp-allocator-size-nav-mesh-worker=65536"
    "memorysetup-temp-allocator-size-audio-worker=65536"
    "memorysetup-temp-allocator-size-cloud-worker=32768"
    "memorysetup-temp-allocator-size-gi-baking-worker=262144"
    "memorysetup-temp-allocator-size-gi-baking-worker=262144"
    "memorysetup-temp-allocator-size-gi-baking-worker=262144"
    "memorysetup-temp-allocator-size-gi-baking-worker=262144"
    "memorysetup-temp-allocator-size-gi-baking-worker=262144"
    "memorysetup-temp-allocator-size-gfx=262144"
Player connection [4948]  Target information:

Player connection [4948]  * "[IP] 10.119.129.142 [Port] 0 [Flags] 2 [Guid] 26153309 [EditorId] 26153309 [Version] 1048832 [Id] WindowsEditor(7,burnout44) [Debug] 1 [PackageName] WindowsEditor [ProjectName] Editor" 

Player connection [4948]  * "[IP] 192.168.1.77 [Port] 0 [Flags] 2 [Guid] 26153309 [EditorId] 26153309 [Version] 1048832 [Id] WindowsEditor(7,burnout44) [Debug] 1 [PackageName] WindowsEditor [ProjectName] Editor" 

Player connection [4948] Host joined multi-casting on [225.0.0.222:54997]...
Player connection [4948] Host joined alternative multi-casting on [225.0.0.222:34997]...
JobSystem: Creating JobQueue using job-worker-count value 11
[Physics::Module] Initialized fallback backend.
[Physics::Module] Id: 0xdecafbad
Library Redirect Path: Library/
[Physics::Module] Selected backend.
[Physics::Module] Name: PhysX
[Physics::Module] Id: 0xf2b8ea05
[Physics::Module] SDK Version: 4.1.2
[Physics::Module] Integration Version: 1.0.0
[Physics::Module] Threading Mode: Multi-Threaded
Refreshing native plugins compatible for Editor in 1.98 ms, found 4 plugins.
Preloading 0 native plugins for Editor in 0.00 ms.
Initialize engine version: 6000.0.24f1 (11fa355cd605)
[Subsystems] Discovering subsystems at path C:/Program Files/Unity/Hub/Editor/6000.0.24f1/Editor/Data/Resources/UnitySubsystems
[Subsystems] Discovering subsystems at path C:/Users/User/SemestrProject/popaaa123/Assets
GfxDevice: creating device client; kGfxThreadingModeNonThreaded
Direct3D:
    Version:  Direct3D 11.0 [level 11.1]
    Renderer: NVIDIA GeForce RTX 4060 (ID=0x2882)
    Vendor:   NVIDIA
    VRAM:     7957 MB
    Driver:   32.0.15.6603
Initialize mono
Mono path[0] = 'C:/Program Files/Unity/Hub/Editor/6000.0.24f1/Editor/Data/Managed'
Mono path[1] = 'C:/Program Files/Unity/Hub/Editor/6000.0.24f1/Editor/Data/MonoBleedingEdge/lib/mono/unityjit-win32'
Mono config path = 'C:/Program Files/Unity/Hub/Editor/6000.0.24f1/Editor/Data/MonoBleedingEdge/etc'
Using monoOptions --debugger-agent=transport=dt_socket,embedding=1,server=y,suspend=n,address=127.0.0.1:56112
Begin MonoManager ReloadAssembly
Registering precompiled unity dll's ...
Register platform support module: C:/Program Files/Unity/Hub/Editor/6000.0.24f1/Editor/Data/PlaybackEngines/WindowsStandaloneSupport/UnityEditor.WindowsStandalone.Extensions.dll
Registered in 0.001863 seconds.
- Loaded All Assemblies, in  0.358 seconds
Native extension for WindowsStandalone target not found
Mono: successfully reloaded assembly
- Finished resetting the current domain, in  0.233 seconds
Domain Reload Profiling: 589ms
	BeginReloadAssembly (140ms)
		ExecutionOrderSort (0ms)
		DisableScriptedObjects (0ms)
		BackupInstance (0ms)
		ReleaseScriptingObjects (0ms)
		CreateAndSetChildDomain (0ms)
	RebuildCommonClasses (35ms)
	RebuildNativeTypeToScriptingClass (8ms)
	initialDomainReloadingComplete (38ms)
	LoadAllAssembliesAndSetupDomain (134ms)
		LoadAssemblies (140ms)
		RebuildTransferFunctionScriptingTraits (0ms)
		AnalyzeDomain (131ms)
			TypeCache.Refresh (130ms)
				TypeCache.ScanAssembly (114ms)
			BuildScriptInfoCaches (0ms)
			ResolveRequiredComponents (0ms)
	FinalizeReload (233ms)
		ReleaseScriptCaches (0ms)
		RebuildScriptCaches (0ms)
		SetupLoadedEditorAssemblies (202ms)
			LogAssemblyErrors (0ms)
			InitializePlatformSupportModulesInManaged (17ms)
			SetLoadedEditorAssemblies (3ms)
			BeforeProcessingInitializeOnLoad (8ms)
			ProcessInitializeOnLoadAttributes (132ms)
			ProcessInitializeOnLoadMethodAttributes (41ms)
			AfterProcessingInitializeOnLoad (2ms)
			EditorAssembliesLoaded (0ms)
		ExecutionOrderSort2 (0ms)
		AwakeInstancesAfterBackupRestoration (0ms)
========================================================================
Worker process is ready to serve import requests
Import Worker Mode flag is 0x00
Begin MonoManager ReloadAssembly
- Loaded All Assemblies, in  0.933 seconds
Refreshing native plugins compatible for Editor in 1.10 ms, found 4 plugins.
Native extension for WindowsStandalone target not found
Mono: successfully reloaded assembly
- Finished resetting the current domain, in  0.719 seconds
Domain Reload Profiling: 1648ms
	BeginReloadAssembly (296ms)
		ExecutionOrderSort (0ms)
		DisableScriptedObjects (3ms)
		BackupInstance (0ms)
		ReleaseScriptingObjects (0ms)
		CreateAndSetChildDomain (23ms)
	RebuildCommonClasses (22ms)
	RebuildNativeTypeToScriptingClass (7ms)
	initialDomainReloadingComplete (25ms)
	LoadAllAssembliesAndSetupDomain (579ms)
		LoadAssemblies (394ms)
		RebuildTransferFunctionScriptingTraits (0ms)
		AnalyzeDomain (243ms)
			TypeCache.Refresh (187ms)
				TypeCache.ScanAssembly (174ms)
			BuildScriptInfoCaches (47ms)
			ResolveRequiredComponents (7ms)
	FinalizeReload (719ms)
		ReleaseScriptCaches (0ms)
		RebuildScriptCaches (0ms)
		SetupLoadedEditorAssemblies (509ms)
			LogAssemblyErrors (0ms)
			InitializePlatformSupportModulesInManaged (1ms)
			SetLoadedEditorAssemblies (4ms)
			BeforeProcessingInitializeOnLoad (51ms)
			ProcessInitializeOnLoadAttributes (349ms)
			ProcessInitializeOnLoadMethodAttributes (99ms)
			AfterProcessingInitializeOnLoad (5ms)
			EditorAssembliesLoaded (0ms)
		ExecutionOrderSort2 (0ms)
		AwakeInstancesAfterBackupRestoration (3ms)
Launched and connected shader compiler UnityShaderCompiler.exe after 0.02 seconds
Refreshing native plugins compatible for Editor in 1.00 ms, found 4 plugins.
Preloading 0 native plugins for Editor in 0.00 ms.
Unloading 267 Unused Serialized files (Serialized files now loaded: 0)
Unloading 6688 unused Assets / (6.2 MB). Loaded Objects now: 7514.
Memory consumption went from 220.8 MB to 214.6 MB.
Total: 7.318800 ms (FindLiveObjects: 0.587000 ms CreateObjectMapping: 0.235900 ms MarkObjects: 4.706200 ms  DeleteObjects: 1.788800 ms)

========================================================================
Received Import Request.
  Time since last request: 58021.216211 seconds.
  path: Assets/Pics/Sprites/frame1.png
  artifactKey: Guid(104a89e8e4f9f8843979fbcbab5ef843) Importer(815301076,1909f56bfc062723c751e8b465ee728b)
Start importing Assets/Pics/Sprites/frame1.png using Guid(104a89e8e4f9f8843979fbcbab5ef843) Importer(815301076,1909f56bfc062723c751e8b465ee728b) (PreviewImporter) -> (artifact id: '2b217e065a8b93aa4a0dee61afa0c934') in 0.0559035 seconds
Number of updated asset objects reloaded before import = 0Number of asset objects unloaded after import = 3

========================================================================
Received Import Request.
  Time since last request: 0.000013 seconds.
  path: Assets/Pics/Sprites/frame6.png
  artifactKey: Guid(65b57b6b2f8b4d74cbb9586fc3a41c9e) Importer(815301076,1909f56bfc062723c751e8b465ee728b)
Start importing Assets/Pics/Sprites/frame6.png using Guid(65b57b6b2f8b4d74cbb9586fc3a41c9e) Importer(815301076,1909f56bfc062723c751e8b465ee728b) (PreviewImporter) -> (artifact id: '369af46e460fc1ed37c5e3fe04dcd31c') in 0.0235572 seconds
Number of updated asset objects reloaded before import = 0Number of asset objects unloaded after import = 12

========================================================================
Received Prepare
Begin MonoManager ReloadAssembly
- Loaded All Assemblies, in  0.472 seconds
Refreshing native plugins compatible for Editor in 0.99 ms, found 4 plugins.
Native extension for WindowsStandalone target not found
Mono: successfully reloaded assembly
- Finished resetting the current domain, in  0.588 seconds
Domain Reload Profiling: 1059ms
	BeginReloadAssembly (139ms)
		ExecutionOrderSort (0ms)
		DisableScriptedObjects (7ms)
		BackupInstance (0ms)
		ReleaseScriptingObjects (0ms)
		CreateAndSetChildDomain (37ms)
	RebuildCommonClasses (22ms)
	RebuildNativeTypeToScriptingClass (8ms)
	initialDomainReloadingComplete (17ms)
	LoadAllAssembliesAndSetupDomain (284ms)
		LoadAssemblies (221ms)
		RebuildTransferFunctionScriptingTraits (0ms)
		AnalyzeDomain (126ms)
			TypeCache.Refresh (4ms)
				TypeCache.ScanAssembly (0ms)
			BuildScriptInfoCaches (113ms)
			ResolveRequiredComponents (7ms)
	FinalizeReload (588ms)
		ReleaseScriptCaches (0ms)
		RebuildScriptCaches (0ms)
		SetupLoadedEditorAssemblies (390ms)
			LogAssemblyErrors (0ms)
			InitializePlatformSupportModulesInManaged (2ms)
			SetLoadedEditorAssemblies (4ms)
			BeforeProcessingInitializeOnLoad (47ms)
			ProcessInitializeOnLoadAttributes (289ms)
			ProcessInitializeOnLoadMethodAttributes (42ms)
			AfterProcessingInitializeOnLoad (5ms)
			EditorAssembliesLoaded (0ms)
		ExecutionOrderSort2 (0ms)
		AwakeInstancesAfterBackupRestoration (10ms)
Refreshing native plugins compatible for Editor in 1.77 ms, found 4 plugins.
Preloading 0 native plugins for Editor in 0.00 ms.
Unloading 25 Unused Serialized files (Serialized files now loaded: 0)
Unloading 6686 unused Assets / (6.4 MB). Loaded Objects now: 7539.
Memory consumption went from 179.2 MB to 172.8 MB.
Total: 10.074500 ms (FindLiveObjects: 0.846200 ms CreateObjectMapping: 0.799800 ms MarkObjects: 5.743200 ms  DeleteObjects: 2.684600 ms)

Prepare: number of updated asset objects reloaded= 0
========================================================================
Received Prepare
Begin MonoManager ReloadAssembly
- Loaded All Assemblies, in  0.442 seconds
Refreshing native plugins compatible for Editor in 1.15 ms, found 4 plugins.
Native extension for WindowsStandalone target not found
Mono: successfully reloaded assembly
- Finished resetting the current domain, in  0.554 seconds
Domain Reload Profiling: 996ms
	BeginReloadAssembly (132ms)
		ExecutionOrderSort (0ms)
		DisableScriptedObjects (8ms)
		BackupInstance (0ms)
		ReleaseScriptingObjects (0ms)
		CreateAndSetChildDomain (37ms)
	RebuildCommonClasses (20ms)
	RebuildNativeTypeToScriptingClass (8ms)
	initialDomainReloadingComplete (16ms)
	LoadAllAssembliesAndSetupDomain (264ms)
		LoadAssemblies (197ms)
		RebuildTransferFunctionScriptingTraits (0ms)
		AnalyzeDomain (124ms)
			TypeCache.Refresh (4ms)
				TypeCache.ScanAssembly (0ms)
			BuildScriptInfoCaches (111ms)
			ResolveRequiredComponents (6ms)
	FinalizeReload (555ms)
		ReleaseScriptCaches (0ms)
		RebuildScriptCaches (0ms)
		SetupLoadedEditorAssemblies (360ms)
			LogAssemblyErrors (0ms)
			InitializePlatformSupportModulesInManaged (1ms)
			SetLoadedEditorAssemblies (3ms)
			BeforeProcessingInitializeOnLoad (46ms)
			ProcessInitializeOnLoadAttributes (266ms)
			ProcessInitializeOnLoadMethodAttributes (39ms)
			AfterProcessingInitializeOnLoad (6ms)
			EditorAssembliesLoaded (0ms)
		ExecutionOrderSort2 (0ms)
		AwakeInstancesAfterBackupRestoration (10ms)
Refreshing native plugins compatible for Editor in 1.47 ms, found 4 plugins.
Preloading 0 native plugins for Editor in 0.00 ms.
Unloading 25 Unused Serialized files (Serialized files now loaded: 0)
Unloading 6686 unused Assets / (5.9 MB). Loaded Objects now: 7541.
Memory consumption went from 179.2 MB to 173.3 MB.
Total: 8.773600 ms (FindLiveObjects: 0.746800 ms CreateObjectMapping: 0.658200 ms MarkObjects: 4.757900 ms  DeleteObjects: 2.610000 ms)

Prepare: number of updated asset objects reloaded= 0
========================================================================
Received Prepare
Begin MonoManager ReloadAssembly
- Loaded All Assemblies, in  0.457 seconds
Refreshing native plugins compatible for Editor in 0.90 ms, found 4 plugins.
Native extension for WindowsStandalone target not found
Mono: successfully reloaded assembly
- Finished resetting the current domain, in  0.624 seconds
Domain Reload Profiling: 1080ms
	BeginReloadAssembly (132ms)
		ExecutionOrderSort (0ms)
		DisableScriptedObjects (8ms)
		BackupInstance (0ms)
		ReleaseScriptingObjects (0ms)
		CreateAndSetChildDomain (38ms)
	RebuildCommonClasses (21ms)
	RebuildNativeTypeToScriptingClass (10ms)
	initialDomainReloadingComplete (19ms)
	LoadAllAssembliesAndSetupDomain (274ms)
		LoadAssemblies (197ms)
		RebuildTransferFunctionScriptingTraits (0ms)
		AnalyzeDomain (131ms)
			TypeCache.Refresh (4ms)
				TypeCache.ScanAssembly (0ms)
			BuildScriptInfoCaches (118ms)
			ResolveRequiredComponents (7ms)
	FinalizeReload (625ms)
		ReleaseScriptCaches (0ms)
		RebuildScriptCaches (0ms)
		SetupLoadedEditorAssemblies (427ms)
			LogAssemblyErrors (0ms)
			InitializePlatformSupportModulesInManaged (1ms)
			SetLoadedEditorAssemblies (4ms)
			BeforeProcessingInitializeOnLoad (47ms)
			ProcessInitializeOnLoadAttributes (325ms)
			ProcessInitializeOnLoadMethodAttributes (44ms)
			AfterProcessingInitializeOnLoad (6ms)
			EditorAssembliesLoaded (0ms)
		ExecutionOrderSort2 (0ms)
		AwakeInstancesAfterBackupRestoration (10ms)
Refreshing native plugins compatible for Editor in 1.62 ms, found 4 plugins.
Preloading 0 native plugins for Editor in 0.00 ms.
Unloading 25 Unused Serialized files (Serialized files now loaded: 0)
Unloading 6686 unused Assets / (6.2 MB). Loaded Objects now: 7543.
Memory consumption went from 179.3 MB to 173.1 MB.
Total: 7.856700 ms (FindLiveObjects: 0.674300 ms CreateObjectMapping: 0.554800 ms MarkObjects: 4.454100 ms  DeleteObjects: 2.172900 ms)

Prepare: number of updated asset objects reloaded= 0
========================================================================
Received Prepare
Begin MonoManager ReloadAssembly
- Loaded All Assemblies, in  0.454 seconds
Refreshing native plugins compatible for Editor in 0.89 ms, found 4 plugins.
Native extension for WindowsStandalone target not found
Mono: successfully reloaded assembly
- Finished resetting the current domain, in  0.592 seconds
Domain Reload Profiling: 1045ms
	BeginReloadAssembly (132ms)
		ExecutionOrderSort (0ms)
		DisableScriptedObjects (7ms)
		BackupInstance (0ms)
		ReleaseScriptingObjects (0ms)
		CreateAndSetChildDomain (36ms)
	RebuildCommonClasses (20ms)
	RebuildNativeTypeToScriptingClass (8ms)
	initialDomainReloadingComplete (16ms)
	LoadAllAssembliesAndSetupDomain (276ms)
		LoadAssemblies (204ms)
		RebuildTransferFunctionScriptingTraits (0ms)
		AnalyzeDomain (130ms)
			TypeCache.Refresh (4ms)
				TypeCache.ScanAssembly (0ms)
			BuildScriptInfoCaches (118ms)
			ResolveRequiredComponents (7ms)
	FinalizeReload (592ms)
		ReleaseScriptCaches (0ms)
		RebuildScriptCaches (0ms)
		SetupLoadedEditorAssemblies (392ms)
			LogAssemblyErrors (0ms)
			InitializePlatformSupportModulesInManaged (1ms)
			SetLoadedEditorAssemblies (4ms)
			BeforeProcessingInitializeOnLoad (47ms)
			ProcessInitializeOnLoadAttributes (291ms)
			ProcessInitializeOnLoadMethodAttributes (42ms)
			AfterProcessingInitializeOnLoad (6ms)
			EditorAssembliesLoaded (0ms)
		ExecutionOrderSort2 (0ms)
		AwakeInstancesAfterBackupRestoration (10ms)
Refreshing native plugins compatible for Editor in 1.17 ms, found 4 plugins.
Preloading 0 native plugins for Editor in 0.00 ms.
Unloading 25 Unused Serialized files (Serialized files now loaded: 0)
Unloading 6686 unused Assets / (6.7 MB). Loaded Objects now: 7545.
Memory consumption went from 179.3 MB to 172.5 MB.
Total: 9.180700 ms (FindLiveObjects: 0.586300 ms CreateObjectMapping: 0.721000 ms MarkObjects: 5.016400 ms  DeleteObjects: 2.856200 ms)

Prepare: number of updated asset objects reloaded= 0
========================================================================
Received Prepare
Begin MonoManager ReloadAssembly
- Loaded All Assemblies, in  0.456 seconds
Refreshing native plugins compatible for Editor in 1.22 ms, found 4 plugins.
Native extension for WindowsStandalone target not found
Mono: successfully reloaded assembly
- Finished resetting the current domain, in  0.532 seconds
Domain Reload Profiling: 987ms
	BeginReloadAssembly (133ms)
		ExecutionOrderSort (0ms)
		DisableScriptedObjects (8ms)
		BackupInstance (0ms)
		ReleaseScriptingObjects (0ms)
		CreateAndSetChildDomain (34ms)
	RebuildCommonClasses (20ms)
	RebuildNativeTypeToScriptingClass (8ms)
	initialDomainReloadingComplete (19ms)
	LoadAllAssembliesAndSetupDomain (275ms)
		LoadAssemblies (201ms)
		RebuildTransferFunctionScriptingTraits (0ms)
		AnalyzeDomain (132ms)
			TypeCache.Refresh (4ms)
				TypeCache.ScanAssembly (0ms)
			BuildScriptInfoCaches (118ms)
			ResolveRequiredComponents (7ms)
	FinalizeReload (532ms)
		ReleaseScriptCaches (0ms)
		RebuildScriptCaches (0ms)
		SetupLoadedEditorAssemblies (355ms)
			LogAssemblyErrors (0ms)
			InitializePlatformSupportModulesInManaged (1ms)
			SetLoadedEditorAssemblies (4ms)
			BeforeProcessingInitializeOnLoad (46ms)
			ProcessInitializeOnLoadAttributes (266ms)
			ProcessInitializeOnLoadMethodAttributes (32ms)
			AfterProcessingInitializeOnLoad (5ms)
			EditorAssembliesLoaded (0ms)
		ExecutionOrderSort2 (0ms)
		AwakeInstancesAfterBackupRestoration (9ms)
Refreshing native plugins compatible for Editor in 1.39 ms, found 4 plugins.
Preloading 0 native plugins for Editor in 0.00 ms.
Unloading 25 Unused Serialized files (Serialized files now loaded: 0)
Unloading 6686 unused Assets / (6.3 MB). Loaded Objects now: 7547.
Memory consumption went from 179.3 MB to 173.0 MB.
Total: 8.164300 ms (FindLiveObjects: 0.755500 ms CreateObjectMapping: 0.561500 ms MarkObjects: 4.633300 ms  DeleteObjects: 2.213500 ms)

Prepare: number of updated asset objects reloaded= 0
========================================================================
Received Import Request.
  Time since last request: 276.122696 seconds.
  path: Assets/Pics/Sprites/frame1.png
  artifactKey: Guid(104a89e8e4f9f8843979fbcbab5ef843) Importer(815301076,1909f56bfc062723c751e8b465ee728b)
Start importing Assets/Pics/Sprites/frame1.png using Guid(104a89e8e4f9f8843979fbcbab5ef843) Importer(815301076,1909f56bfc062723c751e8b465ee728b) (PreviewImporter) -> (artifact id: 'b5856303cbed52d3e9b0b32217391be2') in 0.0828964 seconds
Number of updated asset objects reloaded before import = 0Number of asset objects unloaded after import = 3

========================================================================
Received Import Request.
  Time since last request: 19.634877 seconds.
  path: Assets/Pics/Sprites/frame2.png
  artifactKey: Guid(c86e05acc44575148a333a9bd6db84f2) Importer(815301076,1909f56bfc062723c751e8b465ee728b)
Start importing Assets/Pics/Sprites/frame2.png using Guid(c86e05acc44575148a333a9bd6db84f2) Importer(815301076,1909f56bfc062723c751e8b465ee728b) (PreviewImporter) -> (artifact id: 'fad087b8bd96c95185fd6f6b3367c1ab') in 0.1588361 seconds
Number of updated asset objects reloaded before import = 0Number of asset objects unloaded after import = 3

========================================================================
Received Import Request.
  Time since last request: 26.475802 seconds.
  path: Assets/Pics/Sprites/frame3.png
  artifactKey: Guid(d204b56286c03ba43a991a167be58d22) Importer(815301076,1909f56bfc062723c751e8b465ee728b)
Start importing Assets/Pics/Sprites/frame3.png using Guid(d204b56286c03ba43a991a167be58d22) Importer(815301076,1909f56bfc062723c751e8b465ee728b) (PreviewImporter) -> (artifact id: '18b12625e7089e3e0883904031800020') in 0.0424174 seconds
Number of updated asset objects reloaded before import = 0Number of asset objects unloaded after import = 3

========================================================================
Received Import Request.
  Time since last request: 76.176840 seconds.
  path: Assets/Pics/Sprites/frame4.png
  artifactKey: Guid(9ca9e6d029b9f57438779635cf6b2e88) Importer(815301076,1909f56bfc062723c751e8b465ee728b)
Start importing Assets/Pics/Sprites/frame4.png using Guid(9ca9e6d029b9f57438779635cf6b2e88) Importer(815301076,1909f56bfc062723c751e8b465ee728b) (PreviewImporter) -> (artifact id: '6598b6a1514e9455f25e7761b9d03f69') in 0.0539181 seconds
Number of updated asset objects reloaded before import = 0Number of asset objects unloaded after import = 3

========================================================================
Received Import Request.
  Time since last request: 47.734472 seconds.
  path: Assets/Pics/Sprites/frame5.png
  artifactKey: Guid(4300d803f2f08ca41a2a186977bff8ff) Importer(815301076,1909f56bfc062723c751e8b465ee728b)
Start importing Assets/Pics/Sprites/frame5.png using Guid(4300d803f2f08ca41a2a186977bff8ff) Importer(815301076,1909f56bfc062723c751e8b465ee728b) (PreviewImporter) -> (artifact id: '379b113316e0f279bcd42851cd6e593c') in 0.0584979 seconds
Number of updated asset objects reloaded before import = 0Number of asset objects unloaded after import = 7

========================================================================
Received Import Request.
  Time since last request: 24.735463 seconds.
  path: Assets/Pics/Sprites/frame6.png
  artifactKey: Guid(65b57b6b2f8b4d74cbb9586fc3a41c9e) Importer(815301076,1909f56bfc062723c751e8b465ee728b)
Start importing Assets/Pics/Sprites/frame6.png using Guid(65b57b6b2f8b4d74cbb9586fc3a41c9e) Importer(815301076,1909f56bfc062723c751e8b465ee728b) (PreviewImporter) -> (artifact id: '9d32311c1d615fefc235e36c83ccc9cd') in 0.3274822 seconds
Number of updated asset objects reloaded before import = 0Number of asset objects unloaded after import = 12

========================================================================
Received Prepare
Begin MonoManager ReloadAssembly
- Loaded All Assemblies, in  0.474 seconds
Refreshing native plugins compatible for Editor in 0.94 ms, found 4 plugins.
Native extension for WindowsStandalone target not found
Mono: successfully reloaded assembly
- Finished resetting the current domain, in  0.541 seconds
Domain Reload Profiling: 1015ms
	BeginReloadAssembly (138ms)
		ExecutionOrderSort (0ms)
		DisableScriptedObjects (7ms)
		BackupInstance (0ms)
		ReleaseScriptingObjects (0ms)
		CreateAndSetChildDomain (41ms)
	RebuildCommonClasses (21ms)
	RebuildNativeTypeToScriptingClass (8ms)
	initialDomainReloadingComplete (17ms)
	LoadAllAssembliesAndSetupDomain (289ms)
		LoadAssemblies (205ms)
		RebuildTransferFunctionScriptingTraits (0ms)
		AnalyzeDomain (142ms)
			TypeCache.Refresh (4ms)
				TypeCache.ScanAssembly (0ms)
			BuildScriptInfoCaches (128ms)
			ResolveRequiredComponents (8ms)
	FinalizeReload (542ms)
		ReleaseScriptCaches (0ms)
		RebuildScriptCaches (0ms)
		SetupLoadedEditorAssemblies (354ms)
			LogAssemblyErrors (0ms)
			InitializePlatformSupportModulesInManaged (1ms)
			SetLoadedEditorAssemblies (4ms)
			BeforeProcessingInitializeOnLoad (46ms)
			ProcessInitializeOnLoadAttributes (262ms)
			ProcessInitializeOnLoadMethodAttributes (36ms)
			AfterProcessingInitializeOnLoad (5ms)
			EditorAssembliesLoaded (0ms)
		ExecutionOrderSort2 (0ms)
		AwakeInstancesAfterBackupRestoration (8ms)
Refreshing native plugins compatible for Editor in 1.23 ms, found 4 plugins.
Preloading 0 native plugins for Editor in 0.00 ms.
Unloading 25 Unused Serialized files (Serialized files now loaded: 0)
Unloading 6686 unused Assets / (6.2 MB). Loaded Objects now: 7563.
Memory consumption went from 181.2 MB to 175.0 MB.
Total: 8.345300 ms (FindLiveObjects: 0.671800 ms CreateObjectMapping: 0.490000 ms MarkObjects: 4.847900 ms  DeleteObjects: 2.335000 ms)

Prepare: number of updated asset objects reloaded= 0
========================================================================
Received Import Request.
  Time since last request: 226.304509 seconds.
  path: Assets/Warped shooting fx files
  artifactKey: Guid(18aa81177a93db548942b2d2efc66221) Importer(815301076,1909f56bfc062723c751e8b465ee728b)
Start importing Assets/Warped shooting fx files using Guid(18aa81177a93db548942b2d2efc66221) Importer(815301076,1909f56bfc062723c751e8b465ee728b) (PreviewImporter) -> (artifact id: '799383f4eafb19e0167827ed4f429c19') in 0.0074237 seconds
Number of updated asset objects reloaded before import = 0Number of asset objects unloaded after import = 0

========================================================================
Received Import Request.
  Time since last request: 1.921053 seconds.
  path: Assets/Warped shooting fx files/Warped shooting fx files
  artifactKey: Guid(cfc62590596f80042a66e86f37605ae5) Importer(815301076,1909f56bfc062723c751e8b465ee728b)
Start importing Assets/Warped shooting fx files/Warped shooting fx files using Guid(cfc62590596f80042a66e86f37605ae5) Importer(815301076,1909f56bfc062723c751e8b465ee728b) (PreviewImporter) -> (artifact id: 'acdf686f3dfd737983cd2f4812f70850') in 0.0004434 seconds
Number of updated asset objects reloaded before import = 0Number of asset objects unloaded after import = 0

========================================================================
Received Import Request.
  Time since last request: 1.404569 seconds.
  path: Assets/Warped shooting fx files/Warped shooting fx files/Pixelart
  artifactKey: Guid(efc0462d8e458be4383eaeda5a9cda65) Importer(815301076,1909f56bfc062723c751e8b465ee728b)
Start importing Assets/Warped shooting fx files/Warped shooting fx files/Pixelart using Guid(efc0462d8e458be4383eaeda5a9cda65) Importer(815301076,1909f56bfc062723c751e8b465ee728b) (PreviewImporter) -> (artifact id: '7a89d0dfb8cf67af4b5f74845375bb12') in 0.0003801 seconds
Number of updated asset objects reloaded before import = 0Number of asset objects unloaded after import = 0

========================================================================
Received Import Request.
  Time since last request: 2.566019 seconds.
  path: Assets/Warped shooting fx files/Warped shooting fx files/Pixelart/Bolt
  artifactKey: Guid(58ffe1af34598bf4696188f5b33137b0) Importer(815301076,1909f56bfc062723c751e8b465ee728b)
Start importing Assets/Warped shooting fx files/Warped shooting fx files/Pixelart/Bolt using Guid(58ffe1af34598bf4696188f5b33137b0) Importer(815301076,1909f56bfc062723c751e8b465ee728b) (PreviewImporter) -> (artifact id: 'b7265bc6abecf068d9296029196e021f') in 0.0003897 seconds
Number of updated asset objects reloaded before import = 0Number of asset objects unloaded after import = 0

========================================================================
Received Import Request.
  Time since last request: 0.092019 seconds.
  path: Assets/Warped shooting fx files/Warped shooting fx files/Pixelart/Bolt/bolt.aseprite
  artifactKey: Guid(10c03de1c885ad94d95569dfe76e9220) Importer(815301076,1909f56bfc062723c751e8b465ee728b)
Start importing Assets/Warped shooting fx files/Warped shooting fx files/Pixelart/Bolt/bolt.aseprite using Guid(10c03de1c885ad94d95569dfe76e9220) Importer(815301076,1909f56bfc062723c751e8b465ee728b) (PreviewImporter) -> (artifact id: '81c5e248f48ed6800b02efb62627fac1') in 0.3183183 seconds
Number of updated asset objects reloaded before import = 0Number of asset objects unloaded after import = 15

========================================================================
Received Import Request.
  Time since last request: 5.011161 seconds.
  path: Assets/Warped shooting fx files/Warped shooting fx files/Pixelart/charged
  artifactKey: Guid(0a7c1eedce41e344cb74f3d3b9561ee3) Importer(815301076,1909f56bfc062723c751e8b465ee728b)
Start importing Assets/Warped shooting fx files/Warped shooting fx files/Pixelart/charged using Guid(0a7c1eedce41e344cb74f3d3b9561ee3) Importer(815301076,1909f56bfc062723c751e8b465ee728b) (PreviewImporter) -> (artifact id: '9643ebde9e8d08f3f081a1cf83535e63') in 0.000491 seconds
Number of updated asset objects reloaded before import = 0Number of asset objects unloaded after import = 0

========================================================================
Received Import Request.
  Time since last request: 0.104355 seconds.
  path: Assets/Warped shooting fx files/Warped shooting fx files/Pixelart/charged/charged.aseprite
  artifactKey: Guid(f37f5220f21763344bdf15672fcfcb64) Importer(815301076,1909f56bfc062723c751e8b465ee728b)
Start importing Assets/Warped shooting fx files/Warped shooting fx files/Pixelart/charged/charged.aseprite using Guid(f37f5220f21763344bdf15672fcfcb64) Importer(815301076,1909f56bfc062723c751e8b465ee728b) (PreviewImporter) -> (artifact id: '2a5fb26a1c4d852a0818fb6c93ce9a8c') in 0.0212333 seconds
Number of updated asset objects reloaded before import = 0Number of asset objects unloaded after import = 17

========================================================================
Received Import Request.
  Time since last request: 1.791005 seconds.
  path: Assets/Warped shooting fx files/Warped shooting fx files/Pixelart/crossed
  artifactKey: Guid(fde6fb678a6dc554d9eb8fd3150d607b) Importer(815301076,1909f56bfc062723c751e8b465ee728b)
Start importing Assets/Warped shooting fx files/Warped shooting fx files/Pixelart/crossed using Guid(fde6fb678a6dc554d9eb8fd3150d607b) Importer(815301076,1909f56bfc062723c751e8b465ee728b) (PreviewImporter) -> (artifact id: '500931cb2d769d510061d3b1dae84bfa') in 0.0004203 seconds
Number of updated asset objects reloaded before import = 0Number of asset objects unloaded after import = 0

========================================================================
Received Import Request.
  Time since last request: 0.064987 seconds.
  path: Assets/Warped shooting fx files/Warped shooting fx files/Pixelart/crossed/crossed.aseprite
  artifactKey: Guid(95489e57afb30ed4a8067cce1491b07a) Importer(815301076,1909f56bfc062723c751e8b465ee728b)
Start importing Assets/Warped shooting fx files/Warped shooting fx files/Pixelart/crossed/crossed.aseprite using Guid(95489e57afb30ed4a8067cce1491b07a) Importer(815301076,1909f56bfc062723c751e8b465ee728b) (PreviewImporter) -> (artifact id: 'bdccbe8fa6064b2eb7182a81c490ccf8') in 0.015322 seconds
Number of updated asset objects reloaded before import = 0Number of asset objects unloaded after import = 17

========================================================================
Received Import Request.
  Time since last request: 1.589021 seconds.
  path: Assets/Warped shooting fx files/Warped shooting fx files/Pixelart/hits
  artifactKey: Guid(c42ae44cf7464a1438ce77f0f81ba1fe) Importer(815301076,1909f56bfc062723c751e8b465ee728b)
Start importing Assets/Warped shooting fx files/Warped shooting fx files/Pixelart/hits using Guid(c42ae44cf7464a1438ce77f0f81ba1fe) Importer(815301076,1909f56bfc062723c751e8b465ee728b) (PreviewImporter) -> (artifact id: '6a9cfa9dc9891fc9ee3491bfbc8d756c') in 0.000435 seconds
Number of updated asset objects reloaded before import = 0Number of asset objects unloaded after import = 0

========================================================================
Received Import Request.
  Time since last request: 4.335328 seconds.
  path: Assets/Warped shooting fx files/Warped shooting fx files/Pixelart/hits/hits-1
  artifactKey: Guid(6a7b86d0ff3caaf4b83d8363b07f9616) Importer(815301076,1909f56bfc062723c751e8b465ee728b)
Start importing Assets/Warped shooting fx files/Warped shooting fx files/Pixelart/hits/hits-1 using Guid(6a7b86d0ff3caaf4b83d8363b07f9616) Importer(815301076,1909f56bfc062723c751e8b465ee728b) (PreviewImporter) -> (artifact id: '84bfb5203ac7fd5ecb9065258775d24d') in 0.0004224 seconds
Number of updated asset objects reloaded before import = 0Number of asset objects unloaded after import = 0

========================================================================
Received Import Request.
  Time since last request: 0.071337 seconds.
  path: Assets/Warped shooting fx files/Warped shooting fx files/Pixelart/hits/hits-1/hits-1.aseprite
  artifactKey: Guid(1bada03bf2dfa3b4da66083a5295ea33) Importer(815301076,1909f56bfc062723c751e8b465ee728b)
Start importing Assets/Warped shooting fx files/Warped shooting fx files/Pixelart/hits/hits-1/hits-1.aseprite using Guid(1bada03bf2dfa3b4da66083a5295ea33) Importer(815301076,1909f56bfc062723c751e8b465ee728b) (PreviewImporter) -> (artifact id: 'be3185cbe741adad1f23c4dd8bcbc3a0') in 0.0166468 seconds
Number of updated asset objects reloaded before import = 0Number of asset objects unloaded after import = 16

========================================================================
Received Import Request.
  Time since last request: 3.410851 seconds.
  path: Assets/Warped shooting fx files/Warped shooting fx files/Pixelart/hits/Hits-2
  artifactKey: Guid(7bd0211198eaa5540b03018919ac4314) Importer(815301076,1909f56bfc062723c751e8b465ee728b)
Start importing Assets/Warped shooting fx files/Warped shooting fx files/Pixelart/hits/Hits-2 using Guid(7bd0211198eaa5540b03018919ac4314) Importer(815301076,1909f56bfc062723c751e8b465ee728b) (PreviewImporter) -> (artifact id: '02228d14712f7fc059b375da95b45e99') in 0.0004995 seconds
Number of updated asset objects reloaded before import = 0Number of asset objects unloaded after import = 0

========================================================================
Received Import Request.
  Time since last request: 0.061407 seconds.
  path: Assets/Warped shooting fx files/Warped shooting fx files/Pixelart/hits/Hits-2/hits-2.aseprite
  artifactKey: Guid(2b03337b47e6fa646bd2ac21be87f870) Importer(815301076,1909f56bfc062723c751e8b465ee728b)
Start importing Assets/Warped shooting fx files/Warped shooting fx files/Pixelart/hits/Hits-2/hits-2.aseprite using Guid(2b03337b47e6fa646bd2ac21be87f870) Importer(815301076,1909f56bfc062723c751e8b465ee728b) (PreviewImporter) -> (artifact id: 'e8713150d568806690e6742a500d7189') in 0.0197016 seconds
Number of updated asset objects reloaded before import = 0Number of asset objects unloaded after import = 18

========================================================================
Received Import Request.
  Time since last request: 1.816671 seconds.
  path: Assets/Warped shooting fx files/Warped shooting fx files/Pixelart/hits/hits-4
  artifactKey: Guid(6ad2a86d1d1e91c4d9e11bf4dd62b625) Importer(815301076,1909f56bfc062723c751e8b465ee728b)
Start importing Assets/Warped shooting fx files/Warped shooting fx files/Pixelart/hits/hits-4 using Guid(6ad2a86d1d1e91c4d9e11bf4dd62b625) Importer(815301076,1909f56bfc062723c751e8b465ee728b) (PreviewImporter) -> (artifact id: '4c35ca3f98f0e5a1e507b413cde523f2') in 0.0004643 seconds
Number of updated asset objects reloaded before import = 0Number of asset objects unloaded after import = 0

========================================================================
Received Import Request.
  Time since last request: 0.056347 seconds.
  path: Assets/Warped shooting fx files/Warped shooting fx files/Pixelart/hits/hits-4/hits-4.aseprite
  artifactKey: Guid(8c573bb31ad82b9469ea1fdab4fd9b64) Importer(815301076,1909f56bfc062723c751e8b465ee728b)
Start importing Assets/Warped shooting fx files/Warped shooting fx files/Pixelart/hits/hits-4/hits-4.aseprite using Guid(8c573bb31ad82b9469ea1fdab4fd9b64) Importer(815301076,1909f56bfc062723c751e8b465ee728b) (PreviewImporter) -> (artifact id: 'd200a04f69f1814cabdda9761d76ddfc') in 0.0158646 seconds
Number of updated asset objects reloaded before import = 0Number of asset objects unloaded after import = 18

========================================================================
Received Import Request.
  Time since last request: 4.993755 seconds.
  path: Assets/Warped shooting fx files/Warped shooting fx files/Pixelart/hits/hits-4/frames
  artifactKey: Guid(d458689ba7d03c7449709136ee7c545a) Importer(815301076,1909f56bfc062723c751e8b465ee728b)
Start importing Assets/Warped shooting fx files/Warped shooting fx files/Pixelart/hits/hits-4/frames using Guid(d458689ba7d03c7449709136ee7c545a) Importer(815301076,1909f56bfc062723c751e8b465ee728b) (PreviewImporter) -> (artifact id: 'c0a3ec22299b13059e5adb6b9af302c3') in 0.0005477 seconds
Number of updated asset objects reloaded before import = 0Number of asset objects unloaded after import = 0

========================================================================
Received Import Request.
  Time since last request: 0.052599 seconds.
  path: Assets/Warped shooting fx files/Warped shooting fx files/Pixelart/hits/hits-4/frames/hits-4-1.png
  artifactKey: Guid(c648f61bc57715a4e86b8984e3d78ef0) Importer(815301076,1909f56bfc062723c751e8b465ee728b)
Start importing Assets/Warped shooting fx files/Warped shooting fx files/Pixelart/hits/hits-4/frames/hits-4-1.png using Guid(c648f61bc57715a4e86b8984e3d78ef0) Importer(815301076,1909f56bfc062723c751e8b465ee728b) (PreviewImporter) -> (artifact id: '3b9fd1580a84f4a6ae19035457938faf') in 0.0148571 seconds
Number of updated asset objects reloaded before import = 0Number of asset objects unloaded after import = 3

========================================================================
Received Import Request.
  Time since last request: 0.000019 seconds.
  path: Assets/Warped shooting fx files/Warped shooting fx files/Pixelart/hits/hits-4/frames/hits-4-6.png
  artifactKey: Guid(3ee2eeff2b59502499ad1611b1fa5844) Importer(815301076,1909f56bfc062723c751e8b465ee728b)
Start importing Assets/Warped shooting fx files/Warped shooting fx files/Pixelart/hits/hits-4/frames/hits-4-6.png using Guid(3ee2eeff2b59502499ad1611b1fa5844) Importer(815301076,1909f56bfc062723c751e8b465ee728b) (PreviewImporter) -> (artifact id: '70cdfcd0a8156a072fd2e4960c596096') in 0.0142334 seconds
Number of updated asset objects reloaded before import = 0Number of asset objects unloaded after import = 3

========================================================================
Received Import Request.
  Time since last request: 0.000025 seconds.
  path: Assets/Warped shooting fx files/Warped shooting fx files/Pixelart/hits/hits-4/frames/hits-4-7.png
  artifactKey: Guid(f034b2aef92525b40bdf737cd886f53e) Importer(815301076,1909f56bfc062723c751e8b465ee728b)
Start importing Assets/Warped shooting fx files/Warped shooting fx files/Pixelart/hits/hits-4/frames/hits-4-7.png using Guid(f034b2aef92525b40bdf737cd886f53e) Importer(815301076,1909f56bfc062723c751e8b465ee728b) (PreviewImporter) -> (artifact id: 'ccf616be21e9d4076af823acea9b0215') in 0.0119927 seconds
Number of updated asset objects reloaded before import = 0Number of asset objects unloaded after import = 3

========================================================================
Received Import Request.
  Time since last request: 0.000016 seconds.
  path: Assets/Warped shooting fx files/Warped shooting fx files/Pixelart/hits/hits-4/frames/hits-4-5.png
  artifactKey: Guid(f83dac3dc4142f149bdefb59dfc0b464) Importer(815301076,1909f56bfc062723c751e8b465ee728b)
Start importing Assets/Warped shooting fx files/Warped shooting fx files/Pixelart/hits/hits-4/frames/hits-4-5.png using Guid(f83dac3dc4142f149bdefb59dfc0b464) Importer(815301076,1909f56bfc062723c751e8b465ee728b) (PreviewImporter) -> (artifact id: '32b1563cf4a805434101cb7fd55adf2d') in 0.0177328 seconds
Number of updated asset objects reloaded before import = 0Number of asset objects unloaded after import = 3

========================================================================
Received Import Request.
  Time since last request: 30.617194 seconds.
  path: Assets/Warped shooting fx files/Warped shooting fx files/Pixelart/Pulse
  artifactKey: Guid(7f7c240f958512d45b67e10e45f49bf2) Importer(815301076,1909f56bfc062723c751e8b465ee728b)
Start importing Assets/Warped shooting fx files/Warped shooting fx files/Pixelart/Pulse using Guid(7f7c240f958512d45b67e10e45f49bf2) Importer(815301076,1909f56bfc062723c751e8b465ee728b) (PreviewImporter) -> (artifact id: '678bbf258c94328c1e7fe6c948f1c0a6') in 0.0004974 seconds
Number of updated asset objects reloaded before import = 0Number of asset objects unloaded after import = 0

========================================================================
Received Import Request.
  Time since last request: 0.071345 seconds.
  path: Assets/Warped shooting fx files/Warped shooting fx files/Pixelart/Pulse/pulse.aseprite
  artifactKey: Guid(22ed05f6f8dc12b4b9ccc39f74935fbf) Importer(815301076,1909f56bfc062723c751e8b465ee728b)
Start importing Assets/Warped shooting fx files/Warped shooting fx files/Pixelart/Pulse/pulse.aseprite using Guid(22ed05f6f8dc12b4b9ccc39f74935fbf) Importer(815301076,1909f56bfc062723c751e8b465ee728b) (PreviewImporter) -> (artifact id: 'a4d75017ff6e2a3ecb1c351e99f93f78') in 0.0142785 seconds
Number of updated asset objects reloaded before import = 0Number of asset objects unloaded after import = 15

========================================================================
Received Import Request.
  Time since last request: 7.189085 seconds.
  path: Assets/Warped shooting fx files/Warped shooting fx files/Pixelart/waveform
  artifactKey: Guid(e5e578a3a91349a438a4d2e01ff13e8e) Importer(815301076,1909f56bfc062723c751e8b465ee728b)
Start importing Assets/Warped shooting fx files/Warped shooting fx files/Pixelart/waveform using Guid(e5e578a3a91349a438a4d2e01ff13e8e) Importer(815301076,1909f56bfc062723c751e8b465ee728b) (PreviewImporter) -> (artifact id: '04177280f7358e6a12ef240187e91f1f') in 0.0004423 seconds
Number of updated asset objects reloaded before import = 0Number of asset objects unloaded after import = 0

========================================================================
Received Import Request.
  Time since last request: 0.063572 seconds.
  path: Assets/Warped shooting fx files/Warped shooting fx files/Pixelart/waveform/waveform.aseprite
  artifactKey: Guid(eb8777bbcad9daf45b202ef5818790e2) Importer(815301076,1909f56bfc062723c751e8b465ee728b)
Start importing Assets/Warped shooting fx files/Warped shooting fx files/Pixelart/waveform/waveform.aseprite using Guid(eb8777bbcad9daf45b202ef5818790e2) Importer(815301076,1909f56bfc062723c751e8b465ee728b) (PreviewImporter) -> (artifact id: 'ee255ea261259948677e35bb8f3ea564') in 0.0150095 seconds
Number of updated asset objects reloaded before import = 0Number of asset objects unloaded after import = 15

========================================================================
Received Import Request.
  Time since last request: 54.862086 seconds.
  path: Assets/Warped shooting fx files/Warped shooting fx files/Pixelart/Bolt/frames
  artifactKey: Guid(087867d9328ab69498982ef6971abdc8) Importer(815301076,1909f56bfc062723c751e8b465ee728b)
Start importing Assets/Warped shooting fx files/Warped shooting fx files/Pixelart/Bolt/frames using Guid(087867d9328ab69498982ef6971abdc8) Importer(815301076,1909f56bfc062723c751e8b465ee728b) (PreviewImporter) -> (artifact id: '42316e6bad407f67c79c4cefc06cc918') in 0.0005374 seconds
Number of updated asset objects reloaded before import = 0Number of asset objects unloaded after import = 0

========================================================================
Received Import Request.
  Time since last request: 0.086837 seconds.
  path: Assets/Warped shooting fx files/Warped shooting fx files/Pixelart/Bolt/frames/bolt1.png
  artifactKey: Guid(c69ead1641173a6478464207af938d4b) Importer(815301076,1909f56bfc062723c751e8b465ee728b)
Start importing Assets/Warped shooting fx files/Warped shooting fx files/Pixelart/Bolt/frames/bolt1.png using Guid(c69ead1641173a6478464207af938d4b) Importer(815301076,1909f56bfc062723c751e8b465ee728b) (PreviewImporter) -> (artifact id: '630eb940c27a1d1394deaf0bb045a930') in 0.0111943 seconds
Number of updated asset objects reloaded before import = 0Number of asset objects unloaded after import = 3

========================================================================
Received Import Request.
  Time since last request: 0.000020 seconds.
  path: Assets/Warped shooting fx files/Warped shooting fx files/Pixelart/Bolt/frames/bolt4.png
  artifactKey: Guid(1f7975c7c0035944796955770eca929f) Importer(815301076,1909f56bfc062723c751e8b465ee728b)
Start importing Assets/Warped shooting fx files/Warped shooting fx files/Pixelart/Bolt/frames/bolt4.png using Guid(1f7975c7c0035944796955770eca929f) Importer(815301076,1909f56bfc062723c751e8b465ee728b) (PreviewImporter) -> (artifact id: '5608cd3cd56eaa4737a4059d747c0ab1') in 0.0109219 seconds
Number of updated asset objects reloaded before import = 0Number of asset objects unloaded after import = 4

========================================================================
Received Import Request.
  Time since last request: 16.082244 seconds.
  path: Assets/Prefabs/Enemy.prefab
  artifactKey: Guid(4134e7d249ca1f1459a7fdd24f9f574e) Importer(815301076,1909f56bfc062723c751e8b465ee728b)
Start importing Assets/Prefabs/Enemy.prefab using Guid(4134e7d249ca1f1459a7fdd24f9f574e) Importer(815301076,1909f56bfc062723c751e8b465ee728b) (PreviewImporter) -> (artifact id: 'e452476f5926e554c906ae61c63e5920') in 0.010614 seconds
Number of updated asset objects reloaded before import = 0Number of asset objects unloaded after import = 31

========================================================================
Received Import Request.
  Time since last request: 69.906301 seconds.
  path: Assets/Warped shooting fx files/Warped shooting fx files/Pixelart/Bolt/frames/bolt1.png
  artifactKey: Guid(c69ead1641173a6478464207af938d4b) Importer(815301076,1909f56bfc062723c751e8b465ee728b)
Start importing Assets/Warped shooting fx files/Warped shooting fx files/Pixelart/Bolt/frames/bolt1.png using Guid(c69ead1641173a6478464207af938d4b) Importer(815301076,1909f56bfc062723c751e8b465ee728b) (PreviewImporter) -> (artifact id: '107d805e4aad8667037bae956b8da7f8') in 0.0566259 seconds
Number of updated asset objects reloaded before import = 0Number of asset objects unloaded after import = 3

========================================================================
Received Import Request.
  Time since last request: 0.000021 seconds.
  path: Assets/Warped shooting fx files/Warped shooting fx files/Pixelart/Bolt/frames/bolt3.png
  artifactKey: Guid(10e78db60b4ada7428572fa6fe008017) Importer(815301076,1909f56bfc062723c751e8b465ee728b)
Start importing Assets/Warped shooting fx files/Warped shooting fx files/Pixelart/Bolt/frames/bolt3.png using Guid(10e78db60b4ada7428572fa6fe008017) Importer(815301076,1909f56bfc062723c751e8b465ee728b) (PreviewImporter) -> (artifact id: 'b33f896752a8b5d163f8dccbb11270d6') in 0.0385843 seconds
Number of updated asset objects reloaded before import = 0Number of asset objects unloaded after import = 3

========================================================================
Received Import Request.
  Time since last request: 10.060450 seconds.
  path: Assets/Warped shooting fx files/Warped shooting fx files/Pixelart/Bolt/frames/bolt1.png
  artifactKey: Guid(c69ead1641173a6478464207af938d4b) Importer(815301076,1909f56bfc062723c751e8b465ee728b)
Start importing Assets/Warped shooting fx files/Warped shooting fx files/Pixelart/Bolt/frames/bolt1.png using Guid(c69ead1641173a6478464207af938d4b) Importer(815301076,1909f56bfc062723c751e8b465ee728b) (PreviewImporter) -> (artifact id: 'a7bc25d7e33b21bd812526375ffe6372') in 0.0719711 seconds
Number of updated asset objects reloaded before import = 0Number of asset objects unloaded after import = 3

========================================================================
Received Import Request.
  Time since last request: 0.000015 seconds.
  path: Assets/Warped shooting fx files/Warped shooting fx files/Pixelart/Bolt/frames/bolt4.png
  artifactKey: Guid(1f7975c7c0035944796955770eca929f) Importer(815301076,1909f56bfc062723c751e8b465ee728b)
Start importing Assets/Warped shooting fx files/Warped shooting fx files/Pixelart/Bolt/frames/bolt4.png using Guid(1f7975c7c0035944796955770eca929f) Importer(815301076,1909f56bfc062723c751e8b465ee728b) (PreviewImporter) -> (artifact id: '4af80f25efcc0f6387aa59b9572d8471') in 0.1466205 seconds
Number of updated asset objects reloaded before import = 0Number of asset objects unloaded after import = 4

========================================================================
Received Import Request.
  Time since last request: 10.542677 seconds.
  path: Assets/Warped shooting fx files/Warped shooting fx files/Pixelart/Bolt/frames/bolt4.png
  artifactKey: Guid(1f7975c7c0035944796955770eca929f) Importer(815301076,1909f56bfc062723c751e8b465ee728b)
Start importing Assets/Warped shooting fx files/Warped shooting fx files/Pixelart/Bolt/frames/bolt4.png using Guid(1f7975c7c0035944796955770eca929f) Importer(815301076,1909f56bfc062723c751e8b465ee728b) (PreviewImporter) -> (artifact id: 'b5566f579eca8837109a5fd68fcf0930') in 0.0098638 seconds
Number of updated asset objects reloaded before import = 0Number of asset objects unloaded after import = 4

========================================================================
Received Import Request.
  Time since last request: 0.009225 seconds.
  path: Assets/Warped shooting fx files/Warped shooting fx files/Pixelart/Bolt/frames/bolt1.png
  artifactKey: Guid(c69ead1641173a6478464207af938d4b) Importer(815301076,1909f56bfc062723c751e8b465ee728b)
Start importing Assets/Warped shooting fx files/Warped shooting fx files/Pixelart/Bolt/frames/bolt1.png using Guid(c69ead1641173a6478464207af938d4b) Importer(815301076,1909f56bfc062723c751e8b465ee728b) (PreviewImporter) -> (artifact id: '71f3005bb001b4eca2761b9c062c426e') in 0.0097123 seconds
Number of updated asset objects reloaded before import = 0Number of asset objects unloaded after import = 3

========================================================================
Received Prepare
Begin MonoManager ReloadAssembly
- Loaded All Assemblies, in  0.471 seconds
Refreshing native plugins compatible for Editor in 0.95 ms, found 4 plugins.
Native extension for WindowsStandalone target not found
Mono: successfully reloaded assembly
- Finished resetting the current domain, in  0.590 seconds
Domain Reload Profiling: 1060ms
	BeginReloadAssembly (148ms)
		ExecutionOrderSort (0ms)
		DisableScriptedObjects (18ms)
		BackupInstance (0ms)
		ReleaseScriptingObjects (0ms)
		CreateAndSetChildDomain (44ms)
	RebuildCommonClasses (22ms)
	RebuildNativeTypeToScriptingClass (8ms)
	initialDomainReloadingComplete (19ms)
	LoadAllAssembliesAndSetupDomain (273ms)
		LoadAssemblies (200ms)
		RebuildTransferFunctionScriptingTraits (0ms)
		AnalyzeDomain (130ms)
			TypeCache.Refresh (4ms)
				TypeCache.ScanAssembly (0ms)
			BuildScriptInfoCaches (117ms)
			ResolveRequiredComponents (7ms)
	FinalizeReload (590ms)
		ReleaseScriptCaches (0ms)
		RebuildScriptCaches (0ms)
		SetupLoadedEditorAssemblies (393ms)
			LogAssemblyErrors (0ms)
			InitializePlatformSupportModulesInManaged (1ms)
			SetLoadedEditorAssemblies (3ms)
			BeforeProcessingInitializeOnLoad (48ms)
			ProcessInitializeOnLoadAttributes (293ms)
			ProcessInitializeOnLoadMethodAttributes (42ms)
			AfterProcessingInitializeOnLoad (5ms)
			EditorAssembliesLoaded (0ms)
		ExecutionOrderSort2 (0ms)
		AwakeInstancesAfterBackupRestoration (10ms)
Refreshing native plugins compatible for Editor in 1.40 ms, found 4 plugins.
Preloading 0 native plugins for Editor in 0.00 ms.
Unloading 25 Unused Serialized files (Serialized files now loaded: 0)
Unloading 6686 unused Assets / (6.3 MB). Loaded Objects now: 7637.
Memory consumption went from 184.1 MB to 177.8 MB.
Total: 8.900100 ms (FindLiveObjects: 0.687600 ms CreateObjectMapping: 0.569400 ms MarkObjects: 5.114000 ms  DeleteObjects: 2.528300 ms)

Prepare: number of updated asset objects reloaded= 0
========================================================================
Received Import Request.
  Time since last request: 18.685922 seconds.
  path: Assets/Prefabs/Bullet.prefab
  artifactKey: Guid(521dd4c1d9b890d4a9a192bbb43e55af) Importer(815301076,1909f56bfc062723c751e8b465ee728b)
Start importing Assets/Prefabs/Bullet.prefab using Guid(521dd4c1d9b890d4a9a192bbb43e55af) Importer(815301076,1909f56bfc062723c751e8b465ee728b) (PreviewImporter) -> (artifact id: '5e8e79088fa2b67c14f22e6db4d99051') in 0.2798213 seconds
Number of updated asset objects reloaded before import = 0Number of asset objects unloaded after import = 17

========================================================================
Received Import Request.
  Time since last request: 10.835538 seconds.
  path: Assets/Prefabs/Bullet.prefab
  artifactKey: Guid(521dd4c1d9b890d4a9a192bbb43e55af) Importer(815301076,1909f56bfc062723c751e8b465ee728b)
Start importing Assets/Prefabs/Bullet.prefab using Guid(521dd4c1d9b890d4a9a192bbb43e55af) Importer(815301076,1909f56bfc062723c751e8b465ee728b) (PreviewImporter) -> (artifact id: '422971f848f07c47d35131bd88138a5b') in 0.0060686 seconds
Number of updated asset objects reloaded before import = 0Number of asset objects unloaded after import = 17

========================================================================
Received Import Request.
  Time since last request: 3.331765 seconds.
  path: Assets/Prefabs/Bullet.prefab
  artifactKey: Guid(521dd4c1d9b890d4a9a192bbb43e55af) Importer(815301076,1909f56bfc062723c751e8b465ee728b)
Start importing Assets/Prefabs/Bullet.prefab using Guid(521dd4c1d9b890d4a9a192bbb43e55af) Importer(815301076,1909f56bfc062723c751e8b465ee728b) (PreviewImporter) -> (artifact id: 'fd15447dcaa6f263a186d3b2be7e912a') in 0.0053735 seconds
Number of updated asset objects reloaded before import = 0Number of asset objects unloaded after import = 17

========================================================================
Received Import Request.
  Time since last request: 2.609471 seconds.
  path: Assets/Prefabs/Bullet.prefab
  artifactKey: Guid(521dd4c1d9b890d4a9a192bbb43e55af) Importer(815301076,1909f56bfc062723c751e8b465ee728b)
Start importing Assets/Prefabs/Bullet.prefab using Guid(521dd4c1d9b890d4a9a192bbb43e55af) Importer(815301076,1909f56bfc062723c751e8b465ee728b) (PreviewImporter) -> (artifact id: 'a1afe195903f98efd6c16949a2bcd1d6') in 0.0058031 seconds
Number of updated asset objects reloaded before import = 0Number of asset objects unloaded after import = 17

========================================================================
Received Prepare
Begin MonoManager ReloadAssembly
- Loaded All Assemblies, in  0.478 seconds
Refreshing native plugins compatible for Editor in 0.99 ms, found 4 plugins.
Native extension for WindowsStandalone target not found
Mono: successfully reloaded assembly
- Finished resetting the current domain, in  0.546 seconds
Domain Reload Profiling: 1024ms
	BeginReloadAssembly (149ms)
		ExecutionOrderSort (0ms)
		DisableScriptedObjects (17ms)
		BackupInstance (0ms)
		ReleaseScriptingObjects (0ms)
		CreateAndSetChildDomain (46ms)
	RebuildCommonClasses (24ms)
	RebuildNativeTypeToScriptingClass (12ms)
	initialDomainReloadingComplete (17ms)
	LoadAllAssembliesAndSetupDomain (276ms)
		LoadAssemblies (198ms)
		RebuildTransferFunctionScriptingTraits (0ms)
		AnalyzeDomain (134ms)
			TypeCache.Refresh (4ms)
				TypeCache.ScanAssembly (0ms)
			BuildScriptInfoCaches (119ms)
			ResolveRequiredComponents (9ms)
	FinalizeReload (546ms)
		ReleaseScriptCaches (0ms)
		RebuildScriptCaches (0ms)
		SetupLoadedEditorAssemblies (366ms)
			LogAssemblyErrors (0ms)
			InitializePlatformSupportModulesInManaged (1ms)
			SetLoadedEditorAssemblies (3ms)
			BeforeProcessingInitializeOnLoad (46ms)
			ProcessInitializeOnLoadAttributes (272ms)
			ProcessInitializeOnLoadMethodAttributes (37ms)
			AfterProcessingInitializeOnLoad (6ms)
			EditorAssembliesLoaded (0ms)
		ExecutionOrderSort2 (0ms)
		AwakeInstancesAfterBackupRestoration (8ms)
Refreshing native plugins compatible for Editor in 1.15 ms, found 4 plugins.
Preloading 0 native plugins for Editor in 0.00 ms.
Unloading 25 Unused Serialized files (Serialized files now loaded: 0)
Unloading 6686 unused Assets / (5.8 MB). Loaded Objects now: 7665.
Memory consumption went from 187.6 MB to 181.7 MB.
Total: 7.282400 ms (FindLiveObjects: 0.615900 ms CreateObjectMapping: 0.585600 ms MarkObjects: 4.101100 ms  DeleteObjects: 1.979100 ms)

Prepare: number of updated asset objects reloaded= 0
========================================================================
Received Import Request.
  Time since last request: 17.619302 seconds.
  path: Assets/Warped shooting fx files/Warped shooting fx files/Music
  artifactKey: Guid(28f3aad9d547fae42a03290c0ce38fb1) Importer(815301076,1909f56bfc062723c751e8b465ee728b)
Start importing Assets/Warped shooting fx files/Warped shooting fx files/Music using Guid(28f3aad9d547fae42a03290c0ce38fb1) Importer(815301076,1909f56bfc062723c751e8b465ee728b) (PreviewImporter) -> (artifact id: '2a8a255aad15e53662a6d52e1d3b46b8') in 0.0054357 seconds
Number of updated asset objects reloaded before import = 0Number of asset objects unloaded after import = 0

========================================================================
Received Import Request.
  Time since last request: 0.064491 seconds.
  path: Assets/Warped shooting fx files/Warped shooting fx files/Music/warped-shooting-fx.mp3
  artifactKey: Guid(213053056a1611644a4053a74a8e51f8) Importer(815301076,1909f56bfc062723c751e8b465ee728b)
Start importing Assets/Warped shooting fx files/Warped shooting fx files/Music/warped-shooting-fx.mp3 using Guid(213053056a1611644a4053a74a8e51f8) Importer(815301076,1909f56bfc062723c751e8b465ee728b) (PreviewImporter) -> (artifact id: '1d1694aff6cdd32ffe55bef1d4c89164') in 0.0528553 seconds
Number of updated asset objects reloaded before import = 0Number of asset objects unloaded after import = 2

========================================================================
Received Import Request.
  Time since last request: 0.000015 seconds.
  path: Assets/Warped shooting fx files/Warped shooting fx files/Music/warped-shooting-fx.wav
  artifactKey: Guid(fc108b912d3411043925e7d8f60a0d33) Importer(815301076,1909f56bfc062723c751e8b465ee728b)
Start importing Assets/Warped shooting fx files/Warped shooting fx files/Music/warped-shooting-fx.wav using Guid(fc108b912d3411043925e7d8f60a0d33) Importer(815301076,1909f56bfc062723c751e8b465ee728b) (PreviewImporter) -> (artifact id: 'd5812b3ca04d4591fa39bdf400f3db49') in 0.0066614 seconds
Number of updated asset objects reloaded before import = 0Number of asset objects unloaded after import = 2

========================================================================
Received Import Request.
  Time since last request: 94.800300 seconds.
  path: Assets/Warped shooting fx files/Warped shooting fx files/Pixelart/Bolt/frames/bolt1.png
  artifactKey: Guid(c69ead1641173a6478464207af938d4b) Importer(815301076,1909f56bfc062723c751e8b465ee728b)
Start importing Assets/Warped shooting fx files/Warped shooting fx files/Pixelart/Bolt/frames/bolt1.png using Guid(c69ead1641173a6478464207af938d4b) Importer(815301076,1909f56bfc062723c751e8b465ee728b) (PreviewImporter) -> (artifact id: '85c2c33a9d1da754a65ec0c4b398c94d') in 0.0655378 seconds
Number of updated asset objects reloaded before import = 0Number of asset objects unloaded after import = 3

========================================================================
Received Import Request.
  Time since last request: 9.410400 seconds.
  path: Assets/Warped shooting fx files/Warped shooting fx files/Pixelart/Bolt/frames/bolt2.png
  artifactKey: Guid(94492a7137ac26a40a5d867a7c43ef34) Importer(815301076,1909f56bfc062723c751e8b465ee728b)
Start importing Assets/Warped shooting fx files/Warped shooting fx files/Pixelart/Bolt/frames/bolt2.png using Guid(94492a7137ac26a40a5d867a7c43ef34) Importer(815301076,1909f56bfc062723c751e8b465ee728b) (PreviewImporter) -> (artifact id: 'a0fa948ce487bcd8d51ecf795ea422a3') in 0.1019081 seconds
Number of updated asset objects reloaded before import = 0Number of asset objects unloaded after import = 3

========================================================================
Received Import Request.
  Time since last request: 11.552633 seconds.
  path: Assets/Warped shooting fx files/Warped shooting fx files/Pixelart/Bolt/frames/bolt3.png
  artifactKey: Guid(10e78db60b4ada7428572fa6fe008017) Importer(815301076,1909f56bfc062723c751e8b465ee728b)
Start importing Assets/Warped shooting fx files/Warped shooting fx files/Pixelart/Bolt/frames/bolt3.png using Guid(10e78db60b4ada7428572fa6fe008017) Importer(815301076,1909f56bfc062723c751e8b465ee728b) (PreviewImporter) -> (artifact id: '259c66bb33b372b849957682c5edce25') in 0.1008991 seconds
Number of updated asset objects reloaded before import = 0Number of asset objects unloaded after import = 3

========================================================================
Received Import Request.
  Time since last request: 6.885044 seconds.
  path: Assets/Warped shooting fx files/Warped shooting fx files/Pixelart/Bolt/frames/bolt4.png
  artifactKey: Guid(1f7975c7c0035944796955770eca929f) Importer(815301076,1909f56bfc062723c751e8b465ee728b)
Start importing Assets/Warped shooting fx files/Warped shooting fx files/Pixelart/Bolt/frames/bolt4.png using Guid(1f7975c7c0035944796955770eca929f) Importer(815301076,1909f56bfc062723c751e8b465ee728b) (PreviewImporter) -> (artifact id: '0acac0b7562b16272000eaf446875c87') in 0.1041109 seconds
Number of updated asset objects reloaded before import = 0Number of asset objects unloaded after import = 4

========================================================================
Received Prepare
Begin MonoManager ReloadAssembly
- Loaded All Assemblies, in  0.453 seconds
Refreshing native plugins compatible for Editor in 1.05 ms, found 4 plugins.
Native extension for WindowsStandalone target not found
Mono: successfully reloaded assembly
- Finished resetting the current domain, in  0.566 seconds
Domain Reload Profiling: 1019ms
	BeginReloadAssembly (134ms)
		ExecutionOrderSort (0ms)
		DisableScriptedObjects (7ms)
		BackupInstance (0ms)
		ReleaseScriptingObjects (0ms)
		CreateAndSetChildDomain (39ms)
	RebuildCommonClasses (21ms)
	RebuildNativeTypeToScriptingClass (8ms)
	initialDomainReloadingComplete (17ms)
	LoadAllAssembliesAndSetupDomain (273ms)
		LoadAssemblies (204ms)
		RebuildTransferFunctionScriptingTraits (0ms)
		AnalyzeDomain (126ms)
			TypeCache.Refresh (4ms)
				TypeCache.ScanAssembly (0ms)
			BuildScriptInfoCaches (114ms)
			ResolveRequiredComponents (7ms)
	FinalizeReload (566ms)
		ReleaseScriptCaches (0ms)
		RebuildScriptCaches (0ms)
		SetupLoadedEditorAssemblies (376ms)
			LogAssemblyErrors (0ms)
			InitializePlatformSupportModulesInManaged (1ms)
			SetLoadedEditorAssemblies (3ms)
			BeforeProcessingInitializeOnLoad (46ms)
			ProcessInitializeOnLoadAttributes (282ms)
			ProcessInitializeOnLoadMethodAttributes (37ms)
			AfterProcessingInitializeOnLoad (6ms)
			EditorAssembliesLoaded (0ms)
		ExecutionOrderSort2 (0ms)
		AwakeInstancesAfterBackupRestoration (10ms)
Refreshing native plugins compatible for Editor in 1.61 ms, found 4 plugins.
Preloading 0 native plugins for Editor in 0.00 ms.
Unloading 25 Unused Serialized files (Serialized files now loaded: 0)
Unloading 6686 unused Assets / (5.9 MB). Loaded Objects now: 7671.
Memory consumption went from 187.5 MB to 181.6 MB.
Total: 9.188000 ms (FindLiveObjects: 0.838900 ms CreateObjectMapping: 0.597100 ms MarkObjects: 5.327400 ms  DeleteObjects: 2.423500 ms)

Prepare: number of updated asset objects reloaded= 0
========================================================================
Received Import Request.
  Time since last request: 150.110782 seconds.
  path: Assets/Warped shooting fx files/Warped shooting fx files/Pixelart/Bolt/frames/bolt1.png
  artifactKey: Guid(c69ead1641173a6478464207af938d4b) Importer(815301076,1909f56bfc062723c751e8b465ee728b)
Start importing Assets/Warped shooting fx files/Warped shooting fx files/Pixelart/Bolt/frames/bolt1.png using Guid(c69ead1641173a6478464207af938d4b) Importer(815301076,1909f56bfc062723c751e8b465ee728b) (PreviewImporter) -> (artifact id: 'ee3b31027a81a2988f3eb6ebc2e6cce5') in 0.051532 seconds
Number of updated asset objects reloaded before import = 0Number of asset objects unloaded after import = 3

========================================================================
Received Import Request.
  Time since last request: 0.000012 seconds.
  path: Assets/Warped shooting fx files/Warped shooting fx files/Pixelart/Bolt/frames/bolt4.png
  artifactKey: Guid(1f7975c7c0035944796955770eca929f) Importer(815301076,1909f56bfc062723c751e8b465ee728b)
Start importing Assets/Warped shooting fx files/Warped shooting fx files/Pixelart/Bolt/frames/bolt4.png using Guid(1f7975c7c0035944796955770eca929f) Importer(815301076,1909f56bfc062723c751e8b465ee728b) (PreviewImporter) -> (artifact id: 'f9a565b00f767479dde7c9bc6431dc6f') in 0.0107931 seconds
Number of updated asset objects reloaded before import = 0Number of asset objects unloaded after import = 4

========================================================================
Received Prepare
Begin MonoManager ReloadAssembly
- Loaded All Assemblies, in  0.458 seconds
Refreshing native plugins compatible for Editor in 0.99 ms, found 4 plugins.
Native extension for WindowsStandalone target not found
Mono: successfully reloaded assembly
- Finished resetting the current domain, in  0.545 seconds
Domain Reload Profiling: 1003ms
	BeginReloadAssembly (139ms)
		ExecutionOrderSort (0ms)
		DisableScriptedObjects (7ms)
		BackupInstance (0ms)
		ReleaseScriptingObjects (0ms)
		CreateAndSetChildDomain (40ms)
	RebuildCommonClasses (21ms)
	RebuildNativeTypeToScriptingClass (8ms)
	initialDomainReloadingComplete (17ms)
	LoadAllAssembliesAndSetupDomain (272ms)
		LoadAssemblies (204ms)
		RebuildTransferFunctionScriptingTraits (0ms)
		AnalyzeDomain (127ms)
			TypeCache.Refresh (4ms)
				TypeCache.ScanAssembly (0ms)
			BuildScriptInfoCaches (115ms)
			ResolveRequiredComponents (7ms)
	FinalizeReload (545ms)
		ReleaseScriptCaches (0ms)
		RebuildScriptCaches (0ms)
		SetupLoadedEditorAssemblies (359ms)
			LogAssemblyErrors (0ms)
			InitializePlatformSupportModulesInManaged (1ms)
			SetLoadedEditorAssemblies (3ms)
			BeforeProcessingInitializeOnLoad (48ms)
			ProcessInitializeOnLoadAttributes (266ms)
			ProcessInitializeOnLoadMethodAttributes (35ms)
			AfterProcessingInitializeOnLoad (5ms)
			EditorAssembliesLoaded (0ms)
		ExecutionOrderSort2 (0ms)
		AwakeInstancesAfterBackupRestoration (9ms)
Refreshing native plugins compatible for Editor in 1.23 ms, found 4 plugins.
Preloading 0 native plugins for Editor in 0.00 ms.
Unloading 25 Unused Serialized files (Serialized files now loaded: 0)
Unloading 6686 unused Assets / (6.3 MB). Loaded Objects now: 7673.
Memory consumption went from 187.5 MB to 181.2 MB.
Total: 8.840200 ms (FindLiveObjects: 0.636700 ms CreateObjectMapping: 0.612200 ms MarkObjects: 5.147500 ms  DeleteObjects: 2.442900 ms)

Prepare: number of updated asset objects reloaded= 0
========================================================================
Received Import Request.
  Time since last request: 117.163578 seconds.
  path: Assets/Prefabs/Bullet.prefab
  artifactKey: Guid(521dd4c1d9b890d4a9a192bbb43e55af) Importer(815301076,1909f56bfc062723c751e8b465ee728b)
Start importing Assets/Prefabs/Bullet.prefab using Guid(521dd4c1d9b890d4a9a192bbb43e55af) Importer(815301076,1909f56bfc062723c751e8b465ee728b) (PreviewImporter) -> (artifact id: 'bd68a374971473695e627a04c7eb54e5') in 0.2832542 seconds
Number of updated asset objects reloaded before import = 0Number of asset objects unloaded after import = 17

========================================================================
Received Import Request.
  Time since last request: 149.828155 seconds.
  path: Assets/Warped shooting fx files/Warped shooting fx files/Pixelart/hits/hits-4/frames/hits-4-3.png
  artifactKey: Guid(a920bdbe5fb57f647b678d767c158e3c) Importer(815301076,1909f56bfc062723c751e8b465ee728b)
Start importing Assets/Warped shooting fx files/Warped shooting fx files/Pixelart/hits/hits-4/frames/hits-4-3.png using Guid(a920bdbe5fb57f647b678d767c158e3c) Importer(815301076,1909f56bfc062723c751e8b465ee728b) (PreviewImporter) -> (artifact id: '8b1ce2f5f7e225db0433261e47d54544') in 0.0200925 seconds
Number of updated asset objects reloaded before import = 0Number of asset objects unloaded after import = 3

========================================================================
Received Import Request.
  Time since last request: 0.039273 seconds.
  path: Assets/Warped shooting fx files/Warped shooting fx files/Pixelart/hits/hits-4/frames/hits-4-1.png
  artifactKey: Guid(c648f61bc57715a4e86b8984e3d78ef0) Importer(815301076,1909f56bfc062723c751e8b465ee728b)
Start importing Assets/Warped shooting fx files/Warped shooting fx files/Pixelart/hits/hits-4/frames/hits-4-1.png using Guid(c648f61bc57715a4e86b8984e3d78ef0) Importer(815301076,1909f56bfc062723c751e8b465ee728b) (PreviewImporter) -> (artifact id: 'c6b7850a9eec3059a34890029ec4fb74') in 0.0152124 seconds
Number of updated asset objects reloaded before import = 0Number of asset objects unloaded after import = 3

========================================================================
Received Import Request.
  Time since last request: 0.000018 seconds.
  path: Assets/Warped shooting fx files/Warped shooting fx files/Pixelart/hits/hits-4/frames/hits-4-6.png
  artifactKey: Guid(3ee2eeff2b59502499ad1611b1fa5844) Importer(815301076,1909f56bfc062723c751e8b465ee728b)
Start importing Assets/Warped shooting fx files/Warped shooting fx files/Pixelart/hits/hits-4/frames/hits-4-6.png using Guid(3ee2eeff2b59502499ad1611b1fa5844) Importer(815301076,1909f56bfc062723c751e8b465ee728b) (PreviewImporter) -> (artifact id: 'aa37fddb19a96cccd06b366d17d82363') in 0.0175469 seconds
Number of updated asset objects reloaded before import = 0Number of asset objects unloaded after import = 3

========================================================================
Received Import Request.
  Time since last request: 0.000023 seconds.
  path: Assets/Warped shooting fx files/Warped shooting fx files/Pixelart/hits/hits-4/frames/hits-4-4.png
  artifactKey: Guid(b3ecc30ff1443d54199af9762d4da024) Importer(815301076,1909f56bfc062723c751e8b465ee728b)
Start importing Assets/Warped shooting fx files/Warped shooting fx files/Pixelart/hits/hits-4/frames/hits-4-4.png using Guid(b3ecc30ff1443d54199af9762d4da024) Importer(815301076,1909f56bfc062723c751e8b465ee728b) (PreviewImporter) -> (artifact id: '8428739924c9cf338c8000e07e2883b8') in 0.0119956 seconds
Number of updated asset objects reloaded before import = 0Number of asset objects unloaded after import = 3

========================================================================
Received Import Request.
  Time since last request: 0.000025 seconds.
  path: Assets/Warped shooting fx files/Warped shooting fx files/Pixelart/hits/hits-4/frames/hits-4-5.png
  artifactKey: Guid(f83dac3dc4142f149bdefb59dfc0b464) Importer(815301076,1909f56bfc062723c751e8b465ee728b)
Start importing Assets/Warped shooting fx files/Warped shooting fx files/Pixelart/hits/hits-4/frames/hits-4-5.png using Guid(f83dac3dc4142f149bdefb59dfc0b464) Importer(815301076,1909f56bfc062723c751e8b465ee728b) (PreviewImporter) -> (artifact id: 'e23d92994d9d2d135eff2261b982b797') in 0.0092643 seconds
Number of updated asset objects reloaded before import = 0Number of asset objects unloaded after import = 3

========================================================================
Received Prepare
Begin MonoManager ReloadAssembly
- Loaded All Assemblies, in  0.484 seconds
Refreshing native plugins compatible for Editor in 1.00 ms, found 4 plugins.
Native extension for WindowsStandalone target not found
Mono: successfully reloaded assembly
- Finished resetting the current domain, in  0.577 seconds
Domain Reload Profiling: 1061ms
	BeginReloadAssembly (149ms)
		ExecutionOrderSort (0ms)
		DisableScriptedObjects (16ms)
		BackupInstance (0ms)
		ReleaseScriptingObjects (0ms)
		CreateAndSetChildDomain (46ms)
	RebuildCommonClasses (20ms)
	RebuildNativeTypeToScriptingClass (8ms)
	initialDomainReloadingComplete (17ms)
	LoadAllAssembliesAndSetupDomain (289ms)
		LoadAssemblies (208ms)
		RebuildTransferFunctionScriptingTraits (0ms)
		AnalyzeDomain (138ms)
			TypeCache.Refresh (4ms)
				TypeCache.ScanAssembly (0ms)
			BuildScriptInfoCaches (124ms)
			ResolveRequiredComponents (8ms)
	FinalizeReload (578ms)
		ReleaseScriptCaches (0ms)
		RebuildScriptCaches (0ms)
		SetupLoadedEditorAssemblies (382ms)
			LogAssemblyErrors (0ms)
			InitializePlatformSupportModulesInManaged (1ms)
			SetLoadedEditorAssemblies (4ms)
			BeforeProcessingInitializeOnLoad (51ms)
			ProcessInitializeOnLoadAttributes (278ms)
			ProcessInitializeOnLoadMethodAttributes (42ms)
			AfterProcessingInitializeOnLoad (5ms)
			EditorAssembliesLoaded (0ms)
		ExecutionOrderSort2 (0ms)
		AwakeInstancesAfterBackupRestoration (9ms)
Refreshing native plugins compatible for Editor in 1.25 ms, found 4 plugins.
Preloading 0 native plugins for Editor in 0.00 ms.
Unloading 25 Unused Serialized files (Serialized files now loaded: 0)
Unloading 6686 unused Assets / (6.5 MB). Loaded Objects now: 7703.
Memory consumption went from 189.2 MB to 182.7 MB.
Total: 8.699700 ms (FindLiveObjects: 0.631000 ms CreateObjectMapping: 0.625000 ms MarkObjects: 4.749800 ms  DeleteObjects: 2.693400 ms)

Prepare: number of updated asset objects reloaded= 0
========================================================================
Received Prepare
Refreshing native plugins compatible for Editor in 4.02 ms, found 4 plugins.
Preloading 0 native plugins for Editor in 0.00 ms.
Unloading 25 Unused Serialized files (Serialized files now loaded: 0)
Unloading 6675 unused Assets / (5.7 MB). Loaded Objects now: 7703.
Memory consumption went from 189.2 MB to 183.5 MB.
Total: 9.232600 ms (FindLiveObjects: 0.881600 ms CreateObjectMapping: 0.609900 ms MarkObjects: 5.552100 ms  DeleteObjects: 2.187900 ms)

Prepare: number of updated asset objects reloaded= 0
========================================================================
Received Prepare
Refreshing native plugins compatible for Editor in 1.57 ms, found 4 plugins.
Preloading 0 native plugins for Editor in 0.00 ms.
Unloading 25 Unused Serialized files (Serialized files now loaded: 0)
Unloading 6675 unused Assets / (6.5 MB). Loaded Objects now: 7703.
Memory consumption went from 189.2 MB to 182.7 MB.
Total: 11.333000 ms (FindLiveObjects: 0.888500 ms CreateObjectMapping: 0.283000 ms MarkObjects: 7.057000 ms  DeleteObjects: 3.103000 ms)

Prepare: number of updated asset objects reloaded= 0
========================================================================
Received Prepare
Begin MonoManager ReloadAssembly
- Loaded All Assemblies, in  0.505 seconds
Refreshing native plugins compatible for Editor in 1.35 ms, found 4 plugins.
Native extension for WindowsStandalone target not found
Mono: successfully reloaded assembly
- Finished resetting the current domain, in  0.687 seconds
Domain Reload Profiling: 1192ms
	BeginReloadAssembly (137ms)
		ExecutionOrderSort (0ms)
		DisableScriptedObjects (8ms)
		BackupInstance (0ms)
		ReleaseScriptingObjects (0ms)
		CreateAndSetChildDomain (39ms)
	RebuildCommonClasses (21ms)
	RebuildNativeTypeToScriptingClass (8ms)
	initialDomainReloadingComplete (22ms)
	LoadAllAssembliesAndSetupDomain (316ms)
		LoadAssemblies (227ms)
		RebuildTransferFunctionScriptingTraits (0ms)
		AnalyzeDomain (146ms)
			TypeCache.Refresh (6ms)
				TypeCache.ScanAssembly (1ms)
			BuildScriptInfoCaches (131ms)
			ResolveRequiredComponents (7ms)
	FinalizeReload (687ms)
		ReleaseScriptCaches (0ms)
		RebuildScriptCaches (0ms)
		SetupLoadedEditorAssemblies (462ms)
			LogAssemblyErrors (0ms)
			InitializePlatformSupportModulesInManaged (2ms)
			SetLoadedEditorAssemblies (5ms)
			BeforeProcessingInitializeOnLoad (70ms)
			ProcessInitializeOnLoadAttributes (335ms)
			ProcessInitializeOnLoadMethodAttributes (42ms)
			AfterProcessingInitializeOnLoad (8ms)
			EditorAssembliesLoaded (0ms)
		ExecutionOrderSort2 (0ms)
		AwakeInstancesAfterBackupRestoration (12ms)
Refreshing native plugins compatible for Editor in 1.11 ms, found 4 plugins.
Preloading 0 native plugins for Editor in 0.00 ms.
Unloading 25 Unused Serialized files (Serialized files now loaded: 0)
Unloading 6686 unused Assets / (5.9 MB). Loaded Objects now: 7705.
Memory consumption went from 189.1 MB to 183.2 MB.
Total: 8.056500 ms (FindLiveObjects: 0.594600 ms CreateObjectMapping: 0.490800 ms MarkObjects: 4.731500 ms  DeleteObjects: 2.239100 ms)

Prepare: number of updated asset objects reloaded= 0
========================================================================
Received Prepare
Refreshing native plugins compatible for Editor in 1.10 ms, found 4 plugins.
Preloading 0 native plugins for Editor in 0.00 ms.
Unloading 25 Unused Serialized files (Serialized files now loaded: 0)
Unloading 6675 unused Assets / (7.0 MB). Loaded Objects now: 7705.
Memory consumption went from 189.2 MB to 182.3 MB.
Total: 10.015900 ms (FindLiveObjects: 0.590800 ms CreateObjectMapping: 0.532600 ms MarkObjects: 5.650800 ms  DeleteObjects: 3.240900 ms)

Prepare: number of updated asset objects reloaded= 0
========================================================================
Received Prepare
Begin MonoManager ReloadAssembly
- Loaded All Assemblies, in  0.480 seconds
Refreshing native plugins compatible for Editor in 1.05 ms, found 4 plugins.
Native extension for WindowsStandalone target not found
Mono: successfully reloaded assembly
- Finished resetting the current domain, in  0.632 seconds
Domain Reload Profiling: 1113ms
	BeginReloadAssembly (156ms)
		ExecutionOrderSort (0ms)
		DisableScriptedObjects (11ms)
		BackupInstance (0ms)
		ReleaseScriptingObjects (0ms)
		CreateAndSetChildDomain (36ms)
	RebuildCommonClasses (21ms)
	RebuildNativeTypeToScriptingClass (8ms)
	initialDomainReloadingComplete (21ms)
	LoadAllAssembliesAndSetupDomain (275ms)
		LoadAssemblies (214ms)
		RebuildTransferFunctionScriptingTraits (0ms)
		AnalyzeDomain (132ms)
			TypeCache.Refresh (6ms)
				TypeCache.ScanAssembly (1ms)
			BuildScriptInfoCaches (117ms)
			ResolveRequiredComponents (8ms)
	FinalizeReload (632ms)
		ReleaseScriptCaches (0ms)
		RebuildScriptCaches (0ms)
		SetupLoadedEditorAssemblies (422ms)
			LogAssemblyErrors (0ms)
			InitializePlatformSupportModulesInManaged (1ms)
			SetLoadedEditorAssemblies (3ms)
			BeforeProcessingInitializeOnLoad (47ms)
			ProcessInitializeOnLoadAttributes (316ms)
			ProcessInitializeOnLoadMethodAttributes (48ms)
			AfterProcessingInitializeOnLoad (7ms)
			EditorAssembliesLoaded (0ms)
		ExecutionOrderSort2 (0ms)
		AwakeInstancesAfterBackupRestoration (11ms)
Refreshing native plugins compatible for Editor in 1.22 ms, found 4 plugins.
Preloading 0 native plugins for Editor in 0.00 ms.
Unloading 25 Unused Serialized files (Serialized files now loaded: 0)
Unloading 6686 unused Assets / (5.8 MB). Loaded Objects now: 7707.
Memory consumption went from 189.1 MB to 183.3 MB.
Total: 8.003000 ms (FindLiveObjects: 0.750900 ms CreateObjectMapping: 0.600500 ms MarkObjects: 4.468000 ms  DeleteObjects: 2.182800 ms)

Prepare: number of updated asset objects reloaded= 0
========================================================================
Received Prepare
Begin MonoManager ReloadAssembly
- Loaded All Assemblies, in  0.452 seconds
Refreshing native plugins compatible for Editor in 1.47 ms, found 4 plugins.
Native extension for WindowsStandalone target not found
Mono: successfully reloaded assembly
- Finished resetting the current domain, in  0.546 seconds
Domain Reload Profiling: 997ms
	BeginReloadAssembly (128ms)
		ExecutionOrderSort (0ms)
		DisableScriptedObjects (8ms)
		BackupInstance (0ms)
		ReleaseScriptingObjects (0ms)
		CreateAndSetChildDomain (35ms)
	RebuildCommonClasses (20ms)
	RebuildNativeTypeToScriptingClass (8ms)
	initialDomainReloadingComplete (17ms)
	LoadAllAssembliesAndSetupDomain (279ms)
		LoadAssemblies (200ms)
		RebuildTransferFunctionScriptingTraits (0ms)
		AnalyzeDomain (132ms)
			TypeCache.Refresh (4ms)
				TypeCache.ScanAssembly (0ms)
			BuildScriptInfoCaches (120ms)
			ResolveRequiredComponents (7ms)
	FinalizeReload (546ms)
		ReleaseScriptCaches (0ms)
		RebuildScriptCaches (0ms)
		SetupLoadedEditorAssemblies (366ms)
			LogAssemblyErrors (0ms)
			InitializePlatformSupportModulesInManaged (1ms)
			SetLoadedEditorAssemblies (3ms)
			BeforeProcessingInitializeOnLoad (46ms)
			ProcessInitializeOnLoadAttributes (272ms)
			ProcessInitializeOnLoadMethodAttributes (34ms)
			AfterProcessingInitializeOnLoad (8ms)
			EditorAssembliesLoaded (0ms)
		ExecutionOrderSort2 (0ms)
		AwakeInstancesAfterBackupRestoration (9ms)
Refreshing native plugins compatible for Editor in 1.23 ms, found 4 plugins.
Preloading 0 native plugins for Editor in 0.00 ms.
Unloading 25 Unused Serialized files (Serialized files now loaded: 0)
Unloading 6686 unused Assets / (6.2 MB). Loaded Objects now: 7709.
Memory consumption went from 189.1 MB to 182.9 MB.
Total: 8.376700 ms (FindLiveObjects: 0.683900 ms CreateObjectMapping: 0.570600 ms MarkObjects: 4.902300 ms  DeleteObjects: 2.219200 ms)

Prepare: number of updated asset objects reloaded= 0
========================================================================
Received Import Request.
  Time since last request: 2006.281794 seconds.
  path: Assets/Warped shooting fx files/Warped shooting fx files/Pixelart/hits/Hits-2/frames
  artifactKey: Guid(198a5df7620cb914892d1acf8eca725b) Importer(815301076,1909f56bfc062723c751e8b465ee728b)
Start importing Assets/Warped shooting fx files/Warped shooting fx files/Pixelart/hits/Hits-2/frames using Guid(198a5df7620cb914892d1acf8eca725b) Importer(815301076,1909f56bfc062723c751e8b465ee728b) (PreviewImporter) -> (artifact id: 'c308d517aa01fffcb3255a5d0f71556a') in 0.0420845 seconds
Number of updated asset objects reloaded before import = 0Number of asset objects unloaded after import = 0

========================================================================
Received Import Request.
  Time since last request: 0.016377 seconds.
  path: Assets/Warped shooting fx files/Warped shooting fx files/Pixelart/hits/Hits-2/frames/hits-2-1.png
  artifactKey: Guid(5dad7b336950ea5428fffde2b4b81ab7) Importer(815301076,1909f56bfc062723c751e8b465ee728b)
Start importing Assets/Warped shooting fx files/Warped shooting fx files/Pixelart/hits/Hits-2/frames/hits-2-1.png using Guid(5dad7b336950ea5428fffde2b4b81ab7) Importer(815301076,1909f56bfc062723c751e8b465ee728b) (PreviewImporter) -> (artifact id: '66a44f5aadd32d1a65022dd439d723df') in 0.0502122 seconds
Number of updated asset objects reloaded before import = 0Number of asset objects unloaded after import = 3

========================================================================
Received Import Request.
  Time since last request: 0.000012 seconds.
  path: Assets/Warped shooting fx files/Warped shooting fx files/Pixelart/hits/Hits-2/frames/hits-2-7.png
  artifactKey: Guid(f3460e31be045654b8a10265f49a3d7d) Importer(815301076,1909f56bfc062723c751e8b465ee728b)
Start importing Assets/Warped shooting fx files/Warped shooting fx files/Pixelart/hits/Hits-2/frames/hits-2-7.png using Guid(f3460e31be045654b8a10265f49a3d7d) Importer(815301076,1909f56bfc062723c751e8b465ee728b) (PreviewImporter) -> (artifact id: '56da730869c068ead29d0d9ad97e54d9') in 0.0130717 seconds
Number of updated asset objects reloaded before import = 0Number of asset objects unloaded after import = 6

========================================================================
Received Import Request.
  Time since last request: 0.000017 seconds.
  path: Assets/Warped shooting fx files/Warped shooting fx files/Pixelart/hits/Hits-2/frames/hits-2-5.png
  artifactKey: Guid(e933b56b7a890be438a2208b28248290) Importer(815301076,1909f56bfc062723c751e8b465ee728b)
Start importing Assets/Warped shooting fx files/Warped shooting fx files/Pixelart/hits/Hits-2/frames/hits-2-5.png using Guid(e933b56b7a890be438a2208b28248290) Importer(815301076,1909f56bfc062723c751e8b465ee728b) (PreviewImporter) -> (artifact id: '29bdac98a79e89710e67f76f6e627ef9') in 0.0163867 seconds
Number of updated asset objects reloaded before import = 0Number of asset objects unloaded after import = 6

========================================================================
Received Import Request.
  Time since last request: 0.000018 seconds.
  path: Assets/Warped shooting fx files/Warped shooting fx files/Pixelart/hits/Hits-2/frames/hits-2-6.png
  artifactKey: Guid(969ab16b1df7f0546961ecf44c68a46a) Importer(815301076,1909f56bfc062723c751e8b465ee728b)
Start importing Assets/Warped shooting fx files/Warped shooting fx files/Pixelart/hits/Hits-2/frames/hits-2-6.png using Guid(969ab16b1df7f0546961ecf44c68a46a) Importer(815301076,1909f56bfc062723c751e8b465ee728b) (PreviewImporter) -> (artifact id: '7b49272e65505a480f2688dba1329688') in 0.0161149 seconds
Number of updated asset objects reloaded before import = 0Number of asset objects unloaded after import = 6

========================================================================
Received Import Request.
  Time since last request: 0.000011 seconds.
  path: Assets/Warped shooting fx files/Warped shooting fx files/Pixelart/hits/Hits-2/frames/hits-2-4.png
  artifactKey: Guid(bd6a456f6c5c5194da32e548338f320b) Importer(815301076,1909f56bfc062723c751e8b465ee728b)
Start importing Assets/Warped shooting fx files/Warped shooting fx files/Pixelart/hits/Hits-2/frames/hits-2-4.png using Guid(bd6a456f6c5c5194da32e548338f320b) Importer(815301076,1909f56bfc062723c751e8b465ee728b) (PreviewImporter) -> (artifact id: '64d492935fd48c43f6efe53545a6b05a') in 0.0104424 seconds
Number of updated asset objects reloaded before import = 0Number of asset objects unloaded after import = 3

Editor requested this worker to shutdown with reason: Scaling down because of idle timeout
AssetImportWorker is now disconnected from the server
Process exiting
Exiting without the bug reporter. Application will terminate with return code 0