Using pre-set license
Built from '6000.0/staging' branch; Version is '6000.0.30f1 (62b05ba0686a) revision 6467675'; Using compiler version '193933523'; Build Type 'Release'
OS: 'Windows 11  (10.0.22631) 64bit CoreSingleLanguage' Language: 'ru' Physical Memory: 15713 MB
BatchMode: 1, IsHumanControllingUs: 0, StartBugReporterOnCrash: 0, Is64bit: 1, IsPro: 1

COMMAND LINE ARGUMENTS:
C:\Program Files\Unity\Hub\Editor\6000.0.30f1\Editor\Unity.exe
-adb2
-batchMode
-noUpm
-name
AssetImportWorker15
-projectPath
C:/Users/krasi/OneDrive/Документы/GitHub/popaaa123
-logFile
Logs/AssetImportWorker15.log
-srvPort
51962
-job-worker-count
7
-background-job-worker-count
8
-asset-garbage-collectors
1
Successfully changed project path to: C:/Users/krasi/OneDrive/Документы/GitHub/popaaa123
C:/Users/krasi/OneDrive/Документы/GitHub/popaaa123
[UnityMemory] Configuration Parameters - Can be set up in boot.config
    "memorysetup-bucket-allocator-granularity=16"
    "memorysetup-bucket-allocator-bucket-count=8"
    "memorysetup-bucket-allocator-block-size=33554432"
    "memorysetup-bucket-allocator-block-count=8"
    "memorysetup-main-allocator-block-size=16777216"
    "memorysetup-thread-allocator-block-size=16777216"
    "memorysetup-gfx-main-allocator-block-size=16777216"
    "memorysetup-gfx-thread-allocator-block-size=16777216"
    "memorysetup-cache-allocator-block-size=4194304"
    "memorysetup-typetree-allocator-block-size=2097152"
    "memorysetup-profiler-bucket-allocator-granularity=16"
    "memorysetup-profiler-bucket-allocator-bucket-count=8"
    "memorysetup-profiler-bucket-allocator-block-size=33554432"
    "memorysetup-profiler-bucket-allocator-block-count=8"
    "memorysetup-profiler-allocator-block-size=16777216"
    "memorysetup-profiler-editor-allocator-block-size=1048576"
    "memorysetup-temp-allocator-size-main=16777216"
    "memorysetup-job-temp-allocator-block-size=2097152"
    "memorysetup-job-temp-allocator-block-size-background=1048576"
    "memorysetup-job-temp-allocator-reduction-small-platforms=262144"
    "memorysetup-allocator-temp-initial-block-size-main=262144"
    "memorysetup-allocator-temp-initial-block-size-worker=262144"
    "memorysetup-temp-allocator-size-background-worker=32768"
    "memorysetup-temp-allocator-size-job-worker=262144"
    "memorysetup-temp-allocator-size-preload-manager=33554432"
    "memorysetup-temp-allocator-size-nav-mesh-worker=65536"
    "memorysetup-temp-allocator-size-audio-worker=65536"
    "memorysetup-temp-allocator-size-cloud-worker=32768"
    "memorysetup-temp-allocator-size-gi-baking-worker=262144"
    "memorysetup-temp-allocator-size-gi-baking-worker=262144"
    "memorysetup-temp-allocator-size-gi-baking-worker=262144"
    "memorysetup-temp-allocator-size-gi-baking-worker=262144"
    "memorysetup-temp-allocator-size-gi-baking-worker=262144"
    "memorysetup-temp-allocator-size-gfx=262144"
Player connection [6500]  Target information:

Player connection [6500]  * "[IP] 10.0.85.2 [Port] 0 [Flags] 2 [Guid] 1253527866 [EditorId] 1253527866 [Version] 1048832 [Id] WindowsEditor(7,novutbuk) [Debug] 1 [PackageName] WindowsEditor [ProjectName] Editor" 

Player connection [6500]  * "[IP] 172.16.58.8 [Port] 0 [Flags] 2 [Guid] 1253527866 [EditorId] 1253527866 [Version] 1048832 [Id] WindowsEditor(7,novutbuk) [Debug] 1 [PackageName] WindowsEditor [ProjectName] Editor" 

Player connection [6500] Host joined multi-casting on [225.0.0.222:54997]...
Player connection [6500] Host joined alternative multi-casting on [225.0.0.222:34997]...
JobSystem: Creating JobQueue using job-worker-count value 7
[Physics::Module] Initialized fallback backend.
[Physics::Module] Id: 0xdecafbad
Library Redirect Path: Library/
[Physics::Module] Selected backend.
[Physics::Module] Name: PhysX
[Physics::Module] Id: 0xf2b8ea05
[Physics::Module] SDK Version: 4.1.2
[Physics::Module] Integration Version: 1.0.0
[Physics::Module] Threading Mode: Multi-Threaded
Refreshing native plugins compatible for Editor in 4.64 ms, found 4 plugins.
Preloading 0 native plugins for Editor in 0.00 ms.
Initialize engine version: 6000.0.30f1 (62b05ba0686a)
[Subsystems] Discovering subsystems at path C:/Program Files/Unity/Hub/Editor/6000.0.30f1/Editor/Data/Resources/UnitySubsystems
[Subsystems] Discovering subsystems at path C:/Users/krasi/OneDrive/Документы/GitHub/popaaa123/Assets
GfxDevice: creating device client; kGfxThreadingModeNonThreaded
Direct3D:
    Version:  Direct3D 11.0 [level 11.1]
    Renderer: NVIDIA GeForce RTX 3060 Laptop GPU (ID=0x2520)
    Vendor:   NVIDIA
    VRAM:     5996 MB
    Driver:   32.0.15.5613
Initialize mono
Mono path[0] = 'C:/Program Files/Unity/Hub/Editor/6000.0.30f1/Editor/Data/Managed'
Mono path[1] = 'C:/Program Files/Unity/Hub/Editor/6000.0.30f1/Editor/Data/MonoBleedingEdge/lib/mono/unityjit-win32'
Mono config path = 'C:/Program Files/Unity/Hub/Editor/6000.0.30f1/Editor/Data/MonoBleedingEdge/etc'
Using monoOptions --debugger-agent=transport=dt_socket,embedding=1,server=y,suspend=n,address=127.0.0.1:56776
Begin MonoManager ReloadAssembly
Registering precompiled unity dll's ...
Register platform support module: C:/Program Files/Unity/Hub/Editor/6000.0.30f1/Editor/Data/PlaybackEngines/WebGLSupport/UnityEditor.WebGL.Extensions.dll
Register platform support module: C:/Program Files/Unity/Hub/Editor/6000.0.30f1/Editor/Data/PlaybackEngines/WindowsStandaloneSupport/UnityEditor.WindowsStandalone.Extensions.dll
Registered in 0.007919 seconds.
- Loaded All Assemblies, in  0.704 seconds
Native extension for WindowsStandalone target not found
Native extension for WebGL target not found
Mono: successfully reloaded assembly
- Finished resetting the current domain, in  0.537 seconds
Domain Reload Profiling: 1236ms
	BeginReloadAssembly (236ms)
		ExecutionOrderSort (0ms)
		DisableScriptedObjects (0ms)
		BackupInstance (0ms)
		ReleaseScriptingObjects (0ms)
		CreateAndSetChildDomain (1ms)
	RebuildCommonClasses (59ms)
	RebuildNativeTypeToScriptingClass (27ms)
	initialDomainReloadingComplete (99ms)
	LoadAllAssembliesAndSetupDomain (278ms)
		LoadAssemblies (231ms)
		RebuildTransferFunctionScriptingTraits (0ms)
		AnalyzeDomain (272ms)
			TypeCache.Refresh (271ms)
				TypeCache.ScanAssembly (252ms)
			BuildScriptInfoCaches (0ms)
			ResolveRequiredComponents (1ms)
	FinalizeReload (537ms)
		ReleaseScriptCaches (0ms)
		RebuildScriptCaches (0ms)
		SetupLoadedEditorAssemblies (456ms)
			LogAssemblyErrors (0ms)
			InitializePlatformSupportModulesInManaged (54ms)
			SetLoadedEditorAssemblies (9ms)
			BeforeProcessingInitializeOnLoad (84ms)
			ProcessInitializeOnLoadAttributes (229ms)
			ProcessInitializeOnLoadMethodAttributes (80ms)
			AfterProcessingInitializeOnLoad (0ms)
			EditorAssembliesLoaded (0ms)
		ExecutionOrderSort2 (0ms)
		AwakeInstancesAfterBackupRestoration (0ms)
========================================================================
Worker process is ready to serve import requests
Import Worker Mode flag is 0x00
Begin MonoManager ReloadAssembly
- Loaded All Assemblies, in  1.507 seconds
Refreshing native plugins compatible for Editor in 2.71 ms, found 4 plugins.
Native extension for WindowsStandalone target not found
Native extension for WebGL target not found
Mono: successfully reloaded assembly
- Finished resetting the current domain, in  1.381 seconds
Domain Reload Profiling: 2878ms
	BeginReloadAssembly (312ms)
		ExecutionOrderSort (0ms)
		DisableScriptedObjects (11ms)
		BackupInstance (0ms)
		ReleaseScriptingObjects (0ms)
		CreateAndSetChildDomain (50ms)
	RebuildCommonClasses (61ms)
	RebuildNativeTypeToScriptingClass (25ms)
	initialDomainReloadingComplete (71ms)
	LoadAllAssembliesAndSetupDomain (1027ms)
		LoadAssemblies (669ms)
		RebuildTransferFunctionScriptingTraits (0ms)
		AnalyzeDomain (543ms)
			TypeCache.Refresh (338ms)
				TypeCache.ScanAssembly (315ms)
			BuildScriptInfoCaches (175ms)
			ResolveRequiredComponents (25ms)
	FinalizeReload (1382ms)
		ReleaseScriptCaches (0ms)
		RebuildScriptCaches (0ms)
		SetupLoadedEditorAssemblies (1162ms)
			LogAssemblyErrors (0ms)
			InitializePlatformSupportModulesInManaged (4ms)
			SetLoadedEditorAssemblies (7ms)
			BeforeProcessingInitializeOnLoad (236ms)
			ProcessInitializeOnLoadAttributes (722ms)
			ProcessInitializeOnLoadMethodAttributes (184ms)
			AfterProcessingInitializeOnLoad (8ms)
			EditorAssembliesLoaded (0ms)
		ExecutionOrderSort2 (0ms)
		AwakeInstancesAfterBackupRestoration (11ms)
Launched and connected shader compiler UnityShaderCompiler.exe after 0.02 seconds
Refreshing native plugins compatible for Editor in 3.35 ms, found 4 plugins.
Preloading 0 native plugins for Editor in 0.00 ms.
Unloading 266 Unused Serialized files (Serialized files now loaded: 0)
Unloading 6707 unused Assets / (6.3 MB). Loaded Objects now: 7432.
Memory consumption went from 190.3 MB to 184.0 MB.
Total: 12.661500 ms (FindLiveObjects: 1.047300 ms CreateObjectMapping: 0.901400 ms MarkObjects: 7.216700 ms  DeleteObjects: 3.493100 ms)

========================================================================
Received Import Request.
  Time since last request: 3320.517915 seconds.
  path: Assets/Pics/bull3.png
  artifactKey: Guid(58893be3a53d79b47a87e6288700e229) Importer(815301076,1909f56bfc062723c751e8b465ee728b)
Start importing Assets/Pics/bull3.png using Guid(58893be3a53d79b47a87e6288700e229) Importer(815301076,1909f56bfc062723c751e8b465ee728b) (PreviewImporter) -> (artifact id: '1eb194fa3d9d8d836acca1346fc597c5') in 0.2132993 seconds
Number of updated asset objects reloaded before import = 0Number of asset objects unloaded after import = 3

========================================================================
Received Import Request.
  Time since last request: 0.000029 seconds.
  path: Assets/Pics/CosmicLilac_Tiles_06.png
  artifactKey: Guid(cd6634ee3a9d0844c9fb86ad77356249) Importer(815301076,1909f56bfc062723c751e8b465ee728b)
Start importing Assets/Pics/CosmicLilac_Tiles_06.png using Guid(cd6634ee3a9d0844c9fb86ad77356249) Importer(815301076,1909f56bfc062723c751e8b465ee728b) (PreviewImporter) -> (artifact id: '2b14817fd3dc7c2eff2a708687419a39') in 0.0213519 seconds
Number of updated asset objects reloaded before import = 0Number of asset objects unloaded after import = 3

========================================================================
Received Import Request.
  Time since last request: 0.079708 seconds.
  path: Assets/Pics/!$Fan_B_0_05.png
  artifactKey: Guid(44b18a32806052640a8ee0f107241d52) Importer(815301076,1909f56bfc062723c751e8b465ee728b)
Start importing Assets/Pics/!$Fan_B_0_05.png using Guid(44b18a32806052640a8ee0f107241d52) Importer(815301076,1909f56bfc062723c751e8b465ee728b) (PreviewImporter) -> (artifact id: '593949b46fca6fcc1d24f7bf9bc52f7a') in 0.036183 seconds
Number of updated asset objects reloaded before import = 0Number of asset objects unloaded after import = 3

========================================================================
Received Import Request.
  Time since last request: 0.000026 seconds.
  path: Assets/Pics/78388105-c31e-4258-84cc-1a7294cd35e5.jpg
  artifactKey: Guid(154b106bc2df4cc4dace2d7ea9b5627e) Importer(815301076,1909f56bfc062723c751e8b465ee728b)
Start importing Assets/Pics/78388105-c31e-4258-84cc-1a7294cd35e5.jpg using Guid(154b106bc2df4cc4dace2d7ea9b5627e) Importer(815301076,1909f56bfc062723c751e8b465ee728b) (PreviewImporter) -> (artifact id: 'ccd7ee63d2a66cd9c5b32099a7c5cb5b') in 0.0261941 seconds
Number of updated asset objects reloaded before import = 0Number of asset objects unloaded after import = 3

========================================================================
Received Import Request.
  Time since last request: 0.000022 seconds.
  path: Assets/Pics/!$Fan_B_0_10_0.asset
  artifactKey: Guid(9e30c332a93c5d84cb218dcb61d88632) Importer(815301076,1909f56bfc062723c751e8b465ee728b)
Start importing Assets/Pics/!$Fan_B_0_10_0.asset using Guid(9e30c332a93c5d84cb218dcb61d88632) Importer(815301076,1909f56bfc062723c751e8b465ee728b) (PreviewImporter) -> (artifact id: '1b7f76a1ba609d92b38788fb53f90cfc') in 0.0283128 seconds
Number of updated asset objects reloaded before import = 0Number of asset objects unloaded after import = 3

========================================================================
Received Import Request.
  Time since last request: 0.000029 seconds.
  path: Assets/Pics/!$Fan_B_0_09.png
  artifactKey: Guid(cd41747ea5ca17d46a83e6363cb32489) Importer(815301076,1909f56bfc062723c751e8b465ee728b)
Start importing Assets/Pics/!$Fan_B_0_09.png using Guid(cd41747ea5ca17d46a83e6363cb32489) Importer(815301076,1909f56bfc062723c751e8b465ee728b) (PreviewImporter) -> (artifact id: 'ef432dd23902e774246b85d948c59747') in 0.023717 seconds
Number of updated asset objects reloaded before import = 0Number of asset objects unloaded after import = 3

========================================================================
Received Import Request.
  Time since last request: 0.188539 seconds.
  path: Assets/Pics/!$Fan_B_0_01.png
  artifactKey: Guid(c0096c58d9582824195c1d3c79a18c6c) Importer(815301076,1909f56bfc062723c751e8b465ee728b)
Start importing Assets/Pics/!$Fan_B_0_01.png using Guid(c0096c58d9582824195c1d3c79a18c6c) Importer(815301076,1909f56bfc062723c751e8b465ee728b) (PreviewImporter) -> (artifact id: 'fd18bad4189bf879f516f3018674f8a5') in 0.0400776 seconds
Number of updated asset objects reloaded before import = 0Number of asset objects unloaded after import = 3

========================================================================
Received Import Request.
  Time since last request: 0.000031 seconds.
  path: Assets/Pics/!$Fan_B_0_04_0.asset
  artifactKey: Guid(877e18006b6784845888bc00734c5b52) Importer(815301076,1909f56bfc062723c751e8b465ee728b)
Start importing Assets/Pics/!$Fan_B_0_04_0.asset using Guid(877e18006b6784845888bc00734c5b52) Importer(815301076,1909f56bfc062723c751e8b465ee728b) (PreviewImporter) -> (artifact id: '95ad69e9900c5787410bad1ff2ed3a22') in 0.0228084 seconds
Number of updated asset objects reloaded before import = 0Number of asset objects unloaded after import = 3

========================================================================
Received Import Request.
  Time since last request: 0.735897 seconds.
  path: Assets/Pics/ShanDspElectronicsChipsDemo_15.png
  artifactKey: Guid(3e1f1799bce413245a1ec6c0e200c5b9) Importer(815301076,1909f56bfc062723c751e8b465ee728b)
Start importing Assets/Pics/ShanDspElectronicsChipsDemo_15.png using Guid(3e1f1799bce413245a1ec6c0e200c5b9) Importer(815301076,1909f56bfc062723c751e8b465ee728b) (PreviewImporter) -> (artifact id: 'a335b0b1eca0adebc3e7d003322d7af4') in 0.0237692 seconds
Number of updated asset objects reloaded before import = 0Number of asset objects unloaded after import = 3

========================================================================
Received Import Request.
  Time since last request: 0.000026 seconds.
  path: Assets/Pics/ShanDspElectronicsChipsDemo_18.png
  artifactKey: Guid(f50cbd82fc27f8b42aeaa8eb27f239d4) Importer(815301076,1909f56bfc062723c751e8b465ee728b)
Start importing Assets/Pics/ShanDspElectronicsChipsDemo_18.png using Guid(f50cbd82fc27f8b42aeaa8eb27f239d4) Importer(815301076,1909f56bfc062723c751e8b465ee728b) (PreviewImporter) -> (artifact id: '3af2844cc50345cdf65e18131d40cbd7') in 0.0241986 seconds
Number of updated asset objects reloaded before import = 0Number of asset objects unloaded after import = 3

========================================================================
Received Import Request.
  Time since last request: 0.000038 seconds.
  path: Assets/Pics/ShanDspElectronicsCondensatorYellowDemo_04.png
  artifactKey: Guid(8a05199551943ee4ba96a076be1eb96b) Importer(815301076,1909f56bfc062723c751e8b465ee728b)
Start importing Assets/Pics/ShanDspElectronicsCondensatorYellowDemo_04.png using Guid(8a05199551943ee4ba96a076be1eb96b) Importer(815301076,1909f56bfc062723c751e8b465ee728b) (PreviewImporter) -> (artifact id: 'c610fb3b9071462a4971c54dd6ccbdb4') in 0.0244984 seconds
Number of updated asset objects reloaded before import = 0Number of asset objects unloaded after import = 3

========================================================================
Received Import Request.
  Time since last request: 0.000025 seconds.
  path: Assets/Pics/ShanDspElectronicsCondensatorYellowDemo_06.png
  artifactKey: Guid(fd00134c83da8434789233f8c52c04dd) Importer(815301076,1909f56bfc062723c751e8b465ee728b)
Start importing Assets/Pics/ShanDspElectronicsCondensatorYellowDemo_06.png using Guid(fd00134c83da8434789233f8c52c04dd) Importer(815301076,1909f56bfc062723c751e8b465ee728b) (PreviewImporter) -> (artifact id: '4c5fa6ee97b2dff41d8c4d67aeb18af6') in 0.0239867 seconds
Number of updated asset objects reloaded before import = 0Number of asset objects unloaded after import = 3

========================================================================
Received Import Request.
  Time since last request: 0.000021 seconds.
  path: Assets/Pics/ShanDspElectronicsCondensatorYellowDemo_07.png
  artifactKey: Guid(be1712aacd116674ca4bf1cb0f602da5) Importer(815301076,1909f56bfc062723c751e8b465ee728b)
Start importing Assets/Pics/ShanDspElectronicsCondensatorYellowDemo_07.png using Guid(be1712aacd116674ca4bf1cb0f602da5) Importer(815301076,1909f56bfc062723c751e8b465ee728b) (PreviewImporter) -> (artifact id: 'c850eeea96d65791743712979814ce60') in 0.0242374 seconds
Number of updated asset objects reloaded before import = 0Number of asset objects unloaded after import = 3

========================================================================
Received Import Request.
  Time since last request: 0.000028 seconds.
  path: Assets/Pics/ShanDspElectronicsChipsDemo_18 1_0.asset
  artifactKey: Guid(d34f63e17deff654583dad8acdfbbfb0) Importer(815301076,1909f56bfc062723c751e8b465ee728b)
Start importing Assets/Pics/ShanDspElectronicsChipsDemo_18 1_0.asset using Guid(d34f63e17deff654583dad8acdfbbfb0) Importer(815301076,1909f56bfc062723c751e8b465ee728b) (PreviewImporter) -> (artifact id: '4e6d903fcc49cfd5455d83791663e4f4') in 0.0091666 seconds
Number of updated asset objects reloaded before import = 0Number of asset objects unloaded after import = 3

========================================================================
Received Import Request.
  Time since last request: 0.000043 seconds.
  path: Assets/Pics/ShanDspElectronicsCondensatorYellowDemo_02.png
  artifactKey: Guid(e7e9c2c074befce41aa6863b399a5012) Importer(815301076,1909f56bfc062723c751e8b465ee728b)
Start importing Assets/Pics/ShanDspElectronicsCondensatorYellowDemo_02.png using Guid(e7e9c2c074befce41aa6863b399a5012) Importer(815301076,1909f56bfc062723c751e8b465ee728b) (PreviewImporter) -> (artifact id: '33b7703910309ee6002dd9f4cf104366') in 0.0184594 seconds
Number of updated asset objects reloaded before import = 0Number of asset objects unloaded after import = 3

========================================================================
Received Import Request.
  Time since last request: 28.249247 seconds.
  path: Assets/Pics/ShanDspElectronicsCondensatorYellowDemo_10.png
  artifactKey: Guid(085a086a8968f0846b7c5b0f5d455144) Importer(815301076,1909f56bfc062723c751e8b465ee728b)
Start importing Assets/Pics/ShanDspElectronicsCondensatorYellowDemo_10.png using Guid(085a086a8968f0846b7c5b0f5d455144) Importer(815301076,1909f56bfc062723c751e8b465ee728b) (PreviewImporter) -> (artifact id: '9d1f93a0cd891234c19f9726f22038af') in 0.0390558 seconds
Number of updated asset objects reloaded before import = 0Number of asset objects unloaded after import = 3

========================================================================
Received Import Request.
  Time since last request: 0.000029 seconds.
  path: Assets/Pics/ShanDspElectronicsCondensatorYellowDemo_15_0.asset
  artifactKey: Guid(91599920f70036446a97ab9992d51f50) Importer(815301076,1909f56bfc062723c751e8b465ee728b)
Start importing Assets/Pics/ShanDspElectronicsCondensatorYellowDemo_15_0.asset using Guid(91599920f70036446a97ab9992d51f50) Importer(815301076,1909f56bfc062723c751e8b465ee728b) (PreviewImporter) -> (artifact id: '484cf71cd6a2e8aade617b3daa1b4b09') in 0.0034876 seconds
Number of updated asset objects reloaded before import = 0Number of asset objects unloaded after import = 1

========================================================================
Received Import Request.
  Time since last request: 13.815790 seconds.
  path: Assets/board/gold/1.png
  artifactKey: Guid(b127075091427c14c9a902d48867af4f) Importer(815301076,1909f56bfc062723c751e8b465ee728b)
Start importing Assets/board/gold/1.png using Guid(b127075091427c14c9a902d48867af4f) Importer(815301076,1909f56bfc062723c751e8b465ee728b) (PreviewImporter) -> (artifact id: '398fa26a2416d6e5565ca67e88cc4d8c') in 0.0536185 seconds
Number of updated asset objects reloaded before import = 0Number of asset objects unloaded after import = 6

========================================================================
Received Import Request.
  Time since last request: 42.038151 seconds.
  path: Assets/Pics/ShanDspElectronicsCondensatorYellowDemo_19.png
  artifactKey: Guid(c3d1a2d24121b3c44aa11b1dd085c9d5) Importer(815301076,1909f56bfc062723c751e8b465ee728b)
Start importing Assets/Pics/ShanDspElectronicsCondensatorYellowDemo_19.png using Guid(c3d1a2d24121b3c44aa11b1dd085c9d5) Importer(815301076,1909f56bfc062723c751e8b465ee728b) (PreviewImporter) -> (artifact id: '921eef4885482b64b2cfada4980281b6') in 0.0271986 seconds
Number of updated asset objects reloaded before import = 0Number of asset objects unloaded after import = 3

========================================================================
Received Import Request.
  Time since last request: 0.000028 seconds.
  path: Assets/Pics/ShanDspElectronicsCondensatorYellowDemo_24.png
  artifactKey: Guid(79b7a3cc6b755b74c9c363af6c859a53) Importer(815301076,1909f56bfc062723c751e8b465ee728b)
Start importing Assets/Pics/ShanDspElectronicsCondensatorYellowDemo_24.png using Guid(79b7a3cc6b755b74c9c363af6c859a53) Importer(815301076,1909f56bfc062723c751e8b465ee728b) (PreviewImporter) -> (artifact id: '6b02dcdcb54ff1436d1c58f86d6177b6') in 0.0250034 seconds
Number of updated asset objects reloaded before import = 0Number of asset objects unloaded after import = 3

========================================================================
Received Import Request.
  Time since last request: 0.000041 seconds.
  path: Assets/Pics/xpsp2res.dll_14_2026_1025-Scan.png
  artifactKey: Guid(39da46c084001a547ac864ee08ab8be8) Importer(815301076,1909f56bfc062723c751e8b465ee728b)
Start importing Assets/Pics/xpsp2res.dll_14_2026_1025-Scan.png using Guid(39da46c084001a547ac864ee08ab8be8) Importer(815301076,1909f56bfc062723c751e8b465ee728b) (PreviewImporter) -> (artifact id: 'd02c3e1b34214198275ca27c7cd1d9fe') in 0.0265085 seconds
Number of updated asset objects reloaded before import = 0Number of asset objects unloaded after import = 3

========================================================================
Received Import Request.
  Time since last request: 0.000027 seconds.
  path: Assets/Pics/ShanDspElectronicsCondensatorYellowDemo_27_0.asset
  artifactKey: Guid(1994a8963b6086442aa0ff31022e61d9) Importer(815301076,1909f56bfc062723c751e8b465ee728b)
Start importing Assets/Pics/ShanDspElectronicsCondensatorYellowDemo_27_0.asset using Guid(1994a8963b6086442aa0ff31022e61d9) Importer(815301076,1909f56bfc062723c751e8b465ee728b) (PreviewImporter) -> (artifact id: 'c7ad8834848fe5996d7ce2d172381e48') in 0.0203626 seconds
Number of updated asset objects reloaded before import = 0Number of asset objects unloaded after import = 3

========================================================================
Received Import Request.
  Time since last request: 0.000023 seconds.
  path: Assets/Pics/ShanDspElectronicsCondensatorYellowDemo_23_0.asset
  artifactKey: Guid(5a5f6f9cc7bfc6546b6b30af1257272f) Importer(815301076,1909f56bfc062723c751e8b465ee728b)
Start importing Assets/Pics/ShanDspElectronicsCondensatorYellowDemo_23_0.asset using Guid(5a5f6f9cc7bfc6546b6b30af1257272f) Importer(815301076,1909f56bfc062723c751e8b465ee728b) (PreviewImporter) -> (artifact id: 'd12e86fd3160b119da811ad40ec2dafe') in 0.0218168 seconds
Number of updated asset objects reloaded before import = 0Number of asset objects unloaded after import = 3

Editor requested this worker to shutdown with reason: Scaling down because of idle timeout
AssetImportWorker is now disconnected from the server
Process exiting
Exiting without the bug reporter. Application will terminate with return code 0