Using pre-set license
Built from '6000.0/staging' branch; Version is '6000.0.24f1 (11fa355cd605) revision 1178165'; Using compiler version '193933523'; Build Type 'Release'
OS: 'Windows 11  (10.0.22631) 64bit Professional' Language: 'ru' Physical Memory: 31861 MB
BatchMode: 1, IsHumanControllingUs: 0, StartBugReporterOnCrash: 0, Is64bit: 1, IsPro: 1

COMMAND LINE ARGUMENTS:
C:\Program Files\Unity\Hub\Editor\6000.0.24f1\Editor\Unity.exe
-adb2
-batchMode
-noUpm
-name
AssetImportWorker7
-projectPath
C:/Users/User/SemestrProject/popaaa123
-logFile
Logs/AssetImportWorker7.log
-srvPort
51050
-job-worker-count
11
-background-job-worker-count
8
-asset-garbage-collectors
1
Successfully changed project path to: C:/Users/User/SemestrProject/popaaa123
C:/Users/User/SemestrProject/popaaa123
[UnityMemory] Configuration Parameters - Can be set up in boot.config
    "memorysetup-bucket-allocator-granularity=16"
    "memorysetup-bucket-allocator-bucket-count=8"
    "memorysetup-bucket-allocator-block-size=33554432"
    "memorysetup-bucket-allocator-block-count=8"
    "memorysetup-main-allocator-block-size=16777216"
    "memorysetup-thread-allocator-block-size=16777216"
    "memorysetup-gfx-main-allocator-block-size=16777216"
    "memorysetup-gfx-thread-allocator-block-size=16777216"
    "memorysetup-cache-allocator-block-size=4194304"
    "memorysetup-typetree-allocator-block-size=2097152"
    "memorysetup-profiler-bucket-allocator-granularity=16"
    "memorysetup-profiler-bucket-allocator-bucket-count=8"
    "memorysetup-profiler-bucket-allocator-block-size=33554432"
    "memorysetup-profiler-bucket-allocator-block-count=8"
    "memorysetup-profiler-allocator-block-size=16777216"
    "memorysetup-profiler-editor-allocator-block-size=1048576"
    "memorysetup-temp-allocator-size-main=16777216"
    "memorysetup-job-temp-allocator-block-size=2097152"
    "memorysetup-job-temp-allocator-block-size-background=1048576"
    "memorysetup-job-temp-allocator-reduction-small-platforms=262144"
    "memorysetup-allocator-temp-initial-block-size-main=262144"
    "memorysetup-allocator-temp-initial-block-size-worker=262144"
    "memorysetup-temp-allocator-size-background-worker=32768"
    "memorysetup-temp-allocator-size-job-worker=262144"
    "memorysetup-temp-allocator-size-preload-manager=33554432"
    "memorysetup-temp-allocator-size-nav-mesh-worker=65536"
    "memorysetup-temp-allocator-size-audio-worker=65536"
    "memorysetup-temp-allocator-size-cloud-worker=32768"
    "memorysetup-temp-allocator-size-gi-baking-worker=262144"
    "memorysetup-temp-allocator-size-gi-baking-worker=262144"
    "memorysetup-temp-allocator-size-gi-baking-worker=262144"
    "memorysetup-temp-allocator-size-gi-baking-worker=262144"
    "memorysetup-temp-allocator-size-gi-baking-worker=262144"
    "memorysetup-temp-allocator-size-gfx=262144"
Player connection [25840]  Target information:

Player connection [25840]  * "[IP] 192.168.100.63 [Port] 0 [Flags] 2 [Guid] 3407644011 [EditorId] 3407644011 [Version] 1048832 [Id] WindowsEditor(7,burnout44) [Debug] 1 [PackageName] WindowsEditor [ProjectName] Editor" 

Player connection [25840] Host joined multi-casting on [225.0.0.222:54997]...
Player connection [25840] Host joined alternative multi-casting on [225.0.0.222:34997]...
JobSystem: Creating JobQueue using job-worker-count value 11
[Physics::Module] Initialized fallback backend.
[Physics::Module] Id: 0xdecafbad
Library Redirect Path: Library/
[Physics::Module] Selected backend.
[Physics::Module] Name: PhysX
[Physics::Module] Id: 0xf2b8ea05
[Physics::Module] SDK Version: 4.1.2
[Physics::Module] Integration Version: 1.0.0
[Physics::Module] Threading Mode: Multi-Threaded
Refreshing native plugins compatible for Editor in 1.84 ms, found 4 plugins.
Preloading 0 native plugins for Editor in 0.00 ms.
Initialize engine version: 6000.0.24f1 (11fa355cd605)
[Subsystems] Discovering subsystems at path C:/Program Files/Unity/Hub/Editor/6000.0.24f1/Editor/Data/Resources/UnitySubsystems
[Subsystems] Discovering subsystems at path C:/Users/User/SemestrProject/popaaa123/Assets
GfxDevice: creating device client; kGfxThreadingModeNonThreaded
Direct3D:
    Version:  Direct3D 11.0 [level 11.1]
    Renderer: NVIDIA GeForce RTX 4060 (ID=0x2882)
    Vendor:   NVIDIA
    VRAM:     7957 MB
    Driver:   32.0.15.6603
Initialize mono
Mono path[0] = 'C:/Program Files/Unity/Hub/Editor/6000.0.24f1/Editor/Data/Managed'
Mono path[1] = 'C:/Program Files/Unity/Hub/Editor/6000.0.24f1/Editor/Data/MonoBleedingEdge/lib/mono/unityjit-win32'
Mono config path = 'C:/Program Files/Unity/Hub/Editor/6000.0.24f1/Editor/Data/MonoBleedingEdge/etc'
Using monoOptions --debugger-agent=transport=dt_socket,embedding=1,server=y,suspend=n,address=127.0.0.1:56328
Begin MonoManager ReloadAssembly
Registering precompiled unity dll's ...
Register platform support module: C:/Program Files/Unity/Hub/Editor/6000.0.24f1/Editor/Data/PlaybackEngines/WindowsStandaloneSupport/UnityEditor.WindowsStandalone.Extensions.dll
Registered in 0.001731 seconds.
- Loaded All Assemblies, in  0.272 seconds
Native extension for WindowsStandalone target not found
Mono: successfully reloaded assembly
- Finished resetting the current domain, in  0.233 seconds
Domain Reload Profiling: 503ms
	BeginReloadAssembly (98ms)
		ExecutionOrderSort (0ms)
		DisableScriptedObjects (0ms)
		BackupInstance (0ms)
		ReleaseScriptingObjects (0ms)
		CreateAndSetChildDomain (1ms)
	RebuildCommonClasses (25ms)
	RebuildNativeTypeToScriptingClass (8ms)
	initialDomainReloadingComplete (34ms)
	LoadAllAssembliesAndSetupDomain (103ms)
		LoadAssemblies (95ms)
		RebuildTransferFunctionScriptingTraits (0ms)
		AnalyzeDomain (101ms)
			TypeCache.Refresh (100ms)
				TypeCache.ScanAssembly (89ms)
			BuildScriptInfoCaches (0ms)
			ResolveRequiredComponents (0ms)
	FinalizeReload (233ms)
		ReleaseScriptCaches (0ms)
		RebuildScriptCaches (0ms)
		SetupLoadedEditorAssemblies (202ms)
			LogAssemblyErrors (0ms)
			InitializePlatformSupportModulesInManaged (18ms)
			SetLoadedEditorAssemblies (3ms)
			BeforeProcessingInitializeOnLoad (5ms)
			ProcessInitializeOnLoadAttributes (136ms)
			ProcessInitializeOnLoadMethodAttributes (39ms)
			AfterProcessingInitializeOnLoad (2ms)
			EditorAssembliesLoaded (0ms)
		ExecutionOrderSort2 (0ms)
		AwakeInstancesAfterBackupRestoration (0ms)
========================================================================
Worker process is ready to serve import requests
Import Worker Mode flag is 0x00
Begin MonoManager ReloadAssembly
- Loaded All Assemblies, in  0.687 seconds
Refreshing native plugins compatible for Editor in 0.91 ms, found 4 plugins.
Native extension for WindowsStandalone target not found
Mono: successfully reloaded assembly
- Finished resetting the current domain, in  0.616 seconds
Domain Reload Profiling: 1300ms
	BeginReloadAssembly (258ms)
		ExecutionOrderSort (0ms)
		DisableScriptedObjects (3ms)
		BackupInstance (0ms)
		ReleaseScriptingObjects (0ms)
		CreateAndSetChildDomain (24ms)
	RebuildCommonClasses (22ms)
	RebuildNativeTypeToScriptingClass (8ms)
	initialDomainReloadingComplete (25ms)
	LoadAllAssembliesAndSetupDomain (372ms)
		LoadAssemblies (258ms)
		RebuildTransferFunctionScriptingTraits (0ms)
		AnalyzeDomain (182ms)
			TypeCache.Refresh (119ms)
				TypeCache.ScanAssembly (108ms)
			BuildScriptInfoCaches (54ms)
			ResolveRequiredComponents (7ms)
	FinalizeReload (616ms)
		ReleaseScriptCaches (0ms)
		RebuildScriptCaches (0ms)
		SetupLoadedEditorAssemblies (450ms)
			LogAssemblyErrors (0ms)
			InitializePlatformSupportModulesInManaged (1ms)
			SetLoadedEditorAssemblies (3ms)
			BeforeProcessingInitializeOnLoad (61ms)
			ProcessInitializeOnLoadAttributes (313ms)
			ProcessInitializeOnLoadMethodAttributes (66ms)
			AfterProcessingInitializeOnLoad (6ms)
			EditorAssembliesLoaded (0ms)
		ExecutionOrderSort2 (0ms)
		AwakeInstancesAfterBackupRestoration (5ms)
Launched and connected shader compiler UnityShaderCompiler.exe after 0.01 seconds
Refreshing native plugins compatible for Editor in 1.63 ms, found 4 plugins.
Preloading 0 native plugins for Editor in 0.00 ms.
Unloading 269 Unused Serialized files (Serialized files now loaded: 0)
Unloading 6699 unused Assets / (6.2 MB). Loaded Objects now: 7548.
Memory consumption went from 240.4 MB to 234.2 MB.
Total: 10.607900 ms (FindLiveObjects: 1.118500 ms CreateObjectMapping: 0.421300 ms MarkObjects: 6.129000 ms  DeleteObjects: 2.938200 ms)

========================================================================
Received Import Request.
  Time since last request: 4302.754042 seconds.
  path: Assets/portals/sprite_04.png
  artifactKey: Guid(eb4c563759adb4446b99639de823c8ad) Importer(815301076,1909f56bfc062723c751e8b465ee728b)
Start importing Assets/portals/sprite_04.png using Guid(eb4c563759adb4446b99639de823c8ad) Importer(815301076,1909f56bfc062723c751e8b465ee728b) (PreviewImporter) -> (artifact id: 'd963870a712cc9c6201f45fb2fe1ff2c') in 0.1791042 seconds
Number of updated asset objects reloaded before import = 0Number of asset objects unloaded after import = 3

========================================================================
Received Import Request.
  Time since last request: 0.000016 seconds.
  path: Assets/portals/sprite_06.png
  artifactKey: Guid(e47cf8f409932ad4789a924accf5a8a3) Importer(815301076,1909f56bfc062723c751e8b465ee728b)
Start importing Assets/portals/sprite_06.png using Guid(e47cf8f409932ad4789a924accf5a8a3) Importer(815301076,1909f56bfc062723c751e8b465ee728b) (PreviewImporter) -> (artifact id: 'ad7372897ce0d4db4982d397c43896f3') in 0.0107063 seconds
Number of updated asset objects reloaded before import = 0Number of asset objects unloaded after import = 3

========================================================================
Received Import Request.
  Time since last request: 0.000018 seconds.
  path: Assets/portals/sprite_30.png
  artifactKey: Guid(6411a128fa94f3042bd4ef4599f34fa0) Importer(815301076,1909f56bfc062723c751e8b465ee728b)
Start importing Assets/portals/sprite_30.png using Guid(6411a128fa94f3042bd4ef4599f34fa0) Importer(815301076,1909f56bfc062723c751e8b465ee728b) (PreviewImporter) -> (artifact id: '4b8bcc12ef9de0c0c08f7dca62d7e4c1') in 0.0115806 seconds
Number of updated asset objects reloaded before import = 0Number of asset objects unloaded after import = 3

========================================================================
Received Import Request.
  Time since last request: 0.000009 seconds.
  path: Assets/portals/sprite_14.png
  artifactKey: Guid(1aa0f8fec2af63e41bccf51c31740fbe) Importer(815301076,1909f56bfc062723c751e8b465ee728b)
Start importing Assets/portals/sprite_14.png using Guid(1aa0f8fec2af63e41bccf51c31740fbe) Importer(815301076,1909f56bfc062723c751e8b465ee728b) (PreviewImporter) -> (artifact id: 'b846c1f3bb50159f20c464f810704559') in 0.0088481 seconds
Number of updated asset objects reloaded before import = 0Number of asset objects unloaded after import = 3

========================================================================
Received Import Request.
  Time since last request: 0.000009 seconds.
  path: Assets/portals/sprite_28.png
  artifactKey: Guid(f5340d5bde25f964a8b830af842d1f78) Importer(815301076,1909f56bfc062723c751e8b465ee728b)
Start importing Assets/portals/sprite_28.png using Guid(f5340d5bde25f964a8b830af842d1f78) Importer(815301076,1909f56bfc062723c751e8b465ee728b) (PreviewImporter) -> (artifact id: '43f2e8c92365cf181e2e4254d4f97f0a') in 0.011014 seconds
Number of updated asset objects reloaded before import = 0Number of asset objects unloaded after import = 3

========================================================================
Received Import Request.
  Time since last request: 0.000010 seconds.
  path: Assets/portals/sprite_15.png
  artifactKey: Guid(09751301cb393b44cb1541bdff22f5e9) Importer(815301076,1909f56bfc062723c751e8b465ee728b)
Start importing Assets/portals/sprite_15.png using Guid(09751301cb393b44cb1541bdff22f5e9) Importer(815301076,1909f56bfc062723c751e8b465ee728b) (PreviewImporter) -> (artifact id: '53c5f7ed7996c3d0f240a1b7fc6f2ba1') in 0.0109736 seconds
Number of updated asset objects reloaded before import = 0Number of asset objects unloaded after import = 3

========================================================================
Received Import Request.
  Time since last request: 0.000011 seconds.
  path: Assets/portals/sprite_17.png
  artifactKey: Guid(f338b3ecb2796204d80eb5bb46c841ef) Importer(815301076,1909f56bfc062723c751e8b465ee728b)
Start importing Assets/portals/sprite_17.png using Guid(f338b3ecb2796204d80eb5bb46c841ef) Importer(815301076,1909f56bfc062723c751e8b465ee728b) (PreviewImporter) -> (artifact id: '52afb13b8eb634e8e69480565dc16acc') in 0.0100492 seconds
Number of updated asset objects reloaded before import = 0Number of asset objects unloaded after import = 3

========================================================================
Received Prepare
Refreshing native plugins compatible for Editor in 1.38 ms, found 4 plugins.
Preloading 0 native plugins for Editor in 0.00 ms.
Unloading 25 Unused Serialized files (Serialized files now loaded: 0)
Unloading 6687 unused Assets / (5.4 MB). Loaded Objects now: 7563.
Memory consumption went from 195.6 MB to 190.2 MB.
Total: 9.195400 ms (FindLiveObjects: 0.677500 ms CreateObjectMapping: 0.294800 ms MarkObjects: 5.962900 ms  DeleteObjects: 2.259300 ms)

Prepare: number of updated asset objects reloaded= 0
========================================================================
Received Prepare
Begin MonoManager ReloadAssembly
- Loaded All Assemblies, in  0.578 seconds
Refreshing native plugins compatible for Editor in 1.88 ms, found 4 plugins.
Native extension for WindowsStandalone target not found
Mono: successfully reloaded assembly
- Finished resetting the current domain, in  0.650 seconds
Domain Reload Profiling: 1227ms
	BeginReloadAssembly (154ms)
		ExecutionOrderSort (0ms)
		DisableScriptedObjects (8ms)
		BackupInstance (0ms)
		ReleaseScriptingObjects (0ms)
		CreateAndSetChildDomain (42ms)
	RebuildCommonClasses (29ms)
	RebuildNativeTypeToScriptingClass (13ms)
	initialDomainReloadingComplete (24ms)
	LoadAllAssembliesAndSetupDomain (357ms)
		LoadAssemblies (253ms)
		RebuildTransferFunctionScriptingTraits (0ms)
		AnalyzeDomain (166ms)
			TypeCache.Refresh (6ms)
				TypeCache.ScanAssembly (1ms)
			BuildScriptInfoCaches (151ms)
			ResolveRequiredComponents (7ms)
	FinalizeReload (650ms)
		ReleaseScriptCaches (0ms)
		RebuildScriptCaches (0ms)
		SetupLoadedEditorAssemblies (465ms)
			LogAssemblyErrors (0ms)
			InitializePlatformSupportModulesInManaged (1ms)
			SetLoadedEditorAssemblies (4ms)
			BeforeProcessingInitializeOnLoad (67ms)
			ProcessInitializeOnLoadAttributes (346ms)
			ProcessInitializeOnLoadMethodAttributes (39ms)
			AfterProcessingInitializeOnLoad (7ms)
			EditorAssembliesLoaded (0ms)
		ExecutionOrderSort2 (0ms)
		AwakeInstancesAfterBackupRestoration (8ms)
Refreshing native plugins compatible for Editor in 1.68 ms, found 4 plugins.
Preloading 0 native plugins for Editor in 0.00 ms.
Unloading 25 Unused Serialized files (Serialized files now loaded: 0)
Unloading 6698 unused Assets / (5.5 MB). Loaded Objects now: 7565.
Memory consumption went from 198.4 MB to 192.9 MB.
Total: 7.638800 ms (FindLiveObjects: 0.950100 ms CreateObjectMapping: 0.319300 ms MarkObjects: 4.531900 ms  DeleteObjects: 1.836900 ms)

Prepare: number of updated asset objects reloaded= 0
========================================================================
Received Prepare
Begin MonoManager ReloadAssembly
- Loaded All Assemblies, in  0.460 seconds
Refreshing native plugins compatible for Editor in 0.94 ms, found 4 plugins.
Native extension for WindowsStandalone target not found
Mono: successfully reloaded assembly
- Finished resetting the current domain, in  0.573 seconds
Domain Reload Profiling: 1033ms
	BeginReloadAssembly (136ms)
		ExecutionOrderSort (0ms)
		DisableScriptedObjects (8ms)
		BackupInstance (0ms)
		ReleaseScriptingObjects (0ms)
		CreateAndSetChildDomain (39ms)
	RebuildCommonClasses (20ms)
	RebuildNativeTypeToScriptingClass (8ms)
	initialDomainReloadingComplete (17ms)
	LoadAllAssembliesAndSetupDomain (278ms)
		LoadAssemblies (202ms)
		RebuildTransferFunctionScriptingTraits (0ms)
		AnalyzeDomain (133ms)
			TypeCache.Refresh (4ms)
				TypeCache.ScanAssembly (0ms)
			BuildScriptInfoCaches (120ms)
			ResolveRequiredComponents (7ms)
	FinalizeReload (573ms)
		ReleaseScriptCaches (0ms)
		RebuildScriptCaches (0ms)
		SetupLoadedEditorAssemblies (371ms)
			LogAssemblyErrors (0ms)
			InitializePlatformSupportModulesInManaged (1ms)
			SetLoadedEditorAssemblies (4ms)
			BeforeProcessingInitializeOnLoad (47ms)
			ProcessInitializeOnLoadAttributes (277ms)
			ProcessInitializeOnLoadMethodAttributes (36ms)
			AfterProcessingInitializeOnLoad (6ms)
			EditorAssembliesLoaded (0ms)
		ExecutionOrderSort2 (0ms)
		AwakeInstancesAfterBackupRestoration (11ms)
Refreshing native plugins compatible for Editor in 1.15 ms, found 4 plugins.
Preloading 0 native plugins for Editor in 0.00 ms.
Unloading 25 Unused Serialized files (Serialized files now loaded: 0)
Unloading 6698 unused Assets / (6.4 MB). Loaded Objects now: 7567.
Memory consumption went from 198.4 MB to 192.0 MB.
Total: 7.682300 ms (FindLiveObjects: 0.573900 ms CreateObjectMapping: 0.243500 ms MarkObjects: 4.302100 ms  DeleteObjects: 2.561800 ms)

Prepare: number of updated asset objects reloaded= 0
========================================================================
Received Prepare
Refreshing native plugins compatible for Editor in 1.47 ms, found 4 plugins.
Preloading 0 native plugins for Editor in 0.00 ms.
Unloading 25 Unused Serialized files (Serialized files now loaded: 0)
Unloading 6687 unused Assets / (5.9 MB). Loaded Objects now: 7567.
Memory consumption went from 198.6 MB to 192.7 MB.
Total: 7.611100 ms (FindLiveObjects: 0.614900 ms CreateObjectMapping: 0.249700 ms MarkObjects: 4.603600 ms  DeleteObjects: 2.142000 ms)

Prepare: number of updated asset objects reloaded= 0
========================================================================
Received Prepare
Begin MonoManager ReloadAssembly
- Loaded All Assemblies, in  0.576 seconds
Refreshing native plugins compatible for Editor in 1.54 ms, found 4 plugins.
Native extension for WindowsStandalone target not found
Mono: successfully reloaded assembly
- Finished resetting the current domain, in  0.694 seconds
Domain Reload Profiling: 1271ms
	BeginReloadAssembly (165ms)
		ExecutionOrderSort (0ms)
		DisableScriptedObjects (11ms)
		BackupInstance (0ms)
		ReleaseScriptingObjects (0ms)
		CreateAndSetChildDomain (43ms)
	RebuildCommonClasses (33ms)
	RebuildNativeTypeToScriptingClass (12ms)
	initialDomainReloadingComplete (24ms)
	LoadAllAssembliesAndSetupDomain (342ms)
		LoadAssemblies (259ms)
		RebuildTransferFunctionScriptingTraits (0ms)
		AnalyzeDomain (155ms)
			TypeCache.Refresh (8ms)
				TypeCache.ScanAssembly (1ms)
			BuildScriptInfoCaches (135ms)
			ResolveRequiredComponents (9ms)
	FinalizeReload (695ms)
		ReleaseScriptCaches (0ms)
		RebuildScriptCaches (0ms)
		SetupLoadedEditorAssemblies (494ms)
			LogAssemblyErrors (0ms)
			InitializePlatformSupportModulesInManaged (2ms)
			SetLoadedEditorAssemblies (5ms)
			BeforeProcessingInitializeOnLoad (67ms)
			ProcessInitializeOnLoadAttributes (375ms)
			ProcessInitializeOnLoadMethodAttributes (40ms)
			AfterProcessingInitializeOnLoad (5ms)
			EditorAssembliesLoaded (0ms)
		ExecutionOrderSort2 (0ms)
		AwakeInstancesAfterBackupRestoration (8ms)
Refreshing native plugins compatible for Editor in 1.25 ms, found 4 plugins.
Preloading 0 native plugins for Editor in 0.00 ms.
Unloading 25 Unused Serialized files (Serialized files now loaded: 0)
Unloading 6698 unused Assets / (6.2 MB). Loaded Objects now: 7569.
Memory consumption went from 198.4 MB to 192.2 MB.
Total: 6.897400 ms (FindLiveObjects: 0.591500 ms CreateObjectMapping: 0.215700 ms MarkObjects: 3.691700 ms  DeleteObjects: 2.397200 ms)

Prepare: number of updated asset objects reloaded= 0
========================================================================
Received Prepare
Begin MonoManager ReloadAssembly
- Loaded All Assemblies, in  0.468 seconds
Refreshing native plugins compatible for Editor in 1.59 ms, found 4 plugins.
Native extension for WindowsStandalone target not found
Mono: successfully reloaded assembly
- Finished resetting the current domain, in  0.577 seconds
Domain Reload Profiling: 1044ms
	BeginReloadAssembly (134ms)
		ExecutionOrderSort (0ms)
		DisableScriptedObjects (7ms)
		BackupInstance (0ms)
		ReleaseScriptingObjects (0ms)
		CreateAndSetChildDomain (35ms)
	RebuildCommonClasses (21ms)
	RebuildNativeTypeToScriptingClass (8ms)
	initialDomainReloadingComplete (17ms)
	LoadAllAssembliesAndSetupDomain (287ms)
		LoadAssemblies (207ms)
		RebuildTransferFunctionScriptingTraits (0ms)
		AnalyzeDomain (139ms)
			TypeCache.Refresh (4ms)
				TypeCache.ScanAssembly (0ms)
			BuildScriptInfoCaches (126ms)
			ResolveRequiredComponents (7ms)
	FinalizeReload (578ms)
		ReleaseScriptCaches (0ms)
		RebuildScriptCaches (0ms)
		SetupLoadedEditorAssemblies (373ms)
			LogAssemblyErrors (0ms)
			InitializePlatformSupportModulesInManaged (1ms)
			SetLoadedEditorAssemblies (4ms)
			BeforeProcessingInitializeOnLoad (45ms)
			ProcessInitializeOnLoadAttributes (275ms)
			ProcessInitializeOnLoadMethodAttributes (42ms)
			AfterProcessingInitializeOnLoad (6ms)
			EditorAssembliesLoaded (0ms)
		ExecutionOrderSort2 (0ms)
		AwakeInstancesAfterBackupRestoration (10ms)
Refreshing native plugins compatible for Editor in 1.26 ms, found 4 plugins.
Preloading 0 native plugins for Editor in 0.00 ms.
Unloading 25 Unused Serialized files (Serialized files now loaded: 0)
Unloading 6698 unused Assets / (6.3 MB). Loaded Objects now: 7571.
Memory consumption went from 198.4 MB to 192.1 MB.
Total: 7.783600 ms (FindLiveObjects: 0.653300 ms CreateObjectMapping: 0.249300 ms MarkObjects: 4.577400 ms  DeleteObjects: 2.303000 ms)

Prepare: number of updated asset objects reloaded= 0
========================================================================
Received Prepare
Begin MonoManager ReloadAssembly
- Loaded All Assemblies, in  0.471 seconds
Refreshing native plugins compatible for Editor in 0.92 ms, found 4 plugins.
Native extension for WindowsStandalone target not found
Mono: successfully reloaded assembly
- Finished resetting the current domain, in  0.719 seconds
Domain Reload Profiling: 1189ms
	BeginReloadAssembly (139ms)
		ExecutionOrderSort (0ms)
		DisableScriptedObjects (8ms)
		BackupInstance (0ms)
		ReleaseScriptingObjects (0ms)
		CreateAndSetChildDomain (39ms)
	RebuildCommonClasses (21ms)
	RebuildNativeTypeToScriptingClass (8ms)
	initialDomainReloadingComplete (17ms)
	LoadAllAssembliesAndSetupDomain (284ms)
		LoadAssemblies (208ms)
		RebuildTransferFunctionScriptingTraits (0ms)
		AnalyzeDomain (137ms)
			TypeCache.Refresh (4ms)
				TypeCache.ScanAssembly (0ms)
			BuildScriptInfoCaches (125ms)
			ResolveRequiredComponents (7ms)
	FinalizeReload (719ms)
		ReleaseScriptCaches (0ms)
		RebuildScriptCaches (0ms)
		SetupLoadedEditorAssemblies (477ms)
			LogAssemblyErrors (0ms)
			InitializePlatformSupportModulesInManaged (1ms)
			SetLoadedEditorAssemblies (4ms)
			BeforeProcessingInitializeOnLoad (45ms)
			ProcessInitializeOnLoadAttributes (362ms)
			ProcessInitializeOnLoadMethodAttributes (59ms)
			AfterProcessingInitializeOnLoad (5ms)
			EditorAssembliesLoaded (0ms)
		ExecutionOrderSort2 (0ms)
		AwakeInstancesAfterBackupRestoration (11ms)
Refreshing native plugins compatible for Editor in 2.23 ms, found 4 plugins.
Preloading 0 native plugins for Editor in 0.00 ms.
Unloading 25 Unused Serialized files (Serialized files now loaded: 0)
Unloading 6698 unused Assets / (5.7 MB). Loaded Objects now: 7573.
Memory consumption went from 198.4 MB to 192.7 MB.
Total: 13.263300 ms (FindLiveObjects: 1.114200 ms CreateObjectMapping: 1.082000 ms MarkObjects: 7.299900 ms  DeleteObjects: 3.765500 ms)

Prepare: number of updated asset objects reloaded= 0
========================================================================
Received Import Request.
  Time since last request: 673.986895 seconds.
  path: Assets/portals/sprite_29.png
  artifactKey: Guid(ef0e55d7e19a3d44797d15f5df887376) Importer(815301076,1909f56bfc062723c751e8b465ee728b)
Start importing Assets/portals/sprite_29.png using Guid(ef0e55d7e19a3d44797d15f5df887376) Importer(815301076,1909f56bfc062723c751e8b465ee728b) (PreviewImporter) -> (artifact id: '8d7c98bc4e99ffba4284de16b6e445bc') in 0.1167078 seconds
Number of updated asset objects reloaded before import = 0Number of asset objects unloaded after import = 3

========================================================================
Received Import Request.
  Time since last request: 0.000017 seconds.
  path: Assets/portals/sprite_12.png
  artifactKey: Guid(68217468c53b9c842bbabd9cc093888f) Importer(815301076,1909f56bfc062723c751e8b465ee728b)
Start importing Assets/portals/sprite_12.png using Guid(68217468c53b9c842bbabd9cc093888f) Importer(815301076,1909f56bfc062723c751e8b465ee728b) (PreviewImporter) -> (artifact id: '8eae9a4caccf338899686b6022ffdf40') in 0.0125479 seconds
Number of updated asset objects reloaded before import = 0Number of asset objects unloaded after import = 3

========================================================================
Received Import Request.
  Time since last request: 0.000010 seconds.
  path: Assets/portals/sprite_00.png
  artifactKey: Guid(80cba71600c0f39498fabb6293d3b375) Importer(815301076,1909f56bfc062723c751e8b465ee728b)
Start importing Assets/portals/sprite_00.png using Guid(80cba71600c0f39498fabb6293d3b375) Importer(815301076,1909f56bfc062723c751e8b465ee728b) (PreviewImporter) -> (artifact id: 'b4d31ee175f6d9f2379ef57fdbc95a7f') in 0.0065997 seconds
Number of updated asset objects reloaded before import = 0Number of asset objects unloaded after import = 3

========================================================================
Received Import Request.
  Time since last request: 0.000011 seconds.
  path: Assets/portals/sprite_04.png
  artifactKey: Guid(eb4c563759adb4446b99639de823c8ad) Importer(815301076,1909f56bfc062723c751e8b465ee728b)
Start importing Assets/portals/sprite_04.png using Guid(eb4c563759adb4446b99639de823c8ad) Importer(815301076,1909f56bfc062723c751e8b465ee728b) (PreviewImporter) -> (artifact id: '182130b5f061b7a7e2353437118b0c14') in 0.0065994 seconds
Number of updated asset objects reloaded before import = 0Number of asset objects unloaded after import = 3

========================================================================
Received Import Request.
  Time since last request: 0.000013 seconds.
  path: Assets/portals/sprite_39.png
  artifactKey: Guid(1c0137f154057f54cad85043d2271ea9) Importer(815301076,1909f56bfc062723c751e8b465ee728b)
Start importing Assets/portals/sprite_39.png using Guid(1c0137f154057f54cad85043d2271ea9) Importer(815301076,1909f56bfc062723c751e8b465ee728b) (PreviewImporter) -> (artifact id: 'f1e09d142e68f7c57daa3c4beeb7faee') in 0.005349 seconds
Number of updated asset objects reloaded before import = 0Number of asset objects unloaded after import = 3

========================================================================
Received Import Request.
  Time since last request: 0.000010 seconds.
  path: Assets/portals/sprite_32.png
  artifactKey: Guid(04fa3a885c26c4647bc8c4fc8425f7bc) Importer(815301076,1909f56bfc062723c751e8b465ee728b)
Start importing Assets/portals/sprite_32.png using Guid(04fa3a885c26c4647bc8c4fc8425f7bc) Importer(815301076,1909f56bfc062723c751e8b465ee728b) (PreviewImporter) -> (artifact id: '5b98378a087cfff5f8b095b701594811') in 0.0062524 seconds
Number of updated asset objects reloaded before import = 0Number of asset objects unloaded after import = 3

========================================================================
Received Import Request.
  Time since last request: 0.000012 seconds.
  path: Assets/portals/sprite_25.png
  artifactKey: Guid(226f1ab76624fb944930153cbf8e5a54) Importer(815301076,1909f56bfc062723c751e8b465ee728b)
Start importing Assets/portals/sprite_25.png using Guid(226f1ab76624fb944930153cbf8e5a54) Importer(815301076,1909f56bfc062723c751e8b465ee728b) (PreviewImporter) -> (artifact id: '44fc24c8741d11918e87ffa82df785c2') in 0.0069489 seconds
Number of updated asset objects reloaded before import = 0Number of asset objects unloaded after import = 3

========================================================================
Received Import Request.
  Time since last request: 0.000011 seconds.
  path: Assets/portals/sprite_26.png
  artifactKey: Guid(95d92279d2d50b345944383249ab6e7e) Importer(815301076,1909f56bfc062723c751e8b465ee728b)
Start importing Assets/portals/sprite_26.png using Guid(95d92279d2d50b345944383249ab6e7e) Importer(815301076,1909f56bfc062723c751e8b465ee728b) (PreviewImporter) -> (artifact id: '0b9eac178f2fa02293289213921672ad') in 0.0061874 seconds
Number of updated asset objects reloaded before import = 0Number of asset objects unloaded after import = 3

========================================================================
Received Import Request.
  Time since last request: 0.000010 seconds.
  path: Assets/portals/sprite_37.png
  artifactKey: Guid(0a5e3ff90e53fe8479407f8ff4de1d41) Importer(815301076,1909f56bfc062723c751e8b465ee728b)
Start importing Assets/portals/sprite_37.png using Guid(0a5e3ff90e53fe8479407f8ff4de1d41) Importer(815301076,1909f56bfc062723c751e8b465ee728b) (PreviewImporter) -> (artifact id: '70832ddf3df3ecbf9aabf6e578d9f9d5') in 0.0071626 seconds
Number of updated asset objects reloaded before import = 0Number of asset objects unloaded after import = 3

========================================================================
Received Import Request.
  Time since last request: 0.000016 seconds.
  path: Assets/portals/sprite_14.png
  artifactKey: Guid(1aa0f8fec2af63e41bccf51c31740fbe) Importer(815301076,1909f56bfc062723c751e8b465ee728b)
Start importing Assets/portals/sprite_14.png using Guid(1aa0f8fec2af63e41bccf51c31740fbe) Importer(815301076,1909f56bfc062723c751e8b465ee728b) (PreviewImporter) -> (artifact id: '058e64dcff862693688ab49eda8aa0ad') in 0.0070838 seconds
Number of updated asset objects reloaded before import = 0Number of asset objects unloaded after import = 3

========================================================================
Received Import Request.
  Time since last request: 0.000023 seconds.
  path: Assets/portals/sprite_01.png
  artifactKey: Guid(45640c0c6045ef14c88d355f7addfccd) Importer(815301076,1909f56bfc062723c751e8b465ee728b)
Start importing Assets/portals/sprite_01.png using Guid(45640c0c6045ef14c88d355f7addfccd) Importer(815301076,1909f56bfc062723c751e8b465ee728b) (PreviewImporter) -> (artifact id: '5ccf73ea7a13be352e5c23b0f08793ca') in 0.0081522 seconds
Number of updated asset objects reloaded before import = 0Number of asset objects unloaded after import = 3

========================================================================
Received Import Request.
  Time since last request: 0.000015 seconds.
  path: Assets/portals/sprite_35.png
  artifactKey: Guid(252e2243eef73b547ae1f0ffc351f4cb) Importer(815301076,1909f56bfc062723c751e8b465ee728b)
Start importing Assets/portals/sprite_35.png using Guid(252e2243eef73b547ae1f0ffc351f4cb) Importer(815301076,1909f56bfc062723c751e8b465ee728b) (PreviewImporter) -> (artifact id: '96dbed8fc4ed7ed4c2af12cdf182dbe3') in 0.0070695 seconds
Number of updated asset objects reloaded before import = 0Number of asset objects unloaded after import = 3

========================================================================
Received Import Request.
  Time since last request: 0.000012 seconds.
  path: Assets/portals/sprite_02.png
  artifactKey: Guid(d8f8fd960a59deb42bf80ed22d342d56) Importer(815301076,1909f56bfc062723c751e8b465ee728b)
Start importing Assets/portals/sprite_02.png using Guid(d8f8fd960a59deb42bf80ed22d342d56) Importer(815301076,1909f56bfc062723c751e8b465ee728b) (PreviewImporter) -> (artifact id: '14124654005865f9caa0c027f398662f') in 0.0070391 seconds
Number of updated asset objects reloaded before import = 0Number of asset objects unloaded after import = 3

========================================================================
Received Import Request.
  Time since last request: 0.000015 seconds.
  path: Assets/portals/sprite_11.png
  artifactKey: Guid(b625f71f666ea7543b7e2987fed8b13a) Importer(815301076,1909f56bfc062723c751e8b465ee728b)
Start importing Assets/portals/sprite_11.png using Guid(b625f71f666ea7543b7e2987fed8b13a) Importer(815301076,1909f56bfc062723c751e8b465ee728b) (PreviewImporter) -> (artifact id: 'dbf9069a403db15f4f9a9f504b62edb2') in 0.0089409 seconds
Number of updated asset objects reloaded before import = 0Number of asset objects unloaded after import = 3

========================================================================
Received Import Request.
  Time since last request: 0.000012 seconds.
  path: Assets/portals/sprite_40.png
  artifactKey: Guid(59fa1662f0d11b04385df5830989a5f8) Importer(815301076,1909f56bfc062723c751e8b465ee728b)
Start importing Assets/portals/sprite_40.png using Guid(59fa1662f0d11b04385df5830989a5f8) Importer(815301076,1909f56bfc062723c751e8b465ee728b) (PreviewImporter) -> (artifact id: '771d38aa3ba3d9c54a4f2452354ba0a7') in 0.007195 seconds
Number of updated asset objects reloaded before import = 0Number of asset objects unloaded after import = 3

========================================================================
Received Import Request.
  Time since last request: 0.000011 seconds.
  path: Assets/portals/sprite_03.png
  artifactKey: Guid(18f374a766924b941b881327d5c8b0c8) Importer(815301076,1909f56bfc062723c751e8b465ee728b)
Start importing Assets/portals/sprite_03.png using Guid(18f374a766924b941b881327d5c8b0c8) Importer(815301076,1909f56bfc062723c751e8b465ee728b) (PreviewImporter) -> (artifact id: '6c2bdf4b32794dc29bd3964b3c1c6327') in 0.0071332 seconds
Number of updated asset objects reloaded before import = 0Number of asset objects unloaded after import = 3

========================================================================
Received Import Request.
  Time since last request: 0.000014 seconds.
  path: Assets/portals/sprite_22.png
  artifactKey: Guid(71559b01104dc6a4baf7aecf040e7892) Importer(815301076,1909f56bfc062723c751e8b465ee728b)
Start importing Assets/portals/sprite_22.png using Guid(71559b01104dc6a4baf7aecf040e7892) Importer(815301076,1909f56bfc062723c751e8b465ee728b) (PreviewImporter) -> (artifact id: 'bbeb9cbdaf0aebe2f201b7f076cc024d') in 0.0073697 seconds
Number of updated asset objects reloaded before import = 0Number of asset objects unloaded after import = 3

========================================================================
Received Import Request.
  Time since last request: 0.000012 seconds.
  path: Assets/portals/sprite_10.png
  artifactKey: Guid(2970663249a8f024d8602b5990eaf36f) Importer(815301076,1909f56bfc062723c751e8b465ee728b)
Start importing Assets/portals/sprite_10.png using Guid(2970663249a8f024d8602b5990eaf36f) Importer(815301076,1909f56bfc062723c751e8b465ee728b) (PreviewImporter) -> (artifact id: 'fd1dd98947280832270de0e3851bbddf') in 0.0075306 seconds
Number of updated asset objects reloaded before import = 0Number of asset objects unloaded after import = 3

========================================================================
Received Import Request.
  Time since last request: 0.000020 seconds.
  path: Assets/portals/sprite_18.png
  artifactKey: Guid(7a75e0e25488798419cba92a52e2fa48) Importer(815301076,1909f56bfc062723c751e8b465ee728b)
Start importing Assets/portals/sprite_18.png using Guid(7a75e0e25488798419cba92a52e2fa48) Importer(815301076,1909f56bfc062723c751e8b465ee728b) (PreviewImporter) -> (artifact id: '044714fe497002598a77c1eb83f99a1c') in 0.006183 seconds
Number of updated asset objects reloaded before import = 0Number of asset objects unloaded after import = 3

========================================================================
Received Import Request.
  Time since last request: 0.000013 seconds.
  path: Assets/portals/sprite_17.png
  artifactKey: Guid(f338b3ecb2796204d80eb5bb46c841ef) Importer(815301076,1909f56bfc062723c751e8b465ee728b)
Start importing Assets/portals/sprite_17.png using Guid(f338b3ecb2796204d80eb5bb46c841ef) Importer(815301076,1909f56bfc062723c751e8b465ee728b) (PreviewImporter) -> (artifact id: '2a4563f43d043d2c8c3a9bfcbe6b3022') in 0.0065613 seconds
Number of updated asset objects reloaded before import = 0Number of asset objects unloaded after import = 3

========================================================================
Received Prepare
Begin MonoManager ReloadAssembly
- Loaded All Assemblies, in  0.563 seconds
Refreshing native plugins compatible for Editor in 0.94 ms, found 4 plugins.
Native extension for WindowsStandalone target not found
Mono: successfully reloaded assembly
- Finished resetting the current domain, in  0.617 seconds
Domain Reload Profiling: 1178ms
	BeginReloadAssembly (159ms)
		ExecutionOrderSort (0ms)
		DisableScriptedObjects (8ms)
		BackupInstance (0ms)
		ReleaseScriptingObjects (0ms)
		CreateAndSetChildDomain (49ms)
	RebuildCommonClasses (30ms)
	RebuildNativeTypeToScriptingClass (10ms)
	initialDomainReloadingComplete (20ms)
	LoadAllAssembliesAndSetupDomain (341ms)
		LoadAssemblies (255ms)
		RebuildTransferFunctionScriptingTraits (0ms)
		AnalyzeDomain (150ms)
			TypeCache.Refresh (5ms)
				TypeCache.ScanAssembly (0ms)
			BuildScriptInfoCaches (134ms)
			ResolveRequiredComponents (8ms)
	FinalizeReload (618ms)
		ReleaseScriptCaches (0ms)
		RebuildScriptCaches (0ms)
		SetupLoadedEditorAssemblies (430ms)
			LogAssemblyErrors (0ms)
			InitializePlatformSupportModulesInManaged (2ms)
			SetLoadedEditorAssemblies (5ms)
			BeforeProcessingInitializeOnLoad (64ms)
			ProcessInitializeOnLoadAttributes (317ms)
			ProcessInitializeOnLoadMethodAttributes (35ms)
			AfterProcessingInitializeOnLoad (8ms)
			EditorAssembliesLoaded (0ms)
		ExecutionOrderSort2 (0ms)
		AwakeInstancesAfterBackupRestoration (9ms)
Refreshing native plugins compatible for Editor in 2.04 ms, found 4 plugins.
Preloading 0 native plugins for Editor in 0.00 ms.
Unloading 25 Unused Serialized files (Serialized files now loaded: 0)
Unloading 6698 unused Assets / (5.9 MB). Loaded Objects now: 7581.
Memory consumption went from 198.4 MB to 192.5 MB.
Total: 10.166200 ms (FindLiveObjects: 1.077900 ms CreateObjectMapping: 0.968300 ms MarkObjects: 5.207900 ms  DeleteObjects: 2.911300 ms)

Prepare: number of updated asset objects reloaded= 0
========================================================================
Received Import Request.
  Time since last request: 27.020025 seconds.
  path: Assets/portals/sprite_39.png
  artifactKey: Guid(1c0137f154057f54cad85043d2271ea9) Importer(815301076,1909f56bfc062723c751e8b465ee728b)
Start importing Assets/portals/sprite_39.png using Guid(1c0137f154057f54cad85043d2271ea9) Importer(815301076,1909f56bfc062723c751e8b465ee728b) (PreviewImporter) -> (artifact id: '73f162b010aa5f092ccebff613bb49a0') in 0.0564225 seconds
Number of updated asset objects reloaded before import = 0Number of asset objects unloaded after import = 3

========================================================================
Received Import Request.
  Time since last request: 0.000016 seconds.
  path: Assets/portals/sprite_21.png
  artifactKey: Guid(49a9d795c01115b4780b2ced07a97144) Importer(815301076,1909f56bfc062723c751e8b465ee728b)
Start importing Assets/portals/sprite_21.png using Guid(49a9d795c01115b4780b2ced07a97144) Importer(815301076,1909f56bfc062723c751e8b465ee728b) (PreviewImporter) -> (artifact id: 'c92eef17d372c7fb385740695347175a') in 0.0061488 seconds
Number of updated asset objects reloaded before import = 0Number of asset objects unloaded after import = 3

========================================================================
Received Import Request.
  Time since last request: 0.000009 seconds.
  path: Assets/portals/sprite_40.png
  artifactKey: Guid(59fa1662f0d11b04385df5830989a5f8) Importer(815301076,1909f56bfc062723c751e8b465ee728b)
Start importing Assets/portals/sprite_40.png using Guid(59fa1662f0d11b04385df5830989a5f8) Importer(815301076,1909f56bfc062723c751e8b465ee728b) (PreviewImporter) -> (artifact id: '31a22b1b356422c3248ed3260230c96d') in 0.0062868 seconds
Number of updated asset objects reloaded before import = 0Number of asset objects unloaded after import = 3

========================================================================
Received Import Request.
  Time since last request: 0.000012 seconds.
  path: Assets/portals/sprite_10.png
  artifactKey: Guid(2970663249a8f024d8602b5990eaf36f) Importer(815301076,1909f56bfc062723c751e8b465ee728b)
Start importing Assets/portals/sprite_10.png using Guid(2970663249a8f024d8602b5990eaf36f) Importer(815301076,1909f56bfc062723c751e8b465ee728b) (PreviewImporter) -> (artifact id: '011c00016f5ceeb6e01296e45d868876') in 0.0073429 seconds
Number of updated asset objects reloaded before import = 0Number of asset objects unloaded after import = 3

Editor requested this worker to shutdown with reason: Scaling down because of idle timeout
AssetImportWorker is now disconnected from the server
Process exiting
Exiting without the bug reporter. Application will terminate with return code 0