Using pre-set license
Built from '6000.0/staging' branch; Version is '6000.0.24f1 (11fa355cd605) revision 1178165'; Using compiler version '193933523'; Build Type 'Release'
OS: 'Windows 11  (10.0.22631) 64bit Professional' Language: 'ru' Physical Memory: 31861 MB
BatchMode: 1, IsHumanControllingUs: 0, StartBugReporterOnCrash: 0, Is64bit: 1, IsPro: 1

COMMAND LINE ARGUMENTS:
C:\Program Files\Unity\Hub\Editor\6000.0.24f1\Editor\Unity.exe
-adb2
-batchMode
-noUpm
-name
AssetImportWorker0
-projectPath
C:/Users/User/SemestrProject/popaaa123
-logFile
Logs/AssetImportWorker0.log
-srvPort
51050
-job-worker-count
11
-background-job-worker-count
8
-asset-garbage-collectors
1
Successfully changed project path to: C:/Users/User/SemestrProject/popaaa123
C:/Users/User/SemestrProject/popaaa123
[UnityMemory] Configuration Parameters - Can be set up in boot.config
    "memorysetup-bucket-allocator-granularity=16"
    "memorysetup-bucket-allocator-bucket-count=8"
    "memorysetup-bucket-allocator-block-size=33554432"
    "memorysetup-bucket-allocator-block-count=8"
    "memorysetup-main-allocator-block-size=16777216"
    "memorysetup-thread-allocator-block-size=16777216"
    "memorysetup-gfx-main-allocator-block-size=16777216"
    "memorysetup-gfx-thread-allocator-block-size=16777216"
    "memorysetup-cache-allocator-block-size=4194304"
    "memorysetup-typetree-allocator-block-size=2097152"
    "memorysetup-profiler-bucket-allocator-granularity=16"
    "memorysetup-profiler-bucket-allocator-bucket-count=8"
    "memorysetup-profiler-bucket-allocator-block-size=33554432"
    "memorysetup-profiler-bucket-allocator-block-count=8"
    "memorysetup-profiler-allocator-block-size=16777216"
    "memorysetup-profiler-editor-allocator-block-size=1048576"
    "memorysetup-temp-allocator-size-main=16777216"
    "memorysetup-job-temp-allocator-block-size=2097152"
    "memorysetup-job-temp-allocator-block-size-background=1048576"
    "memorysetup-job-temp-allocator-reduction-small-platforms=262144"
    "memorysetup-allocator-temp-initial-block-size-main=262144"
    "memorysetup-allocator-temp-initial-block-size-worker=262144"
    "memorysetup-temp-allocator-size-background-worker=32768"
    "memorysetup-temp-allocator-size-job-worker=262144"
    "memorysetup-temp-allocator-size-preload-manager=33554432"
    "memorysetup-temp-allocator-size-nav-mesh-worker=65536"
    "memorysetup-temp-allocator-size-audio-worker=65536"
    "memorysetup-temp-allocator-size-cloud-worker=32768"
    "memorysetup-temp-allocator-size-gi-baking-worker=262144"
    "memorysetup-temp-allocator-size-gi-baking-worker=262144"
    "memorysetup-temp-allocator-size-gi-baking-worker=262144"
    "memorysetup-temp-allocator-size-gi-baking-worker=262144"
    "memorysetup-temp-allocator-size-gi-baking-worker=262144"
    "memorysetup-temp-allocator-size-gfx=262144"
Player connection [22144]  Target information:

Player connection [22144]  * "[IP] 192.168.100.63 [Port] 0 [Flags] 2 [Guid] 2495954473 [EditorId] 2495954473 [Version] 1048832 [Id] WindowsEditor(7,burnout44) [Debug] 1 [PackageName] WindowsEditor [ProjectName] Editor" 

Player connection [22144] Host joined multi-casting on [225.0.0.222:54997]...
Player connection [22144] Host joined alternative multi-casting on [225.0.0.222:34997]...
JobSystem: Creating JobQueue using job-worker-count value 11
[Physics::Module] Initialized fallback backend.
[Physics::Module] Id: 0xdecafbad
Library Redirect Path: Library/
[Physics::Module] Selected backend.
[Physics::Module] Name: PhysX
[Physics::Module] Id: 0xf2b8ea05
[Physics::Module] SDK Version: 4.1.2
[Physics::Module] Integration Version: 1.0.0
[Physics::Module] Threading Mode: Multi-Threaded
Refreshing native plugins compatible for Editor in 1.72 ms, found 4 plugins.
Preloading 0 native plugins for Editor in 0.00 ms.
Initialize engine version: 6000.0.24f1 (11fa355cd605)
[Subsystems] Discovering subsystems at path C:/Program Files/Unity/Hub/Editor/6000.0.24f1/Editor/Data/Resources/UnitySubsystems
[Subsystems] Discovering subsystems at path C:/Users/User/SemestrProject/popaaa123/Assets
GfxDevice: creating device client; kGfxThreadingModeNonThreaded
Direct3D:
    Version:  Direct3D 11.0 [level 11.1]
    Renderer: NVIDIA GeForce RTX 4060 (ID=0x2882)
    Vendor:   NVIDIA
    VRAM:     7957 MB
    Driver:   32.0.15.6603
Initialize mono
Mono path[0] = 'C:/Program Files/Unity/Hub/Editor/6000.0.24f1/Editor/Data/Managed'
Mono path[1] = 'C:/Program Files/Unity/Hub/Editor/6000.0.24f1/Editor/Data/MonoBleedingEdge/lib/mono/unityjit-win32'
Mono config path = 'C:/Program Files/Unity/Hub/Editor/6000.0.24f1/Editor/Data/MonoBleedingEdge/etc'
Using monoOptions --debugger-agent=transport=dt_socket,embedding=1,server=y,suspend=n,address=127.0.0.1:56952
Begin MonoManager ReloadAssembly
Registering precompiled unity dll's ...
Register platform support module: C:/Program Files/Unity/Hub/Editor/6000.0.24f1/Editor/Data/PlaybackEngines/WindowsStandaloneSupport/UnityEditor.WindowsStandalone.Extensions.dll
Registered in 0.001935 seconds.
- Loaded All Assemblies, in  0.309 seconds
Native extension for WindowsStandalone target not found
Mono: successfully reloaded assembly
- Finished resetting the current domain, in  0.234 seconds
Domain Reload Profiling: 540ms
	BeginReloadAssembly (129ms)
		ExecutionOrderSort (0ms)
		DisableScriptedObjects (0ms)
		BackupInstance (0ms)
		ReleaseScriptingObjects (0ms)
		CreateAndSetChildDomain (0ms)
	RebuildCommonClasses (28ms)
	RebuildNativeTypeToScriptingClass (8ms)
	initialDomainReloadingComplete (34ms)
	LoadAllAssembliesAndSetupDomain (107ms)
		LoadAssemblies (125ms)
		RebuildTransferFunctionScriptingTraits (0ms)
		AnalyzeDomain (105ms)
			TypeCache.Refresh (103ms)
				TypeCache.ScanAssembly (95ms)
			BuildScriptInfoCaches (0ms)
			ResolveRequiredComponents (0ms)
	FinalizeReload (234ms)
		ReleaseScriptCaches (0ms)
		RebuildScriptCaches (0ms)
		SetupLoadedEditorAssemblies (206ms)
			LogAssemblyErrors (0ms)
			InitializePlatformSupportModulesInManaged (18ms)
			SetLoadedEditorAssemblies (3ms)
			BeforeProcessingInitializeOnLoad (4ms)
			ProcessInitializeOnLoadAttributes (140ms)
			ProcessInitializeOnLoadMethodAttributes (40ms)
			AfterProcessingInitializeOnLoad (2ms)
			EditorAssembliesLoaded (0ms)
		ExecutionOrderSort2 (0ms)
		AwakeInstancesAfterBackupRestoration (0ms)
========================================================================
Worker process is ready to serve import requests
Import Worker Mode flag is 0x00
Begin MonoManager ReloadAssembly
- Loaded All Assemblies, in  1.077 seconds
Refreshing native plugins compatible for Editor in 1.00 ms, found 4 plugins.
Native extension for WindowsStandalone target not found
Mono: successfully reloaded assembly
- Finished resetting the current domain, in  0.696 seconds
Domain Reload Profiling: 1768ms
	BeginReloadAssembly (515ms)
		ExecutionOrderSort (0ms)
		DisableScriptedObjects (3ms)
		BackupInstance (0ms)
		ReleaseScriptingObjects (0ms)
		CreateAndSetChildDomain (28ms)
	RebuildCommonClasses (24ms)
	RebuildNativeTypeToScriptingClass (8ms)
	initialDomainReloadingComplete (26ms)
	LoadAllAssembliesAndSetupDomain (498ms)
		LoadAssemblies (386ms)
		RebuildTransferFunctionScriptingTraits (0ms)
		AnalyzeDomain (178ms)
			TypeCache.Refresh (120ms)
				TypeCache.ScanAssembly (109ms)
			BuildScriptInfoCaches (48ms)
			ResolveRequiredComponents (7ms)
	FinalizeReload (696ms)
		ReleaseScriptCaches (0ms)
		RebuildScriptCaches (0ms)
		SetupLoadedEditorAssemblies (505ms)
			LogAssemblyErrors (0ms)
			InitializePlatformSupportModulesInManaged (1ms)
			SetLoadedEditorAssemblies (3ms)
			BeforeProcessingInitializeOnLoad (62ms)
			ProcessInitializeOnLoadAttributes (346ms)
			ProcessInitializeOnLoadMethodAttributes (85ms)
			AfterProcessingInitializeOnLoad (8ms)
			EditorAssembliesLoaded (0ms)
		ExecutionOrderSort2 (0ms)
		AwakeInstancesAfterBackupRestoration (4ms)
Launched and connected shader compiler UnityShaderCompiler.exe after 0.01 seconds
Refreshing native plugins compatible for Editor in 1.84 ms, found 4 plugins.
Preloading 0 native plugins for Editor in 0.00 ms.
Unloading 269 Unused Serialized files (Serialized files now loaded: 0)
Unloading 6699 unused Assets / (6.2 MB). Loaded Objects now: 7548.
Memory consumption went from 238.6 MB to 232.4 MB.
Total: 8.838500 ms (FindLiveObjects: 0.645600 ms CreateObjectMapping: 0.630400 ms MarkObjects: 4.971500 ms  DeleteObjects: 2.590400 ms)

========================================================================
Received Import Request.
  Time since last request: 3823.690833 seconds.
  path: Assets/portals/portal1_frame_1.png
  artifactKey: Guid(1c00708cf6bd7da45bf1c87a8a4f816a) Importer(815301076,1909f56bfc062723c751e8b465ee728b)
Start importing Assets/portals/portal1_frame_1.png using Guid(1c00708cf6bd7da45bf1c87a8a4f816a) Importer(815301076,1909f56bfc062723c751e8b465ee728b) (PreviewImporter) -> (artifact id: '756353eb9ccdd454911647eeeb89f677') in 0.0594298 seconds
Number of updated asset objects reloaded before import = 0Number of asset objects unloaded after import = 6

========================================================================
Received Import Request.
  Time since last request: 0.000014 seconds.
  path: Assets/portals/portal1_frame_4.png
  artifactKey: Guid(a7ec831727e597b43ba5827d6e6a8181) Importer(815301076,1909f56bfc062723c751e8b465ee728b)
Start importing Assets/portals/portal1_frame_4.png using Guid(a7ec831727e597b43ba5827d6e6a8181) Importer(815301076,1909f56bfc062723c751e8b465ee728b) (PreviewImporter) -> (artifact id: 'fe877f158f5005fab3f79c5331456871') in 0.0167315 seconds
Number of updated asset objects reloaded before import = 0Number of asset objects unloaded after import = 6

========================================================================
Received Import Request.
  Time since last request: 3.787723 seconds.
  path: Assets/portals/portal1_frame_2.png
  artifactKey: Guid(8ba0ec4f348cad8489f445300992cad3) Importer(815301076,1909f56bfc062723c751e8b465ee728b)
Start importing Assets/portals/portal1_frame_2.png using Guid(8ba0ec4f348cad8489f445300992cad3) Importer(815301076,1909f56bfc062723c751e8b465ee728b) (PreviewImporter) -> (artifact id: 'f65c826374c8fae543b85eab1955cae9') in 0.0192049 seconds
Number of updated asset objects reloaded before import = 0Number of asset objects unloaded after import = 7

========================================================================
Received Import Request.
  Time since last request: 0.000013 seconds.
  path: Assets/portals/portal1_frame_7.png
  artifactKey: Guid(4bbf0c8b666c99149aa4a1c4a28f4eb1) Importer(815301076,1909f56bfc062723c751e8b465ee728b)
Start importing Assets/portals/portal1_frame_7.png using Guid(4bbf0c8b666c99149aa4a1c4a28f4eb1) Importer(815301076,1909f56bfc062723c751e8b465ee728b) (PreviewImporter) -> (artifact id: 'b3ef15155d9fe9213502fb6726d3c300') in 0.0109987 seconds
Number of updated asset objects reloaded before import = 0Number of asset objects unloaded after import = 4

========================================================================
Received Prepare
Refreshing native plugins compatible for Editor in 1.09 ms, found 4 plugins.
Preloading 0 native plugins for Editor in 0.00 ms.
Unloading 25 Unused Serialized files (Serialized files now loaded: 0)
Unloading 6687 unused Assets / (5.7 MB). Loaded Objects now: 7570.
Memory consumption went from 193.8 MB to 188.1 MB.
Total: 6.904500 ms (FindLiveObjects: 0.569700 ms CreateObjectMapping: 0.210800 ms MarkObjects: 4.417900 ms  DeleteObjects: 1.705400 ms)

Prepare: number of updated asset objects reloaded= 0
========================================================================
Received Prepare
Begin MonoManager ReloadAssembly
- Loaded All Assemblies, in  0.475 seconds
Refreshing native plugins compatible for Editor in 0.92 ms, found 4 plugins.
Native extension for WindowsStandalone target not found
Mono: successfully reloaded assembly
- Finished resetting the current domain, in  0.606 seconds
Domain Reload Profiling: 1081ms
	BeginReloadAssembly (137ms)
		ExecutionOrderSort (0ms)
		DisableScriptedObjects (8ms)
		BackupInstance (0ms)
		ReleaseScriptingObjects (0ms)
		CreateAndSetChildDomain (38ms)
	RebuildCommonClasses (20ms)
	RebuildNativeTypeToScriptingClass (8ms)
	initialDomainReloadingComplete (20ms)
	LoadAllAssembliesAndSetupDomain (289ms)
		LoadAssemblies (209ms)
		RebuildTransferFunctionScriptingTraits (0ms)
		AnalyzeDomain (137ms)
			TypeCache.Refresh (7ms)
				TypeCache.ScanAssembly (1ms)
			BuildScriptInfoCaches (120ms)
			ResolveRequiredComponents (8ms)
	FinalizeReload (607ms)
		ReleaseScriptCaches (0ms)
		RebuildScriptCaches (0ms)
		SetupLoadedEditorAssemblies (403ms)
			LogAssemblyErrors (0ms)
			InitializePlatformSupportModulesInManaged (1ms)
			SetLoadedEditorAssemblies (4ms)
			BeforeProcessingInitializeOnLoad (46ms)
			ProcessInitializeOnLoadAttributes (301ms)
			ProcessInitializeOnLoadMethodAttributes (44ms)
			AfterProcessingInitializeOnLoad (6ms)
			EditorAssembliesLoaded (0ms)
		ExecutionOrderSort2 (0ms)
		AwakeInstancesAfterBackupRestoration (10ms)
Refreshing native plugins compatible for Editor in 1.14 ms, found 4 plugins.
Preloading 0 native plugins for Editor in 0.00 ms.
Unloading 25 Unused Serialized files (Serialized files now loaded: 0)
Unloading 6698 unused Assets / (6.0 MB). Loaded Objects now: 7572.
Memory consumption went from 196.5 MB to 190.5 MB.
Total: 7.093800 ms (FindLiveObjects: 0.638400 ms CreateObjectMapping: 0.237100 ms MarkObjects: 4.257200 ms  DeleteObjects: 1.960400 ms)

Prepare: number of updated asset objects reloaded= 0
========================================================================
Received Prepare
Begin MonoManager ReloadAssembly
- Loaded All Assemblies, in  0.461 seconds
Refreshing native plugins compatible for Editor in 0.93 ms, found 4 plugins.
Native extension for WindowsStandalone target not found
Mono: successfully reloaded assembly
- Finished resetting the current domain, in  0.538 seconds
Domain Reload Profiling: 999ms
	BeginReloadAssembly (143ms)
		ExecutionOrderSort (0ms)
		DisableScriptedObjects (8ms)
		BackupInstance (0ms)
		ReleaseScriptingObjects (0ms)
		CreateAndSetChildDomain (38ms)
	RebuildCommonClasses (20ms)
	RebuildNativeTypeToScriptingClass (8ms)
	initialDomainReloadingComplete (17ms)
	LoadAllAssembliesAndSetupDomain (272ms)
		LoadAssemblies (210ms)
		RebuildTransferFunctionScriptingTraits (0ms)
		AnalyzeDomain (126ms)
			TypeCache.Refresh (4ms)
				TypeCache.ScanAssembly (0ms)
			BuildScriptInfoCaches (114ms)
			ResolveRequiredComponents (6ms)
	FinalizeReload (539ms)
		ReleaseScriptCaches (0ms)
		RebuildScriptCaches (0ms)
		SetupLoadedEditorAssemblies (361ms)
			LogAssemblyErrors (0ms)
			InitializePlatformSupportModulesInManaged (1ms)
			SetLoadedEditorAssemblies (4ms)
			BeforeProcessingInitializeOnLoad (45ms)
			ProcessInitializeOnLoadAttributes (268ms)
			ProcessInitializeOnLoadMethodAttributes (38ms)
			AfterProcessingInitializeOnLoad (5ms)
			EditorAssembliesLoaded (0ms)
		ExecutionOrderSort2 (0ms)
		AwakeInstancesAfterBackupRestoration (8ms)
Refreshing native plugins compatible for Editor in 1.30 ms, found 4 plugins.
Preloading 0 native plugins for Editor in 0.00 ms.
Unloading 25 Unused Serialized files (Serialized files now loaded: 0)
Unloading 6698 unused Assets / (6.2 MB). Loaded Objects now: 7574.
Memory consumption went from 198.5 MB to 192.3 MB.
Total: 7.942100 ms (FindLiveObjects: 0.661500 ms CreateObjectMapping: 0.463300 ms MarkObjects: 4.473100 ms  DeleteObjects: 2.343600 ms)

Prepare: number of updated asset objects reloaded= 0
========================================================================
Received Prepare
Begin MonoManager ReloadAssembly
- Loaded All Assemblies, in  0.451 seconds
Refreshing native plugins compatible for Editor in 1.47 ms, found 4 plugins.
Native extension for WindowsStandalone target not found
Mono: successfully reloaded assembly
- Finished resetting the current domain, in  0.545 seconds
Domain Reload Profiling: 995ms
	BeginReloadAssembly (130ms)
		ExecutionOrderSort (0ms)
		DisableScriptedObjects (8ms)
		BackupInstance (0ms)
		ReleaseScriptingObjects (0ms)
		CreateAndSetChildDomain (36ms)
	RebuildCommonClasses (20ms)
	RebuildNativeTypeToScriptingClass (8ms)
	initialDomainReloadingComplete (17ms)
	LoadAllAssembliesAndSetupDomain (274ms)
		LoadAssemblies (204ms)
		RebuildTransferFunctionScriptingTraits (0ms)
		AnalyzeDomain (126ms)
			TypeCache.Refresh (4ms)
				TypeCache.ScanAssembly (0ms)
			BuildScriptInfoCaches (113ms)
			ResolveRequiredComponents (7ms)
	FinalizeReload (545ms)
		ReleaseScriptCaches (0ms)
		RebuildScriptCaches (0ms)
		SetupLoadedEditorAssemblies (363ms)
			LogAssemblyErrors (0ms)
			InitializePlatformSupportModulesInManaged (1ms)
			SetLoadedEditorAssemblies (4ms)
			BeforeProcessingInitializeOnLoad (46ms)
			ProcessInitializeOnLoadAttributes (270ms)
			ProcessInitializeOnLoadMethodAttributes (36ms)
			AfterProcessingInitializeOnLoad (5ms)
			EditorAssembliesLoaded (0ms)
		ExecutionOrderSort2 (0ms)
		AwakeInstancesAfterBackupRestoration (8ms)
Refreshing native plugins compatible for Editor in 1.49 ms, found 4 plugins.
Preloading 0 native plugins for Editor in 0.00 ms.
Unloading 25 Unused Serialized files (Serialized files now loaded: 0)
Unloading 6698 unused Assets / (5.8 MB). Loaded Objects now: 7576.
Memory consumption went from 198.5 MB to 192.6 MB.
Total: 8.087400 ms (FindLiveObjects: 0.663600 ms CreateObjectMapping: 0.550000 ms MarkObjects: 4.625900 ms  DeleteObjects: 2.247400 ms)

Prepare: number of updated asset objects reloaded= 0
========================================================================
Received Prepare
Begin MonoManager ReloadAssembly
- Loaded All Assemblies, in  0.452 seconds
Refreshing native plugins compatible for Editor in 1.10 ms, found 4 plugins.
Native extension for WindowsStandalone target not found
Mono: successfully reloaded assembly
- Finished resetting the current domain, in  0.557 seconds
Domain Reload Profiling: 1009ms
	BeginReloadAssembly (131ms)
		ExecutionOrderSort (0ms)
		DisableScriptedObjects (8ms)
		BackupInstance (0ms)
		ReleaseScriptingObjects (0ms)
		CreateAndSetChildDomain (35ms)
	RebuildCommonClasses (20ms)
	RebuildNativeTypeToScriptingClass (8ms)
	initialDomainReloadingComplete (17ms)
	LoadAllAssembliesAndSetupDomain (275ms)
		LoadAssemblies (204ms)
		RebuildTransferFunctionScriptingTraits (0ms)
		AnalyzeDomain (128ms)
			TypeCache.Refresh (4ms)
				TypeCache.ScanAssembly (0ms)
			BuildScriptInfoCaches (115ms)
			ResolveRequiredComponents (7ms)
	FinalizeReload (558ms)
		ReleaseScriptCaches (0ms)
		RebuildScriptCaches (0ms)
		SetupLoadedEditorAssemblies (367ms)
			LogAssemblyErrors (0ms)
			InitializePlatformSupportModulesInManaged (1ms)
			SetLoadedEditorAssemblies (4ms)
			BeforeProcessingInitializeOnLoad (45ms)
			ProcessInitializeOnLoadAttributes (271ms)
			ProcessInitializeOnLoadMethodAttributes (39ms)
			AfterProcessingInitializeOnLoad (6ms)
			EditorAssembliesLoaded (0ms)
		ExecutionOrderSort2 (0ms)
		AwakeInstancesAfterBackupRestoration (9ms)
Refreshing native plugins compatible for Editor in 1.10 ms, found 4 plugins.
Preloading 0 native plugins for Editor in 0.00 ms.
Unloading 25 Unused Serialized files (Serialized files now loaded: 0)
Unloading 6698 unused Assets / (6.0 MB). Loaded Objects now: 7578.
Memory consumption went from 198.5 MB to 192.4 MB.
Total: 7.593900 ms (FindLiveObjects: 0.650000 ms CreateObjectMapping: 0.278700 ms MarkObjects: 4.688700 ms  DeleteObjects: 1.975800 ms)

Prepare: number of updated asset objects reloaded= 0
========================================================================
Received Prepare
Begin MonoManager ReloadAssembly
- Loaded All Assemblies, in  0.458 seconds
Refreshing native plugins compatible for Editor in 1.08 ms, found 4 plugins.
Native extension for WindowsStandalone target not found
Mono: successfully reloaded assembly
- Finished resetting the current domain, in  0.547 seconds
Domain Reload Profiling: 1005ms
	BeginReloadAssembly (131ms)
		ExecutionOrderSort (0ms)
		DisableScriptedObjects (8ms)
		BackupInstance (0ms)
		ReleaseScriptingObjects (0ms)
		CreateAndSetChildDomain (34ms)
	RebuildCommonClasses (21ms)
	RebuildNativeTypeToScriptingClass (8ms)
	initialDomainReloadingComplete (17ms)
	LoadAllAssembliesAndSetupDomain (282ms)
		LoadAssemblies (212ms)
		RebuildTransferFunctionScriptingTraits (0ms)
		AnalyzeDomain (127ms)
			TypeCache.Refresh (4ms)
				TypeCache.ScanAssembly (0ms)
			BuildScriptInfoCaches (115ms)
			ResolveRequiredComponents (6ms)
	FinalizeReload (548ms)
		ReleaseScriptCaches (0ms)
		RebuildScriptCaches (0ms)
		SetupLoadedEditorAssemblies (351ms)
			LogAssemblyErrors (0ms)
			InitializePlatformSupportModulesInManaged (1ms)
			SetLoadedEditorAssemblies (4ms)
			BeforeProcessingInitializeOnLoad (46ms)
			ProcessInitializeOnLoadAttributes (259ms)
			ProcessInitializeOnLoadMethodAttributes (35ms)
			AfterProcessingInitializeOnLoad (6ms)
			EditorAssembliesLoaded (0ms)
		ExecutionOrderSort2 (0ms)
		AwakeInstancesAfterBackupRestoration (8ms)
Refreshing native plugins compatible for Editor in 1.36 ms, found 4 plugins.
Preloading 0 native plugins for Editor in 0.00 ms.
Unloading 25 Unused Serialized files (Serialized files now loaded: 0)
Unloading 6698 unused Assets / (5.8 MB). Loaded Objects now: 7580.
Memory consumption went from 198.5 MB to 192.7 MB.
Total: 6.800000 ms (FindLiveObjects: 0.672000 ms CreateObjectMapping: 0.254900 ms MarkObjects: 4.105500 ms  DeleteObjects: 1.767400 ms)

Prepare: number of updated asset objects reloaded= 0
========================================================================
Received Import Request.
  Time since last request: 467.196886 seconds.
  path: Assets/portals/sprite_00.png
  artifactKey: Guid(80cba71600c0f39498fabb6293d3b375) Importer(815301076,1909f56bfc062723c751e8b465ee728b)
Start importing Assets/portals/sprite_00.png using Guid(80cba71600c0f39498fabb6293d3b375) Importer(815301076,1909f56bfc062723c751e8b465ee728b) (PreviewImporter) -> (artifact id: '48a27f72ae57f684a2269641624e452f') in 0.1174473 seconds
Number of updated asset objects reloaded before import = 0Number of asset objects unloaded after import = 3

========================================================================
Received Import Request.
  Time since last request: 0.000014 seconds.
  path: Assets/portals/sprite_29.png
  artifactKey: Guid(ef0e55d7e19a3d44797d15f5df887376) Importer(815301076,1909f56bfc062723c751e8b465ee728b)
Start importing Assets/portals/sprite_29.png using Guid(ef0e55d7e19a3d44797d15f5df887376) Importer(815301076,1909f56bfc062723c751e8b465ee728b) (PreviewImporter) -> (artifact id: '25cbfdfb336abd32589680c2b85c9ddb') in 0.0120721 seconds
Number of updated asset objects reloaded before import = 0Number of asset objects unloaded after import = 3

========================================================================
Received Import Request.
  Time since last request: 0.000023 seconds.
  path: Assets/portals/sprite_27.png
  artifactKey: Guid(fea20916ff8a16345a3a79c5832cb664) Importer(815301076,1909f56bfc062723c751e8b465ee728b)
Start importing Assets/portals/sprite_27.png using Guid(fea20916ff8a16345a3a79c5832cb664) Importer(815301076,1909f56bfc062723c751e8b465ee728b) (PreviewImporter) -> (artifact id: '890498534fdd6454c47b056e9a502c09') in 0.013299 seconds
Number of updated asset objects reloaded before import = 0Number of asset objects unloaded after import = 3

========================================================================
Received Import Request.
  Time since last request: 0.000012 seconds.
  path: Assets/portals/sprite_06.png
  artifactKey: Guid(e47cf8f409932ad4789a924accf5a8a3) Importer(815301076,1909f56bfc062723c751e8b465ee728b)
Start importing Assets/portals/sprite_06.png using Guid(e47cf8f409932ad4789a924accf5a8a3) Importer(815301076,1909f56bfc062723c751e8b465ee728b) (PreviewImporter) -> (artifact id: '44b660e3a53b7d63aa6bc25fb6835088') in 0.011301 seconds
Number of updated asset objects reloaded before import = 0Number of asset objects unloaded after import = 3

========================================================================
Received Import Request.
  Time since last request: 0.000022 seconds.
  path: Assets/portals/sprite_39.png
  artifactKey: Guid(1c0137f154057f54cad85043d2271ea9) Importer(815301076,1909f56bfc062723c751e8b465ee728b)
Start importing Assets/portals/sprite_39.png using Guid(1c0137f154057f54cad85043d2271ea9) Importer(815301076,1909f56bfc062723c751e8b465ee728b) (PreviewImporter) -> (artifact id: '75bc7810191eb03779cf22d58ca8844e') in 0.0108739 seconds
Number of updated asset objects reloaded before import = 0Number of asset objects unloaded after import = 3

========================================================================
Received Import Request.
  Time since last request: 0.000013 seconds.
  path: Assets/portals/sprite_04.png
  artifactKey: Guid(eb4c563759adb4446b99639de823c8ad) Importer(815301076,1909f56bfc062723c751e8b465ee728b)
Start importing Assets/portals/sprite_04.png using Guid(eb4c563759adb4446b99639de823c8ad) Importer(815301076,1909f56bfc062723c751e8b465ee728b) (PreviewImporter) -> (artifact id: 'e717fe75401249d3986087ec4c22d9ad') in 0.0103082 seconds
Number of updated asset objects reloaded before import = 0Number of asset objects unloaded after import = 3

========================================================================
Received Import Request.
  Time since last request: 0.000011 seconds.
  path: Assets/portals/sprite_30.png
  artifactKey: Guid(6411a128fa94f3042bd4ef4599f34fa0) Importer(815301076,1909f56bfc062723c751e8b465ee728b)
Start importing Assets/portals/sprite_30.png using Guid(6411a128fa94f3042bd4ef4599f34fa0) Importer(815301076,1909f56bfc062723c751e8b465ee728b) (PreviewImporter) -> (artifact id: 'efb4490a5f63360654dd5306c0188c0e') in 0.0110296 seconds
Number of updated asset objects reloaded before import = 0Number of asset objects unloaded after import = 3

========================================================================
Received Import Request.
  Time since last request: 0.000011 seconds.
  path: Assets/portals/sprite_25.png
  artifactKey: Guid(226f1ab76624fb944930153cbf8e5a54) Importer(815301076,1909f56bfc062723c751e8b465ee728b)
Start importing Assets/portals/sprite_25.png using Guid(226f1ab76624fb944930153cbf8e5a54) Importer(815301076,1909f56bfc062723c751e8b465ee728b) (PreviewImporter) -> (artifact id: 'c698982962d76fc8577386073082c00d') in 0.0114542 seconds
Number of updated asset objects reloaded before import = 0Number of asset objects unloaded after import = 3

========================================================================
Received Import Request.
  Time since last request: 0.000015 seconds.
  path: Assets/portals/sprite_24.png
  artifactKey: Guid(cd765b0fb60aa74498ae1956bccbf38e) Importer(815301076,1909f56bfc062723c751e8b465ee728b)
Start importing Assets/portals/sprite_24.png using Guid(cd765b0fb60aa74498ae1956bccbf38e) Importer(815301076,1909f56bfc062723c751e8b465ee728b) (PreviewImporter) -> (artifact id: '20ffef5437d86fca215e79efe19bc8c3') in 0.0108546 seconds
Number of updated asset objects reloaded before import = 0Number of asset objects unloaded after import = 3

========================================================================
Received Import Request.
  Time since last request: 0.000016 seconds.
  path: Assets/portals/sprite_34.png
  artifactKey: Guid(a967a02b0caac77458cde39c5d65f79d) Importer(815301076,1909f56bfc062723c751e8b465ee728b)
Start importing Assets/portals/sprite_34.png using Guid(a967a02b0caac77458cde39c5d65f79d) Importer(815301076,1909f56bfc062723c751e8b465ee728b) (PreviewImporter) -> (artifact id: '3a4f31ef1ff65b9d3ab530eb2e4b14c0') in 0.0118995 seconds
Number of updated asset objects reloaded before import = 0Number of asset objects unloaded after import = 3

========================================================================
Received Import Request.
  Time since last request: 0.000012 seconds.
  path: Assets/portals/sprite_07.png
  artifactKey: Guid(aa2f39bc448aa804b81e15d708a67bba) Importer(815301076,1909f56bfc062723c751e8b465ee728b)
Start importing Assets/portals/sprite_07.png using Guid(aa2f39bc448aa804b81e15d708a67bba) Importer(815301076,1909f56bfc062723c751e8b465ee728b) (PreviewImporter) -> (artifact id: '541dea5bba0e860aca58579350c29d25') in 0.0124519 seconds
Number of updated asset objects reloaded before import = 0Number of asset objects unloaded after import = 3

========================================================================
Received Import Request.
  Time since last request: 0.000021 seconds.
  path: Assets/portals/sprite_36.png
  artifactKey: Guid(f31a4f9c2653e6e42aefdaf7276c1596) Importer(815301076,1909f56bfc062723c751e8b465ee728b)
Start importing Assets/portals/sprite_36.png using Guid(f31a4f9c2653e6e42aefdaf7276c1596) Importer(815301076,1909f56bfc062723c751e8b465ee728b) (PreviewImporter) -> (artifact id: '7632f65ad12cabe89f636f97ff3024f2') in 0.0125919 seconds
Number of updated asset objects reloaded before import = 0Number of asset objects unloaded after import = 3

========================================================================
Received Import Request.
  Time since last request: 0.000014 seconds.
  path: Assets/portals/sprite_35.png
  artifactKey: Guid(252e2243eef73b547ae1f0ffc351f4cb) Importer(815301076,1909f56bfc062723c751e8b465ee728b)
Start importing Assets/portals/sprite_35.png using Guid(252e2243eef73b547ae1f0ffc351f4cb) Importer(815301076,1909f56bfc062723c751e8b465ee728b) (PreviewImporter) -> (artifact id: '3ba07ed472d54e140b650450e1948414') in 0.0116013 seconds
Number of updated asset objects reloaded before import = 0Number of asset objects unloaded after import = 3

========================================================================
Received Import Request.
  Time since last request: 0.000012 seconds.
  path: Assets/portals/sprite_09.png
  artifactKey: Guid(c5f17b5be6ef4ac4583caf4737e903d1) Importer(815301076,1909f56bfc062723c751e8b465ee728b)
Start importing Assets/portals/sprite_09.png using Guid(c5f17b5be6ef4ac4583caf4737e903d1) Importer(815301076,1909f56bfc062723c751e8b465ee728b) (PreviewImporter) -> (artifact id: 'd462a7701ea62edcdc08a8a016ec8ee0') in 0.0121191 seconds
Number of updated asset objects reloaded before import = 0Number of asset objects unloaded after import = 3

========================================================================
Received Import Request.
  Time since last request: 0.000012 seconds.
  path: Assets/portals/sprite_40.png
  artifactKey: Guid(59fa1662f0d11b04385df5830989a5f8) Importer(815301076,1909f56bfc062723c751e8b465ee728b)
Start importing Assets/portals/sprite_40.png using Guid(59fa1662f0d11b04385df5830989a5f8) Importer(815301076,1909f56bfc062723c751e8b465ee728b) (PreviewImporter) -> (artifact id: '015df3bdb4ebec30bb21060b2c2d8ad0') in 0.0122037 seconds
Number of updated asset objects reloaded before import = 0Number of asset objects unloaded after import = 3

========================================================================
Received Import Request.
  Time since last request: 0.000012 seconds.
  path: Assets/portals/sprite_03.png
  artifactKey: Guid(18f374a766924b941b881327d5c8b0c8) Importer(815301076,1909f56bfc062723c751e8b465ee728b)
Start importing Assets/portals/sprite_03.png using Guid(18f374a766924b941b881327d5c8b0c8) Importer(815301076,1909f56bfc062723c751e8b465ee728b) (PreviewImporter) -> (artifact id: 'ef0ea76519631aca719b5dca854823cd') in 0.0108965 seconds
Number of updated asset objects reloaded before import = 0Number of asset objects unloaded after import = 3

========================================================================
Received Import Request.
  Time since last request: 0.000013 seconds.
  path: Assets/portals/sprite_22.png
  artifactKey: Guid(71559b01104dc6a4baf7aecf040e7892) Importer(815301076,1909f56bfc062723c751e8b465ee728b)
Start importing Assets/portals/sprite_22.png using Guid(71559b01104dc6a4baf7aecf040e7892) Importer(815301076,1909f56bfc062723c751e8b465ee728b) (PreviewImporter) -> (artifact id: '285e714fca5407d7d7b23c5f4a74d3dd') in 0.0095886 seconds
Number of updated asset objects reloaded before import = 0Number of asset objects unloaded after import = 3

========================================================================
Received Import Request.
  Time since last request: 0.000013 seconds.
  path: Assets/portals/sprite_10.png
  artifactKey: Guid(2970663249a8f024d8602b5990eaf36f) Importer(815301076,1909f56bfc062723c751e8b465ee728b)
Start importing Assets/portals/sprite_10.png using Guid(2970663249a8f024d8602b5990eaf36f) Importer(815301076,1909f56bfc062723c751e8b465ee728b) (PreviewImporter) -> (artifact id: '66a26f76ad312689be2a06087d265f46') in 0.0111214 seconds
Number of updated asset objects reloaded before import = 0Number of asset objects unloaded after import = 3

========================================================================
Received Import Request.
  Time since last request: 0.000020 seconds.
  path: Assets/portals/sprite_19.png
  artifactKey: Guid(c2359c085895e5644ba87cf073bf889f) Importer(815301076,1909f56bfc062723c751e8b465ee728b)
Start importing Assets/portals/sprite_19.png using Guid(c2359c085895e5644ba87cf073bf889f) Importer(815301076,1909f56bfc062723c751e8b465ee728b) (PreviewImporter) -> (artifact id: '0951c3c5ae206496db7d686bfa76ab76') in 0.0107473 seconds
Number of updated asset objects reloaded before import = 0Number of asset objects unloaded after import = 3

========================================================================
Received Import Request.
  Time since last request: 0.000011 seconds.
  path: Assets/portals/sprite_31.png
  artifactKey: Guid(552f4adea66ee1e49bbf0ab507d15884) Importer(815301076,1909f56bfc062723c751e8b465ee728b)
Start importing Assets/portals/sprite_31.png using Guid(552f4adea66ee1e49bbf0ab507d15884) Importer(815301076,1909f56bfc062723c751e8b465ee728b) (PreviewImporter) -> (artifact id: '646fa486c2dbab6a107f0f2ccd005c61') in 0.011286 seconds
Number of updated asset objects reloaded before import = 0Number of asset objects unloaded after import = 3

========================================================================
Received Import Request.
  Time since last request: 7.024611 seconds.
  path: Assets/portals/sprite_00.png
  artifactKey: Guid(80cba71600c0f39498fabb6293d3b375) Importer(815301076,1909f56bfc062723c751e8b465ee728b)
Start importing Assets/portals/sprite_00.png using Guid(80cba71600c0f39498fabb6293d3b375) Importer(815301076,1909f56bfc062723c751e8b465ee728b) (PreviewImporter) -> (artifact id: 'f0ef8e269ab80485ca85d8dff5960cd6') in 0.1559455 seconds
Number of updated asset objects reloaded before import = 0Number of asset objects unloaded after import = 3

========================================================================
Received Import Request.
  Time since last request: 0.000014 seconds.
  path: Assets/portals/sprite_29.png
  artifactKey: Guid(ef0e55d7e19a3d44797d15f5df887376) Importer(815301076,1909f56bfc062723c751e8b465ee728b)
Start importing Assets/portals/sprite_29.png using Guid(ef0e55d7e19a3d44797d15f5df887376) Importer(815301076,1909f56bfc062723c751e8b465ee728b) (PreviewImporter) -> (artifact id: '4930ac11bacc5261f329f6d8d0efe47d') in 0.0107032 seconds
Number of updated asset objects reloaded before import = 0Number of asset objects unloaded after import = 3

========================================================================
Received Import Request.
  Time since last request: 0.000014 seconds.
  path: Assets/portals/sprite_38.png
  artifactKey: Guid(308d5b06c2816ec4d9a4bbea9e23d0e3) Importer(815301076,1909f56bfc062723c751e8b465ee728b)
Start importing Assets/portals/sprite_38.png using Guid(308d5b06c2816ec4d9a4bbea9e23d0e3) Importer(815301076,1909f56bfc062723c751e8b465ee728b) (PreviewImporter) -> (artifact id: 'a6f846379b67dc1fb9cbb416e21b1b94') in 0.0104238 seconds
Number of updated asset objects reloaded before import = 0Number of asset objects unloaded after import = 3

========================================================================
Received Import Request.
  Time since last request: 0.000009 seconds.
  path: Assets/portals/sprite_24.png
  artifactKey: Guid(cd765b0fb60aa74498ae1956bccbf38e) Importer(815301076,1909f56bfc062723c751e8b465ee728b)
Start importing Assets/portals/sprite_24.png using Guid(cd765b0fb60aa74498ae1956bccbf38e) Importer(815301076,1909f56bfc062723c751e8b465ee728b) (PreviewImporter) -> (artifact id: '41d187d160fd2321f3358d9a6bfbbbca') in 0.0096115 seconds
Number of updated asset objects reloaded before import = 0Number of asset objects unloaded after import = 3

========================================================================
Received Import Request.
  Time since last request: 0.000011 seconds.
  path: Assets/portals/sprite_07.png
  artifactKey: Guid(aa2f39bc448aa804b81e15d708a67bba) Importer(815301076,1909f56bfc062723c751e8b465ee728b)
Start importing Assets/portals/sprite_07.png using Guid(aa2f39bc448aa804b81e15d708a67bba) Importer(815301076,1909f56bfc062723c751e8b465ee728b) (PreviewImporter) -> (artifact id: '322ab92f2747201b52abf812d91b8369') in 0.0096515 seconds
Number of updated asset objects reloaded before import = 0Number of asset objects unloaded after import = 3

========================================================================
Received Import Request.
  Time since last request: 0.000011 seconds.
  path: Assets/portals/sprite_35.png
  artifactKey: Guid(252e2243eef73b547ae1f0ffc351f4cb) Importer(815301076,1909f56bfc062723c751e8b465ee728b)
Start importing Assets/portals/sprite_35.png using Guid(252e2243eef73b547ae1f0ffc351f4cb) Importer(815301076,1909f56bfc062723c751e8b465ee728b) (PreviewImporter) -> (artifact id: '035c4183673545f7dda475b6ef50226a') in 0.0113685 seconds
Number of updated asset objects reloaded before import = 0Number of asset objects unloaded after import = 3

========================================================================
Received Import Request.
  Time since last request: 0.000010 seconds.
  path: Assets/portals/sprite_19.png
  artifactKey: Guid(c2359c085895e5644ba87cf073bf889f) Importer(815301076,1909f56bfc062723c751e8b465ee728b)
Start importing Assets/portals/sprite_19.png using Guid(c2359c085895e5644ba87cf073bf889f) Importer(815301076,1909f56bfc062723c751e8b465ee728b) (PreviewImporter) -> (artifact id: 'be27f47c856af19b333d8ef5f13aeadd') in 0.0105609 seconds
Number of updated asset objects reloaded before import = 0Number of asset objects unloaded after import = 3

========================================================================
Received Import Request.
  Time since last request: 0.000010 seconds.
  path: Assets/portals/sprite_13.png
  artifactKey: Guid(af31c3131176662409043c9570c7be40) Importer(815301076,1909f56bfc062723c751e8b465ee728b)
Start importing Assets/portals/sprite_13.png using Guid(af31c3131176662409043c9570c7be40) Importer(815301076,1909f56bfc062723c751e8b465ee728b) (PreviewImporter) -> (artifact id: 'd93830669c64ad886e4ed8c96242a834') in 0.0107054 seconds
Number of updated asset objects reloaded before import = 0Number of asset objects unloaded after import = 3

========================================================================
Received Prepare
Refreshing native plugins compatible for Editor in 3.64 ms, found 4 plugins.
Preloading 0 native plugins for Editor in 0.00 ms.
Unloading 25 Unused Serialized files (Serialized files now loaded: 0)
Unloading 6687 unused Assets / (6.6 MB). Loaded Objects now: 7594.
Memory consumption went from 199.1 MB to 192.6 MB.
Total: 10.754700 ms (FindLiveObjects: 0.657300 ms CreateObjectMapping: 0.565400 ms MarkObjects: 6.405800 ms  DeleteObjects: 3.125000 ms)

Prepare: number of updated asset objects reloaded= 0
========================================================================
Received Prepare
Begin MonoManager ReloadAssembly
- Loaded All Assemblies, in  0.591 seconds
Refreshing native plugins compatible for Editor in 1.41 ms, found 4 plugins.
Native extension for WindowsStandalone target not found
Mono: successfully reloaded assembly
- Finished resetting the current domain, in  0.644 seconds
Domain Reload Profiling: 1232ms
	BeginReloadAssembly (161ms)
		ExecutionOrderSort (0ms)
		DisableScriptedObjects (9ms)
		BackupInstance (0ms)
		ReleaseScriptingObjects (0ms)
		CreateAndSetChildDomain (42ms)
	RebuildCommonClasses (25ms)
	RebuildNativeTypeToScriptingClass (13ms)
	initialDomainReloadingComplete (25ms)
	LoadAllAssembliesAndSetupDomain (364ms)
		LoadAssemblies (270ms)
		RebuildTransferFunctionScriptingTraits (0ms)
		AnalyzeDomain (169ms)
			TypeCache.Refresh (6ms)
				TypeCache.ScanAssembly (1ms)
			BuildScriptInfoCaches (154ms)
			ResolveRequiredComponents (7ms)
	FinalizeReload (645ms)
		ReleaseScriptCaches (0ms)
		RebuildScriptCaches (0ms)
		SetupLoadedEditorAssemblies (462ms)
			LogAssemblyErrors (0ms)
			InitializePlatformSupportModulesInManaged (2ms)
			SetLoadedEditorAssemblies (3ms)
			BeforeProcessingInitializeOnLoad (72ms)
			ProcessInitializeOnLoadAttributes (341ms)
			ProcessInitializeOnLoadMethodAttributes (37ms)
			AfterProcessingInitializeOnLoad (6ms)
			EditorAssembliesLoaded (0ms)
		ExecutionOrderSort2 (0ms)
		AwakeInstancesAfterBackupRestoration (10ms)
Refreshing native plugins compatible for Editor in 1.08 ms, found 4 plugins.
Preloading 0 native plugins for Editor in 0.00 ms.
Unloading 25 Unused Serialized files (Serialized files now loaded: 0)
Unloading 6698 unused Assets / (5.9 MB). Loaded Objects now: 7595.
Memory consumption went from 198.5 MB to 192.7 MB.
Total: 7.079100 ms (FindLiveObjects: 0.593400 ms CreateObjectMapping: 0.208500 ms MarkObjects: 3.788300 ms  DeleteObjects: 2.488200 ms)

Prepare: number of updated asset objects reloaded= 0
========================================================================
Received Prepare
Begin MonoManager ReloadAssembly
- Loaded All Assemblies, in  0.455 seconds
Refreshing native plugins compatible for Editor in 1.08 ms, found 4 plugins.
Native extension for WindowsStandalone target not found
Mono: successfully reloaded assembly
- Finished resetting the current domain, in  0.565 seconds
Domain Reload Profiling: 1020ms
	BeginReloadAssembly (136ms)
		ExecutionOrderSort (0ms)
		DisableScriptedObjects (8ms)
		BackupInstance (0ms)
		ReleaseScriptingObjects (0ms)
		CreateAndSetChildDomain (38ms)
	RebuildCommonClasses (21ms)
	RebuildNativeTypeToScriptingClass (8ms)
	initialDomainReloadingComplete (19ms)
	LoadAllAssembliesAndSetupDomain (270ms)
		LoadAssemblies (199ms)
		RebuildTransferFunctionScriptingTraits (0ms)
		AnalyzeDomain (130ms)
			TypeCache.Refresh (4ms)
				TypeCache.ScanAssembly (0ms)
			BuildScriptInfoCaches (117ms)
			ResolveRequiredComponents (7ms)
	FinalizeReload (565ms)
		ReleaseScriptCaches (0ms)
		RebuildScriptCaches (0ms)
		SetupLoadedEditorAssemblies (364ms)
			LogAssemblyErrors (0ms)
			InitializePlatformSupportModulesInManaged (1ms)
			SetLoadedEditorAssemblies (3ms)
			BeforeProcessingInitializeOnLoad (45ms)
			ProcessInitializeOnLoadAttributes (273ms)
			ProcessInitializeOnLoadMethodAttributes (36ms)
			AfterProcessingInitializeOnLoad (5ms)
			EditorAssembliesLoaded (0ms)
		ExecutionOrderSort2 (0ms)
		AwakeInstancesAfterBackupRestoration (9ms)
Refreshing native plugins compatible for Editor in 1.43 ms, found 4 plugins.
Preloading 0 native plugins for Editor in 0.00 ms.
Unloading 25 Unused Serialized files (Serialized files now loaded: 0)
Unloading 6698 unused Assets / (5.9 MB). Loaded Objects now: 7597.
Memory consumption went from 198.5 MB to 192.6 MB.
Total: 8.519000 ms (FindLiveObjects: 0.754600 ms CreateObjectMapping: 0.254800 ms MarkObjects: 4.953300 ms  DeleteObjects: 2.555500 ms)

Prepare: number of updated asset objects reloaded= 0
========================================================================
Received Prepare
Refreshing native plugins compatible for Editor in 1.68 ms, found 4 plugins.
Preloading 0 native plugins for Editor in 0.00 ms.
Unloading 25 Unused Serialized files (Serialized files now loaded: 0)
Unloading 6687 unused Assets / (5.7 MB). Loaded Objects now: 7597.
Memory consumption went from 198.7 MB to 193.0 MB.
Total: 8.349000 ms (FindLiveObjects: 0.628900 ms CreateObjectMapping: 0.217000 ms MarkObjects: 5.266800 ms  DeleteObjects: 2.235400 ms)

Prepare: number of updated asset objects reloaded= 0
========================================================================
Received Prepare
Begin MonoManager ReloadAssembly
- Loaded All Assemblies, in  0.563 seconds
Refreshing native plugins compatible for Editor in 1.15 ms, found 4 plugins.
Native extension for WindowsStandalone target not found
Mono: successfully reloaded assembly
- Finished resetting the current domain, in  0.685 seconds
Domain Reload Profiling: 1247ms
	BeginReloadAssembly (175ms)
		ExecutionOrderSort (0ms)
		DisableScriptedObjects (12ms)
		BackupInstance (0ms)
		ReleaseScriptingObjects (0ms)
		CreateAndSetChildDomain (42ms)
	RebuildCommonClasses (23ms)
	RebuildNativeTypeToScriptingClass (8ms)
	initialDomainReloadingComplete (22ms)
	LoadAllAssembliesAndSetupDomain (334ms)
		LoadAssemblies (277ms)
		RebuildTransferFunctionScriptingTraits (0ms)
		AnalyzeDomain (137ms)
			TypeCache.Refresh (6ms)
				TypeCache.ScanAssembly (1ms)
			BuildScriptInfoCaches (122ms)
			ResolveRequiredComponents (7ms)
	FinalizeReload (685ms)
		ReleaseScriptCaches (0ms)
		RebuildScriptCaches (0ms)
		SetupLoadedEditorAssemblies (499ms)
			LogAssemblyErrors (0ms)
			InitializePlatformSupportModulesInManaged (1ms)
			SetLoadedEditorAssemblies (4ms)
			BeforeProcessingInitializeOnLoad (63ms)
			ProcessInitializeOnLoadAttributes (378ms)
			ProcessInitializeOnLoadMethodAttributes (44ms)
			AfterProcessingInitializeOnLoad (7ms)
			EditorAssembliesLoaded (0ms)
		ExecutionOrderSort2 (0ms)
		AwakeInstancesAfterBackupRestoration (9ms)
Refreshing native plugins compatible for Editor in 1.49 ms, found 4 plugins.
Preloading 0 native plugins for Editor in 0.00 ms.
Unloading 25 Unused Serialized files (Serialized files now loaded: 0)
Unloading 6698 unused Assets / (6.4 MB). Loaded Objects now: 7599.
Memory consumption went from 198.5 MB to 192.1 MB.
Total: 8.471100 ms (FindLiveObjects: 0.757700 ms CreateObjectMapping: 0.264800 ms MarkObjects: 4.456300 ms  DeleteObjects: 2.991400 ms)

Prepare: number of updated asset objects reloaded= 0
========================================================================
Received Prepare
Begin MonoManager ReloadAssembly
- Loaded All Assemblies, in  0.462 seconds
Refreshing native plugins compatible for Editor in 1.10 ms, found 4 plugins.
Native extension for WindowsStandalone target not found
Mono: successfully reloaded assembly
- Finished resetting the current domain, in  0.577 seconds
Domain Reload Profiling: 1038ms
	BeginReloadAssembly (133ms)
		ExecutionOrderSort (0ms)
		DisableScriptedObjects (7ms)
		BackupInstance (0ms)
		ReleaseScriptingObjects (0ms)
		CreateAndSetChildDomain (36ms)
	RebuildCommonClasses (20ms)
	RebuildNativeTypeToScriptingClass (8ms)
	initialDomainReloadingComplete (17ms)
	LoadAllAssembliesAndSetupDomain (284ms)
		LoadAssemblies (208ms)
		RebuildTransferFunctionScriptingTraits (0ms)
		AnalyzeDomain (135ms)
			TypeCache.Refresh (4ms)
				TypeCache.ScanAssembly (0ms)
			BuildScriptInfoCaches (122ms)
			ResolveRequiredComponents (7ms)
	FinalizeReload (577ms)
		ReleaseScriptCaches (0ms)
		RebuildScriptCaches (0ms)
		SetupLoadedEditorAssemblies (374ms)
			LogAssemblyErrors (0ms)
			InitializePlatformSupportModulesInManaged (1ms)
			SetLoadedEditorAssemblies (3ms)
			BeforeProcessingInitializeOnLoad (49ms)
			ProcessInitializeOnLoadAttributes (272ms)
			ProcessInitializeOnLoadMethodAttributes (43ms)
			AfterProcessingInitializeOnLoad (5ms)
			EditorAssembliesLoaded (0ms)
		ExecutionOrderSort2 (0ms)
		AwakeInstancesAfterBackupRestoration (10ms)
Refreshing native plugins compatible for Editor in 1.57 ms, found 4 plugins.
Preloading 0 native plugins for Editor in 0.00 ms.
Unloading 25 Unused Serialized files (Serialized files now loaded: 0)
Unloading 6698 unused Assets / (6.0 MB). Loaded Objects now: 7601.
Memory consumption went from 198.5 MB to 192.5 MB.
Total: 9.105800 ms (FindLiveObjects: 0.771300 ms CreateObjectMapping: 0.378300 ms MarkObjects: 5.285700 ms  DeleteObjects: 2.669800 ms)

Prepare: number of updated asset objects reloaded= 0
========================================================================
Received Prepare
Begin MonoManager ReloadAssembly
- Loaded All Assemblies, in  0.466 seconds
Refreshing native plugins compatible for Editor in 1.04 ms, found 4 plugins.
Native extension for WindowsStandalone target not found
Mono: successfully reloaded assembly
- Finished resetting the current domain, in  0.712 seconds
Domain Reload Profiling: 1177ms
	BeginReloadAssembly (136ms)
		ExecutionOrderSort (0ms)
		DisableScriptedObjects (8ms)
		BackupInstance (0ms)
		ReleaseScriptingObjects (0ms)
		CreateAndSetChildDomain (36ms)
	RebuildCommonClasses (21ms)
	RebuildNativeTypeToScriptingClass (8ms)
	initialDomainReloadingComplete (17ms)
	LoadAllAssembliesAndSetupDomain (282ms)
		LoadAssemblies (213ms)
		RebuildTransferFunctionScriptingTraits (0ms)
		AnalyzeDomain (131ms)
			TypeCache.Refresh (4ms)
				TypeCache.ScanAssembly (0ms)
			BuildScriptInfoCaches (119ms)
			ResolveRequiredComponents (7ms)
	FinalizeReload (713ms)
		ReleaseScriptCaches (0ms)
		RebuildScriptCaches (0ms)
		SetupLoadedEditorAssemblies (477ms)
			LogAssemblyErrors (0ms)
			InitializePlatformSupportModulesInManaged (1ms)
			SetLoadedEditorAssemblies (3ms)
			BeforeProcessingInitializeOnLoad (47ms)
			ProcessInitializeOnLoadAttributes (358ms)
			ProcessInitializeOnLoadMethodAttributes (62ms)
			AfterProcessingInitializeOnLoad (7ms)
			EditorAssembliesLoaded (0ms)
		ExecutionOrderSort2 (0ms)
		AwakeInstancesAfterBackupRestoration (11ms)
Refreshing native plugins compatible for Editor in 2.71 ms, found 4 plugins.
Preloading 0 native plugins for Editor in 0.00 ms.
Unloading 25 Unused Serialized files (Serialized files now loaded: 0)
Unloading 6698 unused Assets / (6.3 MB). Loaded Objects now: 7603.
Memory consumption went from 198.5 MB to 192.2 MB.
Total: 13.573900 ms (FindLiveObjects: 1.149700 ms CreateObjectMapping: 0.939600 ms MarkObjects: 7.574300 ms  DeleteObjects: 3.909700 ms)

Prepare: number of updated asset objects reloaded= 0
========================================================================
Received Import Request.
  Time since last request: 673.935638 seconds.
  path: Assets/portals/sprite_33.png
  artifactKey: Guid(c27bdeebab4ddb2459cf6d892e70d31c) Importer(815301076,1909f56bfc062723c751e8b465ee728b)
Start importing Assets/portals/sprite_33.png using Guid(c27bdeebab4ddb2459cf6d892e70d31c) Importer(815301076,1909f56bfc062723c751e8b465ee728b) (PreviewImporter) -> (artifact id: '3edebbaef62cfd6782ac75ec656fd8f1') in 0.1443552 seconds
Number of updated asset objects reloaded before import = 0Number of asset objects unloaded after import = 3

========================================================================
Received Import Request.
  Time since last request: 0.000011 seconds.
  path: Assets/portals/sprite_27.png
  artifactKey: Guid(fea20916ff8a16345a3a79c5832cb664) Importer(815301076,1909f56bfc062723c751e8b465ee728b)
Start importing Assets/portals/sprite_27.png using Guid(fea20916ff8a16345a3a79c5832cb664) Importer(815301076,1909f56bfc062723c751e8b465ee728b) (PreviewImporter) -> (artifact id: '0645eecb7c4c8a9c33d70a205f936d3f') in 0.0067473 seconds
Number of updated asset objects reloaded before import = 0Number of asset objects unloaded after import = 3

========================================================================
Received Import Request.
  Time since last request: 0.000012 seconds.
  path: Assets/portals/sprite_20.png
  artifactKey: Guid(549ea76f0f4646f46a5ac6f5d93bc9bf) Importer(815301076,1909f56bfc062723c751e8b465ee728b)
Start importing Assets/portals/sprite_20.png using Guid(549ea76f0f4646f46a5ac6f5d93bc9bf) Importer(815301076,1909f56bfc062723c751e8b465ee728b) (PreviewImporter) -> (artifact id: '5a95798452a0b479c5a3b6224dff4f3e') in 0.0068327 seconds
Number of updated asset objects reloaded before import = 0Number of asset objects unloaded after import = 3

========================================================================
Received Import Request.
  Time since last request: 0.000012 seconds.
  path: Assets/portals/sprite_06.png
  artifactKey: Guid(e47cf8f409932ad4789a924accf5a8a3) Importer(815301076,1909f56bfc062723c751e8b465ee728b)
Start importing Assets/portals/sprite_06.png using Guid(e47cf8f409932ad4789a924accf5a8a3) Importer(815301076,1909f56bfc062723c751e8b465ee728b) (PreviewImporter) -> (artifact id: 'bb36f3d2a835de7ea5c92273237c7f1d') in 0.0061968 seconds
Number of updated asset objects reloaded before import = 0Number of asset objects unloaded after import = 3

========================================================================
Received Import Request.
  Time since last request: 0.000017 seconds.
  path: Assets/portals/sprite_38.png
  artifactKey: Guid(308d5b06c2816ec4d9a4bbea9e23d0e3) Importer(815301076,1909f56bfc062723c751e8b465ee728b)
Start importing Assets/portals/sprite_38.png using Guid(308d5b06c2816ec4d9a4bbea9e23d0e3) Importer(815301076,1909f56bfc062723c751e8b465ee728b) (PreviewImporter) -> (artifact id: 'c425c984d7ba681be7c39e9e6e8fb66a') in 0.0056475 seconds
Number of updated asset objects reloaded before import = 0Number of asset objects unloaded after import = 3

========================================================================
Received Import Request.
  Time since last request: 0.000012 seconds.
  path: Assets/portals/sprite_23.png
  artifactKey: Guid(45c1ffeff582852448d1b6abb7e24c14) Importer(815301076,1909f56bfc062723c751e8b465ee728b)
Start importing Assets/portals/sprite_23.png using Guid(45c1ffeff582852448d1b6abb7e24c14) Importer(815301076,1909f56bfc062723c751e8b465ee728b) (PreviewImporter) -> (artifact id: '2e9ba42080ae130faf8fee9bc1a96d70') in 0.0064043 seconds
Number of updated asset objects reloaded before import = 0Number of asset objects unloaded after import = 3

========================================================================
Received Import Request.
  Time since last request: 0.000012 seconds.
  path: Assets/portals/sprite_30.png
  artifactKey: Guid(6411a128fa94f3042bd4ef4599f34fa0) Importer(815301076,1909f56bfc062723c751e8b465ee728b)
Start importing Assets/portals/sprite_30.png using Guid(6411a128fa94f3042bd4ef4599f34fa0) Importer(815301076,1909f56bfc062723c751e8b465ee728b) (PreviewImporter) -> (artifact id: '1595f404b1d4d9cef71bfe809e0adef3') in 0.0063431 seconds
Number of updated asset objects reloaded before import = 0Number of asset objects unloaded after import = 3

========================================================================
Received Import Request.
  Time since last request: 0.000010 seconds.
  path: Assets/portals/sprite_08.png
  artifactKey: Guid(04f701dd1dfd76046a9b3b79e1439e43) Importer(815301076,1909f56bfc062723c751e8b465ee728b)
Start importing Assets/portals/sprite_08.png using Guid(04f701dd1dfd76046a9b3b79e1439e43) Importer(815301076,1909f56bfc062723c751e8b465ee728b) (PreviewImporter) -> (artifact id: '70932f6073d134086f4fa79cbcf6512e') in 0.0086079 seconds
Number of updated asset objects reloaded before import = 0Number of asset objects unloaded after import = 3

========================================================================
Received Import Request.
  Time since last request: 0.000010 seconds.
  path: Assets/portals/sprite_24.png
  artifactKey: Guid(cd765b0fb60aa74498ae1956bccbf38e) Importer(815301076,1909f56bfc062723c751e8b465ee728b)
Start importing Assets/portals/sprite_24.png using Guid(cd765b0fb60aa74498ae1956bccbf38e) Importer(815301076,1909f56bfc062723c751e8b465ee728b) (PreviewImporter) -> (artifact id: '8a0dd2476784c6c489dd0b36f381b80f') in 0.0060715 seconds
Number of updated asset objects reloaded before import = 0Number of asset objects unloaded after import = 3

========================================================================
Received Import Request.
  Time since last request: 0.000010 seconds.
  path: Assets/portals/sprite_34.png
  artifactKey: Guid(a967a02b0caac77458cde39c5d65f79d) Importer(815301076,1909f56bfc062723c751e8b465ee728b)
Start importing Assets/portals/sprite_34.png using Guid(a967a02b0caac77458cde39c5d65f79d) Importer(815301076,1909f56bfc062723c751e8b465ee728b) (PreviewImporter) -> (artifact id: 'b9b9de35a393412d047d4f970e3e0514') in 0.0071841 seconds
Number of updated asset objects reloaded before import = 0Number of asset objects unloaded after import = 3

========================================================================
Received Import Request.
  Time since last request: 0.000011 seconds.
  path: Assets/portals/sprite_07.png
  artifactKey: Guid(aa2f39bc448aa804b81e15d708a67bba) Importer(815301076,1909f56bfc062723c751e8b465ee728b)
Start importing Assets/portals/sprite_07.png using Guid(aa2f39bc448aa804b81e15d708a67bba) Importer(815301076,1909f56bfc062723c751e8b465ee728b) (PreviewImporter) -> (artifact id: 'c80cfac40d7d52f754db99c49adec0f6') in 0.0078258 seconds
Number of updated asset objects reloaded before import = 0Number of asset objects unloaded after import = 3

========================================================================
Received Import Request.
  Time since last request: 0.000013 seconds.
  path: Assets/portals/sprite_36.png
  artifactKey: Guid(f31a4f9c2653e6e42aefdaf7276c1596) Importer(815301076,1909f56bfc062723c751e8b465ee728b)
Start importing Assets/portals/sprite_36.png using Guid(f31a4f9c2653e6e42aefdaf7276c1596) Importer(815301076,1909f56bfc062723c751e8b465ee728b) (PreviewImporter) -> (artifact id: 'a3fecf85f5439d441aa1062fe991c6b6') in 0.0091303 seconds
Number of updated asset objects reloaded before import = 0Number of asset objects unloaded after import = 3

========================================================================
Received Import Request.
  Time since last request: 0.000018 seconds.
  path: Assets/portals/sprite_21.png
  artifactKey: Guid(49a9d795c01115b4780b2ced07a97144) Importer(815301076,1909f56bfc062723c751e8b465ee728b)
Start importing Assets/portals/sprite_21.png using Guid(49a9d795c01115b4780b2ced07a97144) Importer(815301076,1909f56bfc062723c751e8b465ee728b) (PreviewImporter) -> (artifact id: '495088f4b2e8c025d817052e556e6f41') in 0.0083276 seconds
Number of updated asset objects reloaded before import = 0Number of asset objects unloaded after import = 3

========================================================================
Received Import Request.
  Time since last request: 0.000021 seconds.
  path: Assets/portals/sprite_09.png
  artifactKey: Guid(c5f17b5be6ef4ac4583caf4737e903d1) Importer(815301076,1909f56bfc062723c751e8b465ee728b)
Start importing Assets/portals/sprite_09.png using Guid(c5f17b5be6ef4ac4583caf4737e903d1) Importer(815301076,1909f56bfc062723c751e8b465ee728b) (PreviewImporter) -> (artifact id: '1731631ece9980453fdc1080825d7089') in 0.0077682 seconds
Number of updated asset objects reloaded before import = 0Number of asset objects unloaded after import = 3

========================================================================
Received Import Request.
  Time since last request: 0.000013 seconds.
  path: Assets/portals/sprite_28.png
  artifactKey: Guid(f5340d5bde25f964a8b830af842d1f78) Importer(815301076,1909f56bfc062723c751e8b465ee728b)
Start importing Assets/portals/sprite_28.png using Guid(f5340d5bde25f964a8b830af842d1f78) Importer(815301076,1909f56bfc062723c751e8b465ee728b) (PreviewImporter) -> (artifact id: '8556da66da490dcb8ed1b3c674115133') in 0.0098691 seconds
Number of updated asset objects reloaded before import = 0Number of asset objects unloaded after import = 3

========================================================================
Received Import Request.
  Time since last request: 0.000011 seconds.
  path: Assets/portals/sprite_16.png
  artifactKey: Guid(905aface26f8ce24fa9900509bfbe3d4) Importer(815301076,1909f56bfc062723c751e8b465ee728b)
Start importing Assets/portals/sprite_16.png using Guid(905aface26f8ce24fa9900509bfbe3d4) Importer(815301076,1909f56bfc062723c751e8b465ee728b) (PreviewImporter) -> (artifact id: 'ff49cfaabc9260638d7c1a418f4a2492') in 0.0076891 seconds
Number of updated asset objects reloaded before import = 0Number of asset objects unloaded after import = 3

========================================================================
Received Import Request.
  Time since last request: 0.000010 seconds.
  path: Assets/portals/sprite_15.png
  artifactKey: Guid(09751301cb393b44cb1541bdff22f5e9) Importer(815301076,1909f56bfc062723c751e8b465ee728b)
Start importing Assets/portals/sprite_15.png using Guid(09751301cb393b44cb1541bdff22f5e9) Importer(815301076,1909f56bfc062723c751e8b465ee728b) (PreviewImporter) -> (artifact id: '77d65d042f089ebe8a895dacc664db59') in 0.007786 seconds
Number of updated asset objects reloaded before import = 0Number of asset objects unloaded after import = 3

========================================================================
Received Import Request.
  Time since last request: 0.000011 seconds.
  path: Assets/portals/sprite_05.png
  artifactKey: Guid(5ac7d1a1c1a8a384abfd148435380fd5) Importer(815301076,1909f56bfc062723c751e8b465ee728b)
Start importing Assets/portals/sprite_05.png using Guid(5ac7d1a1c1a8a384abfd148435380fd5) Importer(815301076,1909f56bfc062723c751e8b465ee728b) (PreviewImporter) -> (artifact id: 'a42e45c41a35edb4480a5947c0baff91') in 0.012679 seconds
Number of updated asset objects reloaded before import = 0Number of asset objects unloaded after import = 3

========================================================================
Received Import Request.
  Time since last request: 0.000009 seconds.
  path: Assets/portals/sprite_19.png
  artifactKey: Guid(c2359c085895e5644ba87cf073bf889f) Importer(815301076,1909f56bfc062723c751e8b465ee728b)
Start importing Assets/portals/sprite_19.png using Guid(c2359c085895e5644ba87cf073bf889f) Importer(815301076,1909f56bfc062723c751e8b465ee728b) (PreviewImporter) -> (artifact id: '1086cc364c52a745f5e8d829e5a9306e') in 0.0055973 seconds
Number of updated asset objects reloaded before import = 0Number of asset objects unloaded after import = 3

========================================================================
Received Import Request.
  Time since last request: 0.000011 seconds.
  path: Assets/portals/sprite_31.png
  artifactKey: Guid(552f4adea66ee1e49bbf0ab507d15884) Importer(815301076,1909f56bfc062723c751e8b465ee728b)
Start importing Assets/portals/sprite_31.png using Guid(552f4adea66ee1e49bbf0ab507d15884) Importer(815301076,1909f56bfc062723c751e8b465ee728b) (PreviewImporter) -> (artifact id: 'd2f2d70aba5140073678b0d15b1a0ab3') in 0.006354 seconds
Number of updated asset objects reloaded before import = 0Number of asset objects unloaded after import = 3

========================================================================
Received Import Request.
  Time since last request: 0.000013 seconds.
  path: Assets/portals/sprite_13.png
  artifactKey: Guid(af31c3131176662409043c9570c7be40) Importer(815301076,1909f56bfc062723c751e8b465ee728b)
Start importing Assets/portals/sprite_13.png using Guid(af31c3131176662409043c9570c7be40) Importer(815301076,1909f56bfc062723c751e8b465ee728b) (PreviewImporter) -> (artifact id: '806376ae3b674f1df21ec3478fafa402') in 0.0079051 seconds
Number of updated asset objects reloaded before import = 0Number of asset objects unloaded after import = 3

========================================================================
Received Prepare
Begin MonoManager ReloadAssembly
- Loaded All Assemblies, in  0.548 seconds
Refreshing native plugins compatible for Editor in 1.00 ms, found 4 plugins.
Native extension for WindowsStandalone target not found
Mono: successfully reloaded assembly
- Finished resetting the current domain, in  0.636 seconds
Domain Reload Profiling: 1183ms
	BeginReloadAssembly (161ms)
		ExecutionOrderSort (0ms)
		DisableScriptedObjects (8ms)
		BackupInstance (0ms)
		ReleaseScriptingObjects (0ms)
		CreateAndSetChildDomain (46ms)
	RebuildCommonClasses (20ms)
	RebuildNativeTypeToScriptingClass (8ms)
	initialDomainReloadingComplete (20ms)
	LoadAllAssembliesAndSetupDomain (337ms)
		LoadAssemblies (255ms)
		RebuildTransferFunctionScriptingTraits (0ms)
		AnalyzeDomain (150ms)
			TypeCache.Refresh (4ms)
				TypeCache.ScanAssembly (0ms)
			BuildScriptInfoCaches (137ms)
			ResolveRequiredComponents (7ms)
	FinalizeReload (637ms)
		ReleaseScriptCaches (0ms)
		RebuildScriptCaches (0ms)
		SetupLoadedEditorAssemblies (441ms)
			LogAssemblyErrors (0ms)
			InitializePlatformSupportModulesInManaged (2ms)
			SetLoadedEditorAssemblies (4ms)
			BeforeProcessingInitializeOnLoad (65ms)
			ProcessInitializeOnLoadAttributes (328ms)
			ProcessInitializeOnLoadMethodAttributes (35ms)
			AfterProcessingInitializeOnLoad (6ms)
			EditorAssembliesLoaded (0ms)
		ExecutionOrderSort2 (0ms)
		AwakeInstancesAfterBackupRestoration (10ms)
Refreshing native plugins compatible for Editor in 2.47 ms, found 4 plugins.
Preloading 0 native plugins for Editor in 0.00 ms.
Unloading 25 Unused Serialized files (Serialized files now loaded: 0)
Unloading 6698 unused Assets / (4.8 MB). Loaded Objects now: 7611.
Memory consumption went from 198.5 MB to 193.7 MB.
Total: 17.605200 ms (FindLiveObjects: 1.173700 ms CreateObjectMapping: 0.678900 ms MarkObjects: 8.775800 ms  DeleteObjects: 6.975800 ms)

Prepare: number of updated asset objects reloaded= 0
========================================================================
Received Import Request.
  Time since last request: 26.879653 seconds.
  path: Assets/portals/sprite_27.png
  artifactKey: Guid(fea20916ff8a16345a3a79c5832cb664) Importer(815301076,1909f56bfc062723c751e8b465ee728b)
Start importing Assets/portals/sprite_27.png using Guid(fea20916ff8a16345a3a79c5832cb664) Importer(815301076,1909f56bfc062723c751e8b465ee728b) (PreviewImporter) -> (artifact id: 'ee69cbace3f9353843795d00b89b62b9') in 0.0815009 seconds
Number of updated asset objects reloaded before import = 0Number of asset objects unloaded after import = 3

========================================================================
Received Import Request.
  Time since last request: 0.000015 seconds.
  path: Assets/portals/sprite_06.png
  artifactKey: Guid(e47cf8f409932ad4789a924accf5a8a3) Importer(815301076,1909f56bfc062723c751e8b465ee728b)
Start importing Assets/portals/sprite_06.png using Guid(e47cf8f409932ad4789a924accf5a8a3) Importer(815301076,1909f56bfc062723c751e8b465ee728b) (PreviewImporter) -> (artifact id: '95c1218b254d9b5303c66a5bd45c07d6') in 0.0071048 seconds
Number of updated asset objects reloaded before import = 0Number of asset objects unloaded after import = 3

========================================================================
Received Import Request.
  Time since last request: 0.000012 seconds.
  path: Assets/portals/sprite_23.png
  artifactKey: Guid(45c1ffeff582852448d1b6abb7e24c14) Importer(815301076,1909f56bfc062723c751e8b465ee728b)
Start importing Assets/portals/sprite_23.png using Guid(45c1ffeff582852448d1b6abb7e24c14) Importer(815301076,1909f56bfc062723c751e8b465ee728b) (PreviewImporter) -> (artifact id: '5bcf26528e0037f2359d414bf2e25f13') in 0.0065049 seconds
Number of updated asset objects reloaded before import = 0Number of asset objects unloaded after import = 3

========================================================================
Received Import Request.
  Time since last request: 0.000011 seconds.
  path: Assets/portals/sprite_26.png
  artifactKey: Guid(95d92279d2d50b345944383249ab6e7e) Importer(815301076,1909f56bfc062723c751e8b465ee728b)
Start importing Assets/portals/sprite_26.png using Guid(95d92279d2d50b345944383249ab6e7e) Importer(815301076,1909f56bfc062723c751e8b465ee728b) (PreviewImporter) -> (artifact id: '1d7bf63860101f5c84a6626bd47207cd') in 0.0062309 seconds
Number of updated asset objects reloaded before import = 0Number of asset objects unloaded after import = 3

========================================================================
Received Import Request.
  Time since last request: 0.000013 seconds.
  path: Assets/portals/sprite_07.png
  artifactKey: Guid(aa2f39bc448aa804b81e15d708a67bba) Importer(815301076,1909f56bfc062723c751e8b465ee728b)
Start importing Assets/portals/sprite_07.png using Guid(aa2f39bc448aa804b81e15d708a67bba) Importer(815301076,1909f56bfc062723c751e8b465ee728b) (PreviewImporter) -> (artifact id: '49f624a36a3508ee4e898240f2f01653') in 0.0074172 seconds
Number of updated asset objects reloaded before import = 0Number of asset objects unloaded after import = 3

========================================================================
Received Import Request.
  Time since last request: 0.000019 seconds.
  path: Assets/portals/sprite_02.png
  artifactKey: Guid(d8f8fd960a59deb42bf80ed22d342d56) Importer(815301076,1909f56bfc062723c751e8b465ee728b)
Start importing Assets/portals/sprite_02.png using Guid(d8f8fd960a59deb42bf80ed22d342d56) Importer(815301076,1909f56bfc062723c751e8b465ee728b) (PreviewImporter) -> (artifact id: 'f335cea98ca5cb41b4bedad1c55baf7b') in 0.0060302 seconds
Number of updated asset objects reloaded before import = 0Number of asset objects unloaded after import = 3

========================================================================
Received Import Request.
  Time since last request: 0.000010 seconds.
  path: Assets/portals/sprite_03.png
  artifactKey: Guid(18f374a766924b941b881327d5c8b0c8) Importer(815301076,1909f56bfc062723c751e8b465ee728b)
Start importing Assets/portals/sprite_03.png using Guid(18f374a766924b941b881327d5c8b0c8) Importer(815301076,1909f56bfc062723c751e8b465ee728b) (PreviewImporter) -> (artifact id: '96bb8e8ee936049fef1166296a30836b') in 0.0058811 seconds
Number of updated asset objects reloaded before import = 0Number of asset objects unloaded after import = 3

========================================================================
Received Import Request.
  Time since last request: 0.000010 seconds.
  path: Assets/portals/sprite_31.png
  artifactKey: Guid(552f4adea66ee1e49bbf0ab507d15884) Importer(815301076,1909f56bfc062723c751e8b465ee728b)
Start importing Assets/portals/sprite_31.png using Guid(552f4adea66ee1e49bbf0ab507d15884) Importer(815301076,1909f56bfc062723c751e8b465ee728b) (PreviewImporter) -> (artifact id: '9c830b117c66e295164126555988bf74') in 0.0056153 seconds
Number of updated asset objects reloaded before import = 0Number of asset objects unloaded after import = 3

Editor requested this worker to shutdown with reason: Scaling down because of idle timeout
AssetImportWorker is now disconnected from the server
Process exiting
Exiting without the bug reporter. Application will terminate with return code 0