Using pre-set license
Built from '6000.0/staging' branch; Version is '6000.0.30f1 (62b05ba0686a) revision 6467675'; Using compiler version '193933523'; Build Type 'Release'
OS: 'Windows 11  (10.0.22631) 64bit CoreSingleLanguage' Language: 'ru' Physical Memory: 15713 MB
BatchMode: 1, IsHumanControllingUs: 0, StartBugReporterOnCrash: 0, Is64bit: 1, IsPro: 1

COMMAND LINE ARGUMENTS:
C:\Program Files\Unity\Hub\Editor\6000.0.30f1\Editor\Unity.exe
-adb2
-batchMode
-noUpm
-name
AssetImportWorker11
-projectPath
C:/Users/krasi/OneDrive/Документы/GitHub/popaaa123
-logFile
Logs/AssetImportWorker11.log
-srvPort
51962
-job-worker-count
7
-background-job-worker-count
8
-asset-garbage-collectors
1
Successfully changed project path to: C:/Users/krasi/OneDrive/Документы/GitHub/popaaa123
C:/Users/krasi/OneDrive/Документы/GitHub/popaaa123
[UnityMemory] Configuration Parameters - Can be set up in boot.config
    "memorysetup-bucket-allocator-granularity=16"
    "memorysetup-bucket-allocator-bucket-count=8"
    "memorysetup-bucket-allocator-block-size=33554432"
    "memorysetup-bucket-allocator-block-count=8"
    "memorysetup-main-allocator-block-size=16777216"
    "memorysetup-thread-allocator-block-size=16777216"
    "memorysetup-gfx-main-allocator-block-size=16777216"
    "memorysetup-gfx-thread-allocator-block-size=16777216"
    "memorysetup-cache-allocator-block-size=4194304"
    "memorysetup-typetree-allocator-block-size=2097152"
    "memorysetup-profiler-bucket-allocator-granularity=16"
    "memorysetup-profiler-bucket-allocator-bucket-count=8"
    "memorysetup-profiler-bucket-allocator-block-size=33554432"
    "memorysetup-profiler-bucket-allocator-block-count=8"
    "memorysetup-profiler-allocator-block-size=16777216"
    "memorysetup-profiler-editor-allocator-block-size=1048576"
    "memorysetup-temp-allocator-size-main=16777216"
    "memorysetup-job-temp-allocator-block-size=2097152"
    "memorysetup-job-temp-allocator-block-size-background=1048576"
    "memorysetup-job-temp-allocator-reduction-small-platforms=262144"
    "memorysetup-allocator-temp-initial-block-size-main=262144"
    "memorysetup-allocator-temp-initial-block-size-worker=262144"
    "memorysetup-temp-allocator-size-background-worker=32768"
    "memorysetup-temp-allocator-size-job-worker=262144"
    "memorysetup-temp-allocator-size-preload-manager=33554432"
    "memorysetup-temp-allocator-size-nav-mesh-worker=65536"
    "memorysetup-temp-allocator-size-audio-worker=65536"
    "memorysetup-temp-allocator-size-cloud-worker=32768"
    "memorysetup-temp-allocator-size-gi-baking-worker=262144"
    "memorysetup-temp-allocator-size-gi-baking-worker=262144"
    "memorysetup-temp-allocator-size-gi-baking-worker=262144"
    "memorysetup-temp-allocator-size-gi-baking-worker=262144"
    "memorysetup-temp-allocator-size-gi-baking-worker=262144"
    "memorysetup-temp-allocator-size-gfx=262144"
Player connection [28740]  Target information:

Player connection [28740]  * "[IP] 10.0.85.2 [Port] 0 [Flags] 2 [Guid] 2525160981 [EditorId] 2525160981 [Version] 1048832 [Id] WindowsEditor(7,novutbuk) [Debug] 1 [PackageName] WindowsEditor [ProjectName] Editor" 

Player connection [28740]  * "[IP] 172.16.58.8 [Port] 0 [Flags] 2 [Guid] 2525160981 [EditorId] 2525160981 [Version] 1048832 [Id] WindowsEditor(7,novutbuk) [Debug] 1 [PackageName] WindowsEditor [ProjectName] Editor" 

Player connection [28740] Host joined multi-casting on [225.0.0.222:54997]...
Player connection [28740] Host joined alternative multi-casting on [225.0.0.222:34997]...
JobSystem: Creating JobQueue using job-worker-count value 7
[Physics::Module] Initialized fallback backend.
[Physics::Module] Id: 0xdecafbad
Library Redirect Path: Library/
[Physics::Module] Selected backend.
[Physics::Module] Name: PhysX
[Physics::Module] Id: 0xf2b8ea05
[Physics::Module] SDK Version: 4.1.2
[Physics::Module] Integration Version: 1.0.0
[Physics::Module] Threading Mode: Multi-Threaded
Refreshing native plugins compatible for Editor in 5.31 ms, found 4 plugins.
Preloading 0 native plugins for Editor in 0.00 ms.
Initialize engine version: 6000.0.30f1 (62b05ba0686a)
[Subsystems] Discovering subsystems at path C:/Program Files/Unity/Hub/Editor/6000.0.30f1/Editor/Data/Resources/UnitySubsystems
[Subsystems] Discovering subsystems at path C:/Users/krasi/OneDrive/Документы/GitHub/popaaa123/Assets
GfxDevice: creating device client; kGfxThreadingModeNonThreaded
Direct3D:
    Version:  Direct3D 11.0 [level 11.1]
    Renderer: Microsoft Basic Render Driver (ID=0x8c)
    Vendor:   Microsoft
    VRAM:     7856 MB
Shader Hidden/ProbeVolume/VoxelizeScene is not supported: GPU does not support conservative rasterization
Initialize mono
Mono path[0] = 'C:/Program Files/Unity/Hub/Editor/6000.0.30f1/Editor/Data/Managed'
Mono path[1] = 'C:/Program Files/Unity/Hub/Editor/6000.0.30f1/Editor/Data/MonoBleedingEdge/lib/mono/unityjit-win32'
Mono config path = 'C:/Program Files/Unity/Hub/Editor/6000.0.30f1/Editor/Data/MonoBleedingEdge/etc'
Using monoOptions --debugger-agent=transport=dt_socket,embedding=1,server=y,suspend=n,address=127.0.0.1:56708
Begin MonoManager ReloadAssembly
Registering precompiled unity dll's ...
Register platform support module: C:/Program Files/Unity/Hub/Editor/6000.0.30f1/Editor/Data/PlaybackEngines/WebGLSupport/UnityEditor.WebGL.Extensions.dll
Register platform support module: C:/Program Files/Unity/Hub/Editor/6000.0.30f1/Editor/Data/PlaybackEngines/WindowsStandaloneSupport/UnityEditor.WindowsStandalone.Extensions.dll
Registered in 0.009125 seconds.
- Loaded All Assemblies, in  1.465 seconds
Native extension for WindowsStandalone target not found
Native extension for WebGL target not found
Mono: successfully reloaded assembly
- Finished resetting the current domain, in  0.962 seconds
Domain Reload Profiling: 2422ms
	BeginReloadAssembly (563ms)
		ExecutionOrderSort (0ms)
		DisableScriptedObjects (0ms)
		BackupInstance (0ms)
		ReleaseScriptingObjects (0ms)
		CreateAndSetChildDomain (1ms)
	RebuildCommonClasses (98ms)
	RebuildNativeTypeToScriptingClass (36ms)
	initialDomainReloadingComplete (194ms)
	LoadAllAssembliesAndSetupDomain (567ms)
		LoadAssemblies (558ms)
		RebuildTransferFunctionScriptingTraits (0ms)
		AnalyzeDomain (558ms)
			TypeCache.Refresh (554ms)
				TypeCache.ScanAssembly (510ms)
			BuildScriptInfoCaches (0ms)
			ResolveRequiredComponents (2ms)
	FinalizeReload (963ms)
		ReleaseScriptCaches (0ms)
		RebuildScriptCaches (0ms)
		SetupLoadedEditorAssemblies (829ms)
			LogAssemblyErrors (0ms)
			InitializePlatformSupportModulesInManaged (96ms)
			SetLoadedEditorAssemblies (13ms)
			BeforeProcessingInitializeOnLoad (146ms)
			ProcessInitializeOnLoadAttributes (377ms)
			ProcessInitializeOnLoadMethodAttributes (197ms)
			AfterProcessingInitializeOnLoad (0ms)
			EditorAssembliesLoaded (0ms)
		ExecutionOrderSort2 (0ms)
		AwakeInstancesAfterBackupRestoration (0ms)
========================================================================
Worker process is ready to serve import requests
Import Worker Mode flag is 0x00
Begin MonoManager ReloadAssembly
- Loaded All Assemblies, in  1.848 seconds
Refreshing native plugins compatible for Editor in 5.59 ms, found 4 plugins.
Native extension for WindowsStandalone target not found
Native extension for WebGL target not found
Mono: successfully reloaded assembly
- Finished resetting the current domain, in  1.296 seconds
Domain Reload Profiling: 3129ms
	BeginReloadAssembly (440ms)
		ExecutionOrderSort (0ms)
		DisableScriptedObjects (17ms)
		BackupInstance (0ms)
		ReleaseScriptingObjects (0ms)
		CreateAndSetChildDomain (84ms)
	RebuildCommonClasses (84ms)
	RebuildNativeTypeToScriptingClass (18ms)
	initialDomainReloadingComplete (83ms)
	LoadAllAssembliesAndSetupDomain (1208ms)
		LoadAssemblies (928ms)
		RebuildTransferFunctionScriptingTraits (0ms)
		AnalyzeDomain (540ms)
			TypeCache.Refresh (352ms)
				TypeCache.ScanAssembly (326ms)
			BuildScriptInfoCaches (159ms)
			ResolveRequiredComponents (24ms)
	FinalizeReload (1296ms)
		ReleaseScriptCaches (0ms)
		RebuildScriptCaches (0ms)
		SetupLoadedEditorAssemblies (1058ms)
			LogAssemblyErrors (0ms)
			InitializePlatformSupportModulesInManaged (5ms)
			SetLoadedEditorAssemblies (11ms)
			BeforeProcessingInitializeOnLoad (213ms)
			ProcessInitializeOnLoadAttributes (650ms)
			ProcessInitializeOnLoadMethodAttributes (169ms)
			AfterProcessingInitializeOnLoad (9ms)
			EditorAssembliesLoaded (0ms)
		ExecutionOrderSort2 (0ms)
		AwakeInstancesAfterBackupRestoration (10ms)
Shader Hidden/ProbeVolume/VoxelizeScene is not supported: GPU does not support conservative rasterization
Launched and connected shader compiler UnityShaderCompiler.exe after 0.02 seconds
Refreshing native plugins compatible for Editor in 2.68 ms, found 4 plugins.
Preloading 0 native plugins for Editor in 0.00 ms.
Unloading 266 Unused Serialized files (Serialized files now loaded: 0)
Unloading 6707 unused Assets / (6.4 MB). Loaded Objects now: 7432.
Memory consumption went from 194.2 MB to 187.7 MB.
Total: 14.185800 ms (FindLiveObjects: 1.294100 ms CreateObjectMapping: 1.049400 ms MarkObjects: 7.890400 ms  DeleteObjects: 3.948900 ms)

========================================================================
Received Import Request.
  Time since last request: 3080.380813 seconds.
  path: Assets/Pics/phone.png
  artifactKey: Guid(8ff952c21b25e1d4b8665e2453cafd0c) Importer(815301076,1909f56bfc062723c751e8b465ee728b)
Start importing Assets/Pics/phone.png using Guid(8ff952c21b25e1d4b8665e2453cafd0c) Importer(815301076,1909f56bfc062723c751e8b465ee728b) (PreviewImporter) -> (artifact id: '0801745182e38519a5ac03132444bf7e') in 0.1803879 seconds
Number of updated asset objects reloaded before import = 0Number of asset objects unloaded after import = 3

========================================================================
Received Import Request.
  Time since last request: 61.909370 seconds.
  path: Assets/URPGlitch/Samples/SampleScenes/3DSampleScene/Materials/Green.mat
  artifactKey: Guid(9307a87c1562e5647a1c808eeef9918e) Importer(815301076,1909f56bfc062723c751e8b465ee728b)
Start importing Assets/URPGlitch/Samples/SampleScenes/3DSampleScene/Materials/Green.mat using Guid(9307a87c1562e5647a1c808eeef9918e) Importer(815301076,1909f56bfc062723c751e8b465ee728b) (PreviewImporter) -> (artifact id: '1e4691deab89ca6fc8ff593367d29f4c') in 0.7800781 seconds
Number of updated asset objects reloaded before import = 0Number of asset objects unloaded after import = 2

========================================================================
Received Import Request.
  Time since last request: 0.000081 seconds.
  path: Assets/TextMesh Pro/Resources/Fonts & Materials/LiberationSans SDF - Outline.mat
  artifactKey: Guid(79459efec17a4d00a321bdcc27bbc385) Importer(815301076,1909f56bfc062723c751e8b465ee728b)
Start importing Assets/TextMesh Pro/Resources/Fonts & Materials/LiberationSans SDF - Outline.mat using Guid(79459efec17a4d00a321bdcc27bbc385) Importer(815301076,1909f56bfc062723c751e8b465ee728b) (PreviewImporter) -> (artifact id: '7d67d213a758e6a39a2cde4f871db1e2') in 0.0578949 seconds
Number of updated asset objects reloaded before import = 0Number of asset objects unloaded after import = 2

========================================================================
Received Import Request.
  Time since last request: 0.000041 seconds.
  path: Assets/TextMesh Pro/Resources/Fonts & Materials/LiberationSans SDF - Drop Shadow.mat
  artifactKey: Guid(e73a58f6e2794ae7b1b7e50b7fb811b0) Importer(815301076,1909f56bfc062723c751e8b465ee728b)
Start importing Assets/TextMesh Pro/Resources/Fonts & Materials/LiberationSans SDF - Drop Shadow.mat using Guid(e73a58f6e2794ae7b1b7e50b7fb811b0) Importer(815301076,1909f56bfc062723c751e8b465ee728b) (PreviewImporter) -> (artifact id: '4d8a24ee0a16725c34054839a8937c25') in 0.0571487 seconds
Number of updated asset objects reloaded before import = 0Number of asset objects unloaded after import = 2

========================================================================
Received Import Request.
  Time since last request: 0.000035 seconds.
  path: Assets/TextMesh Pro/Examples & Extras/Resources/Fonts & Materials/LiberationSans SDF - Soft Mask.mat
  artifactKey: Guid(42df1c7856584b6b8db9a509b6b10074) Importer(815301076,1909f56bfc062723c751e8b465ee728b)
Start importing Assets/TextMesh Pro/Examples & Extras/Resources/Fonts & Materials/LiberationSans SDF - Soft Mask.mat using Guid(42df1c7856584b6b8db9a509b6b10074) Importer(815301076,1909f56bfc062723c751e8b465ee728b) (PreviewImporter) -> (artifact id: '6c32d412d5618dcb776a8c4a2a7fbe32') in 0.0661649 seconds
Number of updated asset objects reloaded before import = 0Number of asset objects unloaded after import = 3

========================================================================
Received Import Request.
  Time since last request: 0.000051 seconds.
  path: Assets/URPGlitch/Samples/SampleScenes/3DSampleScene/Materials/Red.mat
  artifactKey: Guid(e8ba3979fb16b7a439ac3311176553fa) Importer(815301076,1909f56bfc062723c751e8b465ee728b)
Start importing Assets/URPGlitch/Samples/SampleScenes/3DSampleScene/Materials/Red.mat using Guid(e8ba3979fb16b7a439ac3311176553fa) Importer(815301076,1909f56bfc062723c751e8b465ee728b) (PreviewImporter) -> (artifact id: 'e17e04309f55ee08c369acc359148562') in 0.0243795 seconds
Number of updated asset objects reloaded before import = 0Number of asset objects unloaded after import = 2

========================================================================
Received Import Request.
  Time since last request: 0.000045 seconds.
  path: Assets/TextMesh Pro/Resources/Fonts & Materials/LiberationSans SDF - Fallback.asset
  artifactKey: Guid(2e498d1c8094910479dc3e1b768306a4) Importer(815301076,1909f56bfc062723c751e8b465ee728b)
Start importing Assets/TextMesh Pro/Resources/Fonts & Materials/LiberationSans SDF - Fallback.asset using Guid(2e498d1c8094910479dc3e1b768306a4) Importer(815301076,1909f56bfc062723c751e8b465ee728b) (PreviewImporter) -> (artifact id: '0156536485076eb2951ca9cd995cee5e') in 0.0479751 seconds
Number of updated asset objects reloaded before import = 0Number of asset objects unloaded after import = 6

========================================================================
Received Import Request.
  Time since last request: 0.000044 seconds.
  path: Assets/TextMesh Pro/Examples & Extras/Resources/Fonts & Materials/Roboto-Bold SDF - Drop Shadow.mat
  artifactKey: Guid(b246c4190f4e46ec9352fe15a7b09ce0) Importer(815301076,1909f56bfc062723c751e8b465ee728b)
Start importing Assets/TextMesh Pro/Examples & Extras/Resources/Fonts & Materials/Roboto-Bold SDF - Drop Shadow.mat using Guid(b246c4190f4e46ec9352fe15a7b09ce0) Importer(815301076,1909f56bfc062723c751e8b465ee728b) (PreviewImporter) -> (artifact id: '07c0d7d121f7cfda1fed24e9f516ca77') in 0.014897 seconds
Number of updated asset objects reloaded before import = 0Number of asset objects unloaded after import = 2

========================================================================
Received Import Request.
  Time since last request: 0.602710 seconds.
  path: Assets/TextMesh Pro/Examples & Extras/Resources/Fonts & Materials/Roboto-Bold SDF - Surface.mat
  artifactKey: Guid(e6b276ec991f467aa14ef1f3cc665993) Importer(815301076,1909f56bfc062723c751e8b465ee728b)
Start importing Assets/TextMesh Pro/Examples & Extras/Resources/Fonts & Materials/Roboto-Bold SDF - Surface.mat using Guid(e6b276ec991f467aa14ef1f3cc665993) Importer(815301076,1909f56bfc062723c751e8b465ee728b) (PreviewImporter) -> (artifact id: '78629702d239affd2c349a9ac77dde48') in 0.0174644 seconds
Number of updated asset objects reloaded before import = 0Number of asset objects unloaded after import = 2

========================================================================
Received Import Request.
  Time since last request: 0.000041 seconds.
  path: Assets/Pics/Materials/ShanDspElectronicsChipsDemo_02.mat
  artifactKey: Guid(4f0afa3de75e4b34e9f19999778810b8) Importer(815301076,1909f56bfc062723c751e8b465ee728b)
Start importing Assets/Pics/Materials/ShanDspElectronicsChipsDemo_02.mat using Guid(4f0afa3de75e4b34e9f19999778810b8) Importer(815301076,1909f56bfc062723c751e8b465ee728b) (PreviewImporter) -> (artifact id: '1f2271c740b871c6f822834acdfdd02d') in 0.0185231 seconds
Number of updated asset objects reloaded before import = 0Number of asset objects unloaded after import = 2

========================================================================
Received Import Request.
  Time since last request: 0.000051 seconds.
  path: Assets/TextMesh Pro/Shaders/TMP_SDF-HDRP UNLIT.shadergraph
  artifactKey: Guid(f63d574838ccfb44f84acc05fed0af48) Importer(815301076,1909f56bfc062723c751e8b465ee728b)
Start importing Assets/TextMesh Pro/Shaders/TMP_SDF-HDRP UNLIT.shadergraph using Guid(f63d574838ccfb44f84acc05fed0af48) Importer(815301076,1909f56bfc062723c751e8b465ee728b) (PreviewImporter) -> (artifact id: '593594fe17728d055015e10ed34c5c5e') in 0.0134114 seconds
Number of updated asset objects reloaded before import = 0Number of asset objects unloaded after import = 2

========================================================================
Received Import Request.
  Time since last request: 0.142782 seconds.
  path: Assets/TextMesh Pro/Shaders/TMP_SDF-URP Unlit.shadergraph
  artifactKey: Guid(124c112a6e8f1a54e8b0870e881b56d8) Importer(815301076,1909f56bfc062723c751e8b465ee728b)
Start importing Assets/TextMesh Pro/Shaders/TMP_SDF-URP Unlit.shadergraph using Guid(124c112a6e8f1a54e8b0870e881b56d8) Importer(815301076,1909f56bfc062723c751e8b465ee728b) (PreviewImporter) -> (artifact id: '34d0228a037744c19e711452ff89a77e') in 0.7810064 seconds
Number of updated asset objects reloaded before import = 0Number of asset objects unloaded after import = 3

========================================================================
Received Prepare
Begin MonoManager ReloadAssembly
- Loaded All Assemblies, in  1.352 seconds
Refreshing native plugins compatible for Editor in 3.22 ms, found 4 plugins.
Native extension for WindowsStandalone target not found
Native extension for WebGL target not found
Mono: successfully reloaded assembly
- Finished resetting the current domain, in  1.356 seconds
Domain Reload Profiling: 2705ms
	BeginReloadAssembly (421ms)
		ExecutionOrderSort (0ms)
		DisableScriptedObjects (47ms)
		BackupInstance (0ms)
		ReleaseScriptingObjects (0ms)
		CreateAndSetChildDomain (113ms)
	RebuildCommonClasses (57ms)
	RebuildNativeTypeToScriptingClass (18ms)
	initialDomainReloadingComplete (43ms)
	LoadAllAssembliesAndSetupDomain (808ms)
		LoadAssemblies (602ms)
		RebuildTransferFunctionScriptingTraits (0ms)
		AnalyzeDomain (385ms)
			TypeCache.Refresh (9ms)
				TypeCache.ScanAssembly (0ms)
			BuildScriptInfoCaches (348ms)
			ResolveRequiredComponents (22ms)
	FinalizeReload (1357ms)
		ReleaseScriptCaches (0ms)
		RebuildScriptCaches (0ms)
		SetupLoadedEditorAssemblies (1015ms)
			LogAssemblyErrors (0ms)
			InitializePlatformSupportModulesInManaged (6ms)
			SetLoadedEditorAssemblies (7ms)
			BeforeProcessingInitializeOnLoad (230ms)
			ProcessInitializeOnLoadAttributes (668ms)
			ProcessInitializeOnLoadMethodAttributes (97ms)
			AfterProcessingInitializeOnLoad (7ms)
			EditorAssembliesLoaded (0ms)
		ExecutionOrderSort2 (0ms)
		AwakeInstancesAfterBackupRestoration (20ms)
Shader Hidden/ProbeVolume/VoxelizeScene is not supported: GPU does not support conservative rasterization
Refreshing native plugins compatible for Editor in 3.11 ms, found 4 plugins.
Preloading 0 native plugins for Editor in 0.00 ms.
Unloading 26 Unused Serialized files (Serialized files now loaded: 0)
Unloading 6705 unused Assets / (6.2 MB). Loaded Objects now: 7513.
Memory consumption went from 162.2 MB to 156.0 MB.
Total: 9.010500 ms (FindLiveObjects: 0.744700 ms CreateObjectMapping: 0.598600 ms MarkObjects: 4.945600 ms  DeleteObjects: 2.719700 ms)

Prepare: number of updated asset objects reloaded= 0
========================================================================
Received Import Request.
  Time since last request: 132.027612 seconds.
  path: Assets/Pics/ShanDspElectronicsChipsDemo_10.png
  artifactKey: Guid(d6321a809cdc0b0419508814570c6000) Importer(815301076,1909f56bfc062723c751e8b465ee728b)
Start importing Assets/Pics/ShanDspElectronicsChipsDemo_10.png using Guid(d6321a809cdc0b0419508814570c6000) Importer(815301076,1909f56bfc062723c751e8b465ee728b) (PreviewImporter) -> (artifact id: '319da495f96a7c32a2525dccf821c3f8') in 0.187173 seconds
Number of updated asset objects reloaded before import = 0Number of asset objects unloaded after import = 3

========================================================================
Received Import Request.
  Time since last request: 0.000040 seconds.
  path: Assets/Pics/ShanDspElectronicsChipsDemo_13.png
  artifactKey: Guid(b05fd7d374aa7184a9c5752b69f29911) Importer(815301076,1909f56bfc062723c751e8b465ee728b)
Start importing Assets/Pics/ShanDspElectronicsChipsDemo_13.png using Guid(b05fd7d374aa7184a9c5752b69f29911) Importer(815301076,1909f56bfc062723c751e8b465ee728b) (PreviewImporter) -> (artifact id: '60e0ff591bf119af5123d42f9d11cac4') in 0.026318 seconds
Number of updated asset objects reloaded before import = 0Number of asset objects unloaded after import = 3

========================================================================
Received Import Request.
  Time since last request: 0.000038 seconds.
  path: Assets/Pics/ShanDspElectronicsChipsDemo_12.png
  artifactKey: Guid(7b964faa262019549a317d9e09481a08) Importer(815301076,1909f56bfc062723c751e8b465ee728b)
Start importing Assets/Pics/ShanDspElectronicsChipsDemo_12.png using Guid(7b964faa262019549a317d9e09481a08) Importer(815301076,1909f56bfc062723c751e8b465ee728b) (PreviewImporter) -> (artifact id: '366d3b618e73b9db3957e3c47ab067a1') in 0.0194577 seconds
Number of updated asset objects reloaded before import = 0Number of asset objects unloaded after import = 3

========================================================================
Received Import Request.
  Time since last request: 0.000022 seconds.
  path: Assets/Pics/ShanDspElectronicsChipsDemo_11.png
  artifactKey: Guid(c15e8b4ed1f68394db847919b704fc30) Importer(815301076,1909f56bfc062723c751e8b465ee728b)
Start importing Assets/Pics/ShanDspElectronicsChipsDemo_11.png using Guid(c15e8b4ed1f68394db847919b704fc30) Importer(815301076,1909f56bfc062723c751e8b465ee728b) (PreviewImporter) -> (artifact id: '35c52ae4cad25a8eeedc4026b1225818') in 0.0198092 seconds
Number of updated asset objects reloaded before import = 0Number of asset objects unloaded after import = 3

========================================================================
Received Import Request.
  Time since last request: 0.000026 seconds.
  path: Assets/Pics/ShanDspElectronicsChipsDemo_13_0.asset
  artifactKey: Guid(2ec8ddff7d6581342bb0ea5ec418929f) Importer(815301076,1909f56bfc062723c751e8b465ee728b)
Start importing Assets/Pics/ShanDspElectronicsChipsDemo_13_0.asset using Guid(2ec8ddff7d6581342bb0ea5ec418929f) Importer(815301076,1909f56bfc062723c751e8b465ee728b) (PreviewImporter) -> (artifact id: '9b0abbbb4001e071c07299507357ee3d') in 0.0301458 seconds
Number of updated asset objects reloaded before import = 0Number of asset objects unloaded after import = 3

========================================================================
Received Import Request.
  Time since last request: 0.127991 seconds.
  path: Assets/Pics/Group 1.png
  artifactKey: Guid(25659ec85ad5cc343bc3c54d5d98d9b2) Importer(815301076,1909f56bfc062723c751e8b465ee728b)
Start importing Assets/Pics/Group 1.png using Guid(25659ec85ad5cc343bc3c54d5d98d9b2) Importer(815301076,1909f56bfc062723c751e8b465ee728b) (PreviewImporter) -> (artifact id: '2f253cd68c08f9fbe065cd6ab79e1075') in 0.0243271 seconds
Number of updated asset objects reloaded before import = 0Number of asset objects unloaded after import = 3

========================================================================
Received Import Request.
  Time since last request: 0.000023 seconds.
  path: Assets/Pics/Group 7.png
  artifactKey: Guid(1713236ee9806f74b9b4282394110e71) Importer(815301076,1909f56bfc062723c751e8b465ee728b)
Start importing Assets/Pics/Group 7.png using Guid(1713236ee9806f74b9b4282394110e71) Importer(815301076,1909f56bfc062723c751e8b465ee728b) (PreviewImporter) -> (artifact id: 'f94d11f74fd65430c72136fd5bfe3d41') in 0.023311 seconds
Number of updated asset objects reloaded before import = 0Number of asset objects unloaded after import = 3

========================================================================
Received Import Request.
  Time since last request: 0.000034 seconds.
  path: Assets/Pics/Group 4 (1).png
  artifactKey: Guid(ae68cc10e261f7949a02d1f8c09b6b86) Importer(815301076,1909f56bfc062723c751e8b465ee728b)
Start importing Assets/Pics/Group 4 (1).png using Guid(ae68cc10e261f7949a02d1f8c09b6b86) Importer(815301076,1909f56bfc062723c751e8b465ee728b) (PreviewImporter) -> (artifact id: 'dd907f58fbf9893f875257ec0d2a4ad3') in 0.0207878 seconds
Number of updated asset objects reloaded before import = 0Number of asset objects unloaded after import = 3

========================================================================
Received Import Request.
  Time since last request: 0.000043 seconds.
  path: Assets/Pics/Group 4.png
  artifactKey: Guid(e6829bcb681ba164a8706aad0d0d8502) Importer(815301076,1909f56bfc062723c751e8b465ee728b)
Start importing Assets/Pics/Group 4.png using Guid(e6829bcb681ba164a8706aad0d0d8502) Importer(815301076,1909f56bfc062723c751e8b465ee728b) (PreviewImporter) -> (artifact id: '3c4aebfca068461d98160430acf708aa') in 0.0227297 seconds
Number of updated asset objects reloaded before import = 0Number of asset objects unloaded after import = 3

========================================================================
Received Import Request.
  Time since last request: 0.000030 seconds.
  path: Assets/Pics/Group 3.png
  artifactKey: Guid(70a2fbd34f0f01a48867e156474aa88b) Importer(815301076,1909f56bfc062723c751e8b465ee728b)
Start importing Assets/Pics/Group 3.png using Guid(70a2fbd34f0f01a48867e156474aa88b) Importer(815301076,1909f56bfc062723c751e8b465ee728b) (PreviewImporter) -> (artifact id: 'b9c1b1d442d8171d778430819b8c9b1c') in 0.0240798 seconds
Number of updated asset objects reloaded before import = 0Number of asset objects unloaded after import = 3

========================================================================
Received Import Request.
  Time since last request: 41.515443 seconds.
  path: Assets/Pics/capesnpn.dll_14_209-0.png
  artifactKey: Guid(362017e871071dc4f945dde8b26db917) Importer(815301076,1909f56bfc062723c751e8b465ee728b)
Start importing Assets/Pics/capesnpn.dll_14_209-0.png using Guid(362017e871071dc4f945dde8b26db917) Importer(815301076,1909f56bfc062723c751e8b465ee728b) (PreviewImporter) -> (artifact id: '6abaa7a0d8ed8e651f9f9ee98486855d') in 0.0233085 seconds
Number of updated asset objects reloaded before import = 0Number of asset objects unloaded after import = 3

========================================================================
Received Import Request.
  Time since last request: 0.000029 seconds.
  path: Assets/Pics/CosmicLilac_Tiles_04.png
  artifactKey: Guid(cbb659b9e40f116469653e2cf731b78a) Importer(815301076,1909f56bfc062723c751e8b465ee728b)
Start importing Assets/Pics/CosmicLilac_Tiles_04.png using Guid(cbb659b9e40f116469653e2cf731b78a) Importer(815301076,1909f56bfc062723c751e8b465ee728b) (PreviewImporter) -> (artifact id: '20ab8a6ddd521a69d4614e8ca2a52f92') in 0.0267781 seconds
Number of updated asset objects reloaded before import = 0Number of asset objects unloaded after import = 3

========================================================================
Received Import Request.
  Time since last request: 0.000023 seconds.
  path: Assets/Pics/CosmicLilac_Tiles_03.png
  artifactKey: Guid(46cac532a80125a4d999c17f7583c0a6) Importer(815301076,1909f56bfc062723c751e8b465ee728b)
Start importing Assets/Pics/CosmicLilac_Tiles_03.png using Guid(46cac532a80125a4d999c17f7583c0a6) Importer(815301076,1909f56bfc062723c751e8b465ee728b) (PreviewImporter) -> (artifact id: 'fc4dfcdac8459260f39d87f317e48826') in 0.0228708 seconds
Number of updated asset objects reloaded before import = 0Number of asset objects unloaded after import = 3

========================================================================
Received Import Request.
  Time since last request: 0.149931 seconds.
  path: Assets/Pics/!$Fan_B_0_05_0.asset
  artifactKey: Guid(ad6566f2e041be34087cba3cf1c01900) Importer(815301076,1909f56bfc062723c751e8b465ee728b)
Start importing Assets/Pics/!$Fan_B_0_05_0.asset using Guid(ad6566f2e041be34087cba3cf1c01900) Importer(815301076,1909f56bfc062723c751e8b465ee728b) (PreviewImporter) -> (artifact id: '701db0a4e8244ae94b1f9a813bbf136c') in 0.0416757 seconds
Number of updated asset objects reloaded before import = 0Number of asset objects unloaded after import = 3

========================================================================
Received Import Request.
  Time since last request: 0.000024 seconds.
  path: Assets/Pics/!$Fan_B_0_10.png
  artifactKey: Guid(e3cd190eda400da4b9f2362af9d13d25) Importer(815301076,1909f56bfc062723c751e8b465ee728b)
Start importing Assets/Pics/!$Fan_B_0_10.png using Guid(e3cd190eda400da4b9f2362af9d13d25) Importer(815301076,1909f56bfc062723c751e8b465ee728b) (PreviewImporter) -> (artifact id: '9992d72ce531dba02fc6db5a5fef1733') in 0.0337244 seconds
Number of updated asset objects reloaded before import = 0Number of asset objects unloaded after import = 3

========================================================================
Received Import Request.
  Time since last request: 0.000031 seconds.
  path: Assets/Pics/!$Fan_B_0_11_0.asset
  artifactKey: Guid(5a1b9e87a75639344b64858434be2b75) Importer(815301076,1909f56bfc062723c751e8b465ee728b)
Start importing Assets/Pics/!$Fan_B_0_11_0.asset using Guid(5a1b9e87a75639344b64858434be2b75) Importer(815301076,1909f56bfc062723c751e8b465ee728b) (PreviewImporter) -> (artifact id: '391dbb2b7d917a9b6308b2683d634c42') in 0.0188035 seconds
Number of updated asset objects reloaded before import = 0Number of asset objects unloaded after import = 3

========================================================================
Received Import Request.
  Time since last request: 0.000017 seconds.
  path: Assets/Pics/BoardYellowA5.png
  artifactKey: Guid(c1aa079dcbb41cb4bb3cbf36d4c7b084) Importer(815301076,1909f56bfc062723c751e8b465ee728b)
Start importing Assets/Pics/BoardYellowA5.png using Guid(c1aa079dcbb41cb4bb3cbf36d4c7b084) Importer(815301076,1909f56bfc062723c751e8b465ee728b) (PreviewImporter) -> (artifact id: 'd1820577e3790425a07529775d4a2080') in 0.0223679 seconds
Number of updated asset objects reloaded before import = 0Number of asset objects unloaded after import = 3

========================================================================
Received Import Request.
  Time since last request: 0.185584 seconds.
  path: Assets/Pics/!$Fan_B_0_01_0.asset
  artifactKey: Guid(050e37d3e644cda4fb97abbfd9b4ca56) Importer(815301076,1909f56bfc062723c751e8b465ee728b)
Start importing Assets/Pics/!$Fan_B_0_01_0.asset using Guid(050e37d3e644cda4fb97abbfd9b4ca56) Importer(815301076,1909f56bfc062723c751e8b465ee728b) (PreviewImporter) -> (artifact id: '7e1093a36644393af236f69563ec9758') in 0.0317076 seconds
Number of updated asset objects reloaded before import = 0Number of asset objects unloaded after import = 3

========================================================================
Received Import Request.
  Time since last request: 0.000032 seconds.
  path: Assets/Pics/!$Fan_B_0_04.png
  artifactKey: Guid(aee3e8e7fe07bf548b5588088979f42f) Importer(815301076,1909f56bfc062723c751e8b465ee728b)
Start importing Assets/Pics/!$Fan_B_0_04.png using Guid(aee3e8e7fe07bf548b5588088979f42f) Importer(815301076,1909f56bfc062723c751e8b465ee728b) (PreviewImporter) -> (artifact id: '41600822ebaefa50a894d53c16dc94cd') in 0.028824 seconds
Number of updated asset objects reloaded before import = 0Number of asset objects unloaded after import = 3

========================================================================
Received Import Request.
  Time since last request: 0.771058 seconds.
  path: Assets/Pics/ShanDspElectronicsChipsDemo_15_0.asset
  artifactKey: Guid(698e6797c6146a949bb0064cf11e3138) Importer(815301076,1909f56bfc062723c751e8b465ee728b)
Start importing Assets/Pics/ShanDspElectronicsChipsDemo_15_0.asset using Guid(698e6797c6146a949bb0064cf11e3138) Importer(815301076,1909f56bfc062723c751e8b465ee728b) (PreviewImporter) -> (artifact id: '8a73f84ca4d86df56ed4964dbe186cea') in 0.0197056 seconds
Number of updated asset objects reloaded before import = 0Number of asset objects unloaded after import = 3

========================================================================
Received Import Request.
  Time since last request: 0.000021 seconds.
  path: Assets/Pics/ShanDspElectronicsCondensatorYellowDemo_09_0.asset
  artifactKey: Guid(1b9703dea08e1bf448b217f4640aa3b4) Importer(815301076,1909f56bfc062723c751e8b465ee728b)
Start importing Assets/Pics/ShanDspElectronicsCondensatorYellowDemo_09_0.asset using Guid(1b9703dea08e1bf448b217f4640aa3b4) Importer(815301076,1909f56bfc062723c751e8b465ee728b) (PreviewImporter) -> (artifact id: '137e6ba50f5f7fef758855f6467726b6') in 0.0189916 seconds
Number of updated asset objects reloaded before import = 0Number of asset objects unloaded after import = 3

========================================================================
Received Import Request.
  Time since last request: 0.000037 seconds.
  path: Assets/Pics/ShanDspElectronicsCondensatorYellowDemo_05_0.asset
  artifactKey: Guid(79913ae7879a6df4fbf7df308537e23b) Importer(815301076,1909f56bfc062723c751e8b465ee728b)
Start importing Assets/Pics/ShanDspElectronicsCondensatorYellowDemo_05_0.asset using Guid(79913ae7879a6df4fbf7df308537e23b) Importer(815301076,1909f56bfc062723c751e8b465ee728b) (PreviewImporter) -> (artifact id: '23044279067f59f29e1a315ec69ec211') in 0.025036 seconds
Number of updated asset objects reloaded before import = 0Number of asset objects unloaded after import = 3

========================================================================
Received Import Request.
  Time since last request: 0.000018 seconds.
  path: Assets/Pics/ShanDspElectronicsChipsDemo_21_0.asset
  artifactKey: Guid(bf97ff3d380d9ca4086374d5f367ce47) Importer(815301076,1909f56bfc062723c751e8b465ee728b)
Start importing Assets/Pics/ShanDspElectronicsChipsDemo_21_0.asset using Guid(bf97ff3d380d9ca4086374d5f367ce47) Importer(815301076,1909f56bfc062723c751e8b465ee728b) (PreviewImporter) -> (artifact id: '79a2f06f71cc78162ad4fa8f77aab73c') in 0.0170706 seconds
Number of updated asset objects reloaded before import = 0Number of asset objects unloaded after import = 3

========================================================================
Received Import Request.
  Time since last request: 0.000023 seconds.
  path: Assets/Pics/ShanDspElectronicsChipsDemo_17_0.asset
  artifactKey: Guid(2873041e227c7bc4685db92fc6b46237) Importer(815301076,1909f56bfc062723c751e8b465ee728b)
Start importing Assets/Pics/ShanDspElectronicsChipsDemo_17_0.asset using Guid(2873041e227c7bc4685db92fc6b46237) Importer(815301076,1909f56bfc062723c751e8b465ee728b) (PreviewImporter) -> (artifact id: '948434df159b5c61bc73dcfaa58b8e81') in 0.019242 seconds
Number of updated asset objects reloaded before import = 0Number of asset objects unloaded after import = 3

========================================================================
Received Import Request.
  Time since last request: 0.000027 seconds.
  path: Assets/Pics/ShanDspElectronicsChipsDemo_18 1.png
  artifactKey: Guid(272bede7d34a8a846b527aa1b7b4b31f) Importer(815301076,1909f56bfc062723c751e8b465ee728b)
Start importing Assets/Pics/ShanDspElectronicsChipsDemo_18 1.png using Guid(272bede7d34a8a846b527aa1b7b4b31f) Importer(815301076,1909f56bfc062723c751e8b465ee728b) (PreviewImporter) -> (artifact id: '328ac1e1fadc96d757841351dbfebcf7') in 0.022146 seconds
Number of updated asset objects reloaded before import = 0Number of asset objects unloaded after import = 3

========================================================================
Received Import Request.
  Time since last request: 28.302059 seconds.
  path: Assets/Pics/ShanDspElectronicsCondensatorYellowDemo_11.png
  artifactKey: Guid(b367498df77b7ba47a2248b44eaf51a0) Importer(815301076,1909f56bfc062723c751e8b465ee728b)
Start importing Assets/Pics/ShanDspElectronicsCondensatorYellowDemo_11.png using Guid(b367498df77b7ba47a2248b44eaf51a0) Importer(815301076,1909f56bfc062723c751e8b465ee728b) (PreviewImporter) -> (artifact id: '1e22400de85cce162309f6fc97d628c2') in 0.031069 seconds
Number of updated asset objects reloaded before import = 0Number of asset objects unloaded after import = 3

========================================================================
Received Import Request.
  Time since last request: 0.000029 seconds.
  path: Assets/Pics/ShanDspElectronicsCondensatorYellowDemo_16_0.asset
  artifactKey: Guid(fba36ed2a1a600b48baf42c231ec8a26) Importer(815301076,1909f56bfc062723c751e8b465ee728b)
Start importing Assets/Pics/ShanDspElectronicsCondensatorYellowDemo_16_0.asset using Guid(fba36ed2a1a600b48baf42c231ec8a26) Importer(815301076,1909f56bfc062723c751e8b465ee728b) (PreviewImporter) -> (artifact id: 'e3339751adfa2b6b8b67babc3ec7be3e') in 0.00386 seconds
Number of updated asset objects reloaded before import = 0Number of asset objects unloaded after import = 1

========================================================================
Received Import Request.
  Time since last request: 13.836953 seconds.
  path: Assets/board/green/1.png
  artifactKey: Guid(125e7806151a7c5499484f703da3244c) Importer(815301076,1909f56bfc062723c751e8b465ee728b)
Start importing Assets/board/green/1.png using Guid(125e7806151a7c5499484f703da3244c) Importer(815301076,1909f56bfc062723c751e8b465ee728b) (PreviewImporter) -> (artifact id: 'b3212ecce3f5b93c69bb0ebd722a393c') in 0.0396119 seconds
Number of updated asset objects reloaded before import = 0Number of asset objects unloaded after import = 7

========================================================================
Received Import Request.
  Time since last request: 42.036377 seconds.
  path: Assets/Pics/ShanDspElectronicsCondensatorYellowDemo_19_0.asset
  artifactKey: Guid(a2eef7b1d1e41d84c9065383ef46f544) Importer(815301076,1909f56bfc062723c751e8b465ee728b)
Start importing Assets/Pics/ShanDspElectronicsCondensatorYellowDemo_19_0.asset using Guid(a2eef7b1d1e41d84c9065383ef46f544) Importer(815301076,1909f56bfc062723c751e8b465ee728b) (PreviewImporter) -> (artifact id: 'a41551a5f9c9c1397a4293d63af4aa4b') in 0.0840244 seconds
Number of updated asset objects reloaded before import = 0Number of asset objects unloaded after import = 3

========================================================================
Received Import Request.
  Time since last request: 0.000023 seconds.
  path: Assets/Pics/ShanDspElectronicsCondensatorYellowDemo_31.png
  artifactKey: Guid(b422385bedbc50f499dd9d3cde9802a1) Importer(815301076,1909f56bfc062723c751e8b465ee728b)
Start importing Assets/Pics/ShanDspElectronicsCondensatorYellowDemo_31.png using Guid(b422385bedbc50f499dd9d3cde9802a1) Importer(815301076,1909f56bfc062723c751e8b465ee728b) (PreviewImporter) -> (artifact id: '90526d97a120f07cec80832909c0dd9c') in 0.0268692 seconds
Number of updated asset objects reloaded before import = 0Number of asset objects unloaded after import = 3

========================================================================
Received Import Request.
  Time since last request: 0.000033 seconds.
  path: Assets/Pics/xpsp2res.dll_14_6108_1025-4.png
  artifactKey: Guid(1829f1972bbd7a94c96313aa2bfde629) Importer(815301076,1909f56bfc062723c751e8b465ee728b)
Start importing Assets/Pics/xpsp2res.dll_14_6108_1025-4.png using Guid(1829f1972bbd7a94c96313aa2bfde629) Importer(815301076,1909f56bfc062723c751e8b465ee728b) (PreviewImporter) -> (artifact id: '1b3e1cf746d20e1db81e9a7219b1b8b1') in 0.0229584 seconds
Number of updated asset objects reloaded before import = 0Number of asset objects unloaded after import = 3

========================================================================
Received Import Request.
  Time since last request: 0.000026 seconds.
  path: Assets/Pics/ShanDspElectronicsCondensatorYellowDemo_29.png
  artifactKey: Guid(55c6960d77ca2c84ea1edbb249a4f94f) Importer(815301076,1909f56bfc062723c751e8b465ee728b)
Start importing Assets/Pics/ShanDspElectronicsCondensatorYellowDemo_29.png using Guid(55c6960d77ca2c84ea1edbb249a4f94f) Importer(815301076,1909f56bfc062723c751e8b465ee728b) (PreviewImporter) -> (artifact id: '279053b22f8ce419634577e1be307fb3') in 0.0232856 seconds
Number of updated asset objects reloaded before import = 0Number of asset objects unloaded after import = 3

========================================================================
Received Import Request.
  Time since last request: 0.000024 seconds.
  path: Assets/Pics/ShanDspElectronicsCondensatorYellowDemo_25_0.asset
  artifactKey: Guid(d12909f78bca31c4d9ec3690d90ef0ca) Importer(815301076,1909f56bfc062723c751e8b465ee728b)
Start importing Assets/Pics/ShanDspElectronicsCondensatorYellowDemo_25_0.asset using Guid(d12909f78bca31c4d9ec3690d90ef0ca) Importer(815301076,1909f56bfc062723c751e8b465ee728b) (PreviewImporter) -> (artifact id: '1e864acb45dca79507655f9c1ab917ad') in 0.021311 seconds
Number of updated asset objects reloaded before import = 0Number of asset objects unloaded after import = 3

Editor requested this worker to shutdown with reason: Scaling down because of idle timeout
AssetImportWorker is now disconnected from the server
Process exiting
Exiting without the bug reporter. Application will terminate with return code 0